{"meta": {"version": "7.2.5", "timestamp": "2025-12-14T09:08:36.418503", "branch_coverage": false, "show_contexts": false}, "files": {"app/__init__.py": {"executed_lines": [1], "summary": {"covered_lines": 0, "num_statements": 0, "percent_covered": 100.0, "percent_covered_display": "100", "missing_lines": 0, "excluded_lines": 0}, "missing_lines": [], "excluded_lines": []}, "app/config.py": {"executed_lines": [1, 2, 3, 4, 7, 8, 20, 25, 30, 35, 40, 46, 51, 56, 62, 67, 72, 78, 83, 89, 95, 100, 105, 111, 116, 121, 126, 131, 136, 142, 158, 159, 160, 164], "summary": {"covered_lines": 33, "num_statements": 33, "percent_covered": 100.0, "percent_covered_display": "100", "missing_lines": 0, "excluded_lines": 0}, "missing_lines": [], "excluded_lines": []}, "app/main.py": {"executed_lines": [1, 2, 3, 4, 5, 6, 7, 8, 9, 10, 11, 12, 13, 14, 15, 16, 17, 18, 19, 20, 21, 22, 23, 24, 26, 28, 35, 36, 37, 38, 39, 45, 51, 60, 61, 62, 63, 64, 65, 66, 68, 69, 70, 71, 72, 73, 74, 75, 76, 77, 78, 79, 82, 84], "summary": {"covered_lines": 54, "num_statements": 56, "percent_covered": 96.42857142857143, "percent_covered_display": "96", "missing_lines": 2, "excluded_lines": 0}, "missing_lines": [85, 86], "excluded_lines": []}, "app/models/__init__.py": {"executed_lines": [2, 3, 4, 5, 6], "summary": {"covered_lines": 5, "num_statements": 5, "percent_covered": 100.0, "percent_covered_display": "100", "missing_lines": 0, "excluded_lines": 0}, "missing_lines": [], "excluded_lines": []}, "app/models/exercise_suggestion.py": {"executed_lines": [1, 7, 8, 9, 12, 13, 14, 15, 16, 17, 19, 20, 23, 24, 25, 26, 27, 28, 29, 30, 32, 33, 34, 35, 36, 38, 39, 40, 41, 42, 43, 46, 47, 48, 49, 50, 51, 52, 54, 55, 59, 60], "summary": {"covered_lines": 38, "num_statements": 38, "percent_covered": 100.0, "percent_covered_display": "100", "missing_lines": 0, "excluded_lines": 0}, "missing_lines": [], "excluded_lines": []}, "app/models/food_vision.py": {"executed_lines": [1, 7, 8, 9, 12, 13, 14, 15, 16, 17, 18, 19, 22, 23, 24, 25, 26, 27, 28, 31, 32, 33, 34, 35, 36, 37, 38, 41, 42, 43, 44, 45, 46, 47, 50, 51, 52, 53, 54, 55, 56, 57, 58, 59, 60, 61, 64, 65, 66, 69, 70, 71, 72, 73, 74, 75, 76, 79, 80, 81, 82, 83, 86, 87, 88, 89, 90, 93, 94, 95, 96, 97, 98, 101, 102, 103, 104, 105, 106, 107], "summary": {"covered_lines": 68, "num_statements": 68, "percent_covered": 100.0, "percent_covered_display": "100", "missing_lines": 0, "excluded_lines": 0}, "missing_lines": [], "excluded_lines": []}, "app/models/intelligent_flow.py": {"executed_lines": [1, 8, 10, 11, 12, 13, 15, 17, 18, 19, 22, 23, 24, 25, 26, 29, 30, 31, 32, 33, 36, 37, 38, 39, 40, 41, 44, 45, 46, 47, 48, 49, 52, 53, 60, 61, 62, 63, 64, 65, 66, 67, 68, 69, 70, 71, 72, 73, 78, 80, 81, 82, 83, 85, 86, 87, 88, 89, 90, 93, 94, 96, 100, 101, 102, 103, 104, 105, 106, 107, 108, 109, 112, 113, 115, 116, 117, 118, 119, 123, 128, 129, 131, 133, 134, 137, 140, 141, 143, 144, 145, 148, 151, 152], "summary": {"covered_lines": 85, "num_statements": 86, "percent_covered": 98.83720930232558, "percent_covered_display": "99", "missing_lines": 1, "excluded_lines": 2}, "missing_lines": [132], "excluded_lines": [135, 136]}, "app/models/meal_plan.py": {"executed_lines": [1, 2, 3, 4, 5, 8, 9, 10, 13, 14, 17, 18, 19, 20, 21, 22, 25, 26, 27, 28, 31, 32, 33, 34, 35, 36, 37, 39, 40, 42, 43, 44, 45, 46, 47, 48, 49, 60, 63, 64, 65, 66, 69, 70, 71, 72, 73, 76, 77, 78, 79, 80, 81, 84, 85, 86, 87, 88, 89, 92, 93, 94, 95, 96, 99, 100, 101, 102, 103, 104, 105, 108, 109, 110, 113, 115, 116, 117, 120, 121, 124, 125, 126, 127, 130, 131, 132, 135, 136, 139, 140, 141, 142, 143, 144, 145, 146, 147, 150, 151, 152, 155, 156, 157, 158, 159, 161, 163, 166, 167, 168, 169, 170, 173, 174, 175, 176, 179, 180, 182, 183, 184, 187, 188, 191, 192, 195, 204, 211, 212, 213, 214, 217, 218, 219, 220, 221, 222], "summary": {"covered_lines": 137, "num_statements": 146, "percent_covered": 93.83561643835617, "percent_covered_display": "94", "missing_lines": 9, "excluded_lines": 0}, "missing_lines": [50, 51, 52, 53, 54, 56, 57, 58, 59], "excluded_lines": []}, "app/models/product.py": {"executed_lines": [1, 2, 3, 6, 7, 9, 10, 11, 16, 19, 20, 21, 22, 23, 24, 25, 28, 29, 30, 31, 32, 33, 34, 35, 36, 39, 40, 41, 44, 45, 46, 47, 48, 49, 50, 51, 53, 59, 63, 64, 65, 66, 67, 68, 69], "summary": {"covered_lines": 45, "num_statements": 51, "percent_covered": 88.23529411764706, "percent_covered_display": "88", "missing_lines": 6, "excluded_lines": 0}, "missing_lines": [12, 54, 55, 56, 57, 60], "excluded_lines": []}, "app/models/recipe.py": {"executed_lines": [1, 2, 3, 4, 7, 8, 9, 10, 13, 14, 15, 16, 17, 18, 19, 20, 21, 22, 23, 24, 25, 26, 27, 28, 29, 30, 31, 32, 33, 34, 35, 36, 37, 40, 41, 42, 43, 44, 45, 46, 47, 50, 51, 52, 57, 58, 59, 62, 63, 64, 65, 68, 69, 70, 71, 74, 75, 76, 79, 80, 83, 86, 87, 89, 90, 91, 93, 95, 96, 97, 101, 102, 104, 107, 108, 109, 110, 111, 112, 115, 116, 117, 118, 119, 120, 123, 124, 125, 126, 127, 128, 133, 134, 135, 136, 137, 138, 139, 140, 141, 142, 143, 144, 147, 148, 149, 150, 151, 152, 153, 156, 157, 158, 159, 160, 161, 162, 163, 164, 165, 168, 169, 170, 171, 172, 173, 174, 175, 176, 177, 179, 180, 181, 183, 184, 185, 186, 189, 191, 192, 195, 196, 197, 198, 199, 200, 201, 204, 205, 206, 207, 208, 209, 210, 211, 214, 215, 216, 217, 218, 219, 220, 221, 222, 223, 226, 227, 228, 229, 230, 231, 236, 237, 238, 239, 240, 241, 242, 243, 244, 245, 248, 249, 252, 254, 259, 260, 261, 262, 263, 264, 266, 267, 275, 276, 277, 278, 279, 282, 283, 284, 285, 286, 289, 290, 291, 292, 295, 296, 297, 298, 299, 302, 303, 304, 305, 306, 309, 310, 311, 314, 315, 316, 317, 320, 321, 324, 325, 326, 329, 330, 331, 332, 333, 334, 337, 338, 339, 340, 341, 342, 343, 344, 345, 346, 349, 350, 351, 352, 353, 354, 355, 358, 359, 360, 361, 362, 363, 364, 365, 366, 367, 368, 369, 370, 371, 376, 377, 378, 379, 380, 381, 384, 385, 386, 387, 388, 393, 394, 395, 396, 399, 400, 401, 402, 403, 404, 405, 408, 409, 410, 411, 414, 415, 416, 417, 418, 419, 420, 421, 424, 425, 426, 427, 428, 429, 430], "summary": {"covered_lines": 278, "num_statements": 282, "percent_covered": 98.58156028368795, "percent_covered_display": "99", "missing_lines": 4, "excluded_lines": 0}, "missing_lines": [92, 103, 269, 270], "excluded_lines": []}, "app/models/recommendation.py": {"executed_lines": [1, 2, 3, 4, 6, 7, 8, 9, 10, 11, 12, 13, 15, 16, 17, 18, 19, 20, 21, 22, 23, 24, 26, 27, 28, 29, 30, 31, 32, 34, 35, 36, 37, 38, 39, 42, 43, 44, 45, 46, 47, 50, 51, 52, 53, 56, 57, 59, 60, 61, 62, 63, 64, 67, 68, 70, 71, 72, 73, 74, 75, 76, 77, 80, 81, 82, 83, 86, 87, 90, 91, 92, 94, 95, 96, 98, 99, 100, 101, 102, 105, 108, 109, 110, 113, 114, 117, 118, 119, 121, 122, 123, 124, 125, 128, 129, 130, 133, 134, 137, 139, 140, 141, 143, 144, 145, 148, 151, 152, 155, 156, 157, 158, 159], "summary": {"covered_lines": 105, "num_statements": 105, "percent_covered": 100.0, "percent_covered_display": "100", "missing_lines": 0, "excluded_lines": 0}, "missing_lines": [], "excluded_lines": []}, "app/models/reminder.py": {"executed_lines": [1, 2, 3, 4, 6, 7, 10, 12, 15, 16, 17, 19, 21, 22, 23, 24, 25, 26, 27, 28, 30, 32, 35, 36, 37, 38, 40, 41, 42, 43, 44, 45, 46, 48, 51, 52, 53, 54, 55, 56, 57, 58, 60, 61, 62, 63, 64, 66, 67, 69, 70, 71, 74, 75, 76, 77, 78, 79, 80, 81, 82, 83, 86, 87, 88, 89, 90, 91, 92, 93, 95, 96, 97, 98, 99, 100, 102, 104, 105, 106, 108, 111, 112, 113, 114, 117, 118, 119], "summary": {"covered_lines": 82, "num_statements": 88, "percent_covered": 93.18181818181819, "percent_covered_display": "93", "missing_lines": 6, "excluded_lines": 0}, "missing_lines": [13, 18, 29, 47, 101, 107], "excluded_lines": []}, "app/models/shopping.py": {"executed_lines": [1, 6, 7, 8, 9, 14, 15, 16, 17, 18, 19, 22, 23, 24, 25, 26, 27, 30, 31, 32, 33, 34, 37, 38, 39, 40, 41, 42, 47, 48, 49, 50, 51, 52, 53, 54, 55, 56, 59, 60, 61, 62, 63, 64, 65, 66, 69, 70, 71, 72, 73, 74, 77, 78, 79, 80, 81, 84, 85, 86, 89, 90, 91, 92, 93, 96, 97, 98, 100, 102, 103, 105, 107, 110, 111, 112, 113, 114, 117, 118, 119, 120, 123, 124, 125, 126, 129, 130, 131, 134, 135, 137, 139, 140, 155, 156, 157, 158, 159, 162, 163, 164, 167, 168, 171, 172, 173, 175, 178, 179, 180, 183, 184, 185, 188, 189, 190, 191, 194, 195, 196, 199, 200, 201, 203, 204, 207, 208, 209, 210, 211, 212, 215, 216, 217, 220, 221, 222, 223, 226, 227, 228, 231, 232, 234, 235, 236, 238, 239, 246, 247, 248, 249, 250, 253, 254, 255, 256, 259, 260, 261, 262, 265, 266, 267, 268, 270, 275, 276, 277, 278, 279, 280, 281, 282, 283, 284, 286, 287, 295, 296, 297, 298, 299, 300, 301, 302, 305, 306, 309, 310, 311, 312, 313, 314, 317, 318, 319, 320, 321, 322, 323, 324, 325, 326, 329, 330, 331, 332, 333, 334, 337, 338, 341, 342, 343, 344, 345, 346, 347, 348, 351, 352, 353, 354, 355, 356, 357, 364, 365, 366, 367, 368, 369, 370, 373, 374, 375, 376, 377, 378, 379, 382, 383, 384, 385, 386, 387, 394, 395, 396, 397, 398, 399, 404, 405, 406, 407, 408, 409, 410, 411, 412, 413, 414, 415, 416, 421, 422, 423, 424, 425, 426, 427, 428, 429, 430, 431, 436, 437, 438, 439, 440, 441, 442, 443, 444], "summary": {"covered_lines": 259, "num_statements": 276, "percent_covered": 93.84057971014492, "percent_covered_display": "94", "missing_lines": 17, "excluded_lines": 0}, "missing_lines": [106, 142, 143, 144, 145, 147, 148, 149, 151, 152, 241, 242, 243, 289, 290, 291, 292], "excluded_lines": []}, "app/models/smart_diet.py": {"executed_lines": [1, 6, 7, 8, 9, 12, 20, 21, 22, 23, 24, 27, 28, 29, 30, 31, 32, 33, 36, 37, 38, 39, 40, 41, 44, 45, 47, 48, 49, 50, 53, 54, 55, 58, 59, 62, 63, 64, 67, 68, 71, 72, 75, 76, 79, 80, 81, 84, 87, 88, 90, 91, 92, 95, 98, 99, 101, 104, 105, 106, 109, 110, 111, 114, 115, 118, 119, 120, 121, 124, 127, 130, 131, 133, 134, 135, 138, 141, 142, 143, 144, 147, 148, 151, 152, 153, 156, 159, 162, 163, 165, 166, 167, 170, 171, 172, 175, 176, 179, 182, 183, 185, 186, 187, 190, 191, 192, 195, 196, 197, 200, 201, 204, 205, 208, 209, 211, 212, 215, 216, 217, 220, 221, 225, 231, 232, 235, 236, 240, 241, 243, 244, 246, 277, 278, 279], "summary": {"covered_lines": 124, "num_statements": 124, "percent_covered": 100.0, "percent_covered_display": "100", "missing_lines": 0, "excluded_lines": 0}, "missing_lines": [], "excluded_lines": []}, "app/models/social/__init__.py": {"executed_lines": [1, 5, 12, 20, 22], "summary": {"covered_lines": 4, "num_statements": 4, "percent_covered": 100.0, "percent_covered_display": "100", "missing_lines": 0, "excluded_lines": 0}, "missing_lines": [], "excluded_lines": []}, "app/models/social/block.py": {"executed_lines": [1, 2, 3, 4, 6, 7, 8, 10, 11, 12, 14, 15, 16, 17, 18, 19, 21, 22, 23, 24, 25, 26, 28, 29, 30], "summary": {"covered_lines": 25, "num_statements": 25, "percent_covered": 100.0, "percent_covered_display": "100", "missing_lines": 0, "excluded_lines": 0}, "missing_lines": [], "excluded_lines": []}, "app/models/social/discover_feed.py": {"executed_lines": [1, 2, 3, 5, 8, 9, 10, 11, 12, 15, 16, 17, 18, 21, 22, 26, 27, 28, 29, 30, 36, 37, 40, 43, 46, 51, 52, 53, 56, 59, 62, 65, 68], "summary": {"covered_lines": 33, "num_statements": 33, "percent_covered": 100.0, "percent_covered_display": "100", "missing_lines": 0, "excluded_lines": 0}, "missing_lines": [], "excluded_lines": []}, "app/models/social/feed.py": {"executed_lines": [1, 7, 8, 9, 12, 13, 14, 15, 16, 17, 18, 19, 22, 23, 24, 25], "summary": {"covered_lines": 13, "num_statements": 13, "percent_covered": 100.0, "percent_covered_display": "100", "missing_lines": 0, "excluded_lines": 0}, "missing_lines": [], "excluded_lines": []}, "app/models/social/follow.py": {"executed_lines": [1, 2, 3, 5, 6, 9, 10, 11, 12, 13, 16, 17, 20, 21, 22, 23, 24, 25, 26, 27, 30, 31, 32, 33, 34, 37, 38, 39], "summary": {"covered_lines": 28, "num_statements": 28, "percent_covered": 100.0, "percent_covered_display": "100", "missing_lines": 0, "excluded_lines": 0}, "missing_lines": [], "excluded_lines": []}, "app/models/social/post.py": {"executed_lines": [3, 4, 5, 6, 9, 10, 13, 14, 15, 16, 17, 18, 21, 22, 23, 25, 26, 27, 29, 32, 33, 34, 37, 38, 39, 40, 41, 42, 43, 44, 45, 46, 49, 50, 53, 54, 55, 56, 57, 58, 59], "summary": {"covered_lines": 41, "num_statements": 42, "percent_covered": 97.61904761904762, "percent_covered_display": "98", "missing_lines": 1, "excluded_lines": 0}, "missing_lines": [28], "excluded_lines": []}, "app/models/social/profile.py": {"executed_lines": [1, 7, 8, 9, 10, 13, 14, 15, 16, 19, 20, 21, 22, 23, 24, 25, 26, 29, 30, 31, 32, 33, 34, 35, 38, 39, 40, 41, 42, 43, 44, 45, 46, 47, 48, 51, 52, 53, 54, 55, 56], "summary": {"covered_lines": 35, "num_statements": 35, "percent_covered": 100.0, "percent_covered_display": "100", "missing_lines": 0, "excluded_lines": 0}, "missing_lines": [], "excluded_lines": []}, "app/models/tracking.py": {"executed_lines": [1, 2, 3, 4, 6, 7, 8, 9, 10, 11, 12, 14, 15, 17, 18, 19, 21, 23, 24, 25, 26, 27, 28, 29, 30, 31, 33, 34, 36, 37, 38, 39, 40, 41, 44, 45, 47, 48, 49, 51, 52, 53, 55, 56, 58, 61, 63, 64, 65, 67, 68, 70, 71, 72, 74, 76, 77, 78, 80, 82, 83, 84, 85, 86, 87, 88, 89, 90, 92, 93, 94, 95, 96, 98, 99, 101, 107, 108, 109, 112, 113, 116, 117, 118, 119, 120, 124, 125, 126, 127, 131, 133, 134, 135, 137, 139, 140, 141, 142, 144, 145, 146, 147, 148, 149, 150, 152, 153, 154, 155, 156, 157, 159, 160, 161, 162, 165, 166, 167, 168, 169, 170, 171, 173, 174, 175, 176], "summary": {"covered_lines": 118, "num_statements": 125, "percent_covered": 94.4, "percent_covered_display": "94", "missing_lines": 7, "excluded_lines": 0}, "missing_lines": [79, 104, 114, 121, 122, 129, 136], "excluded_lines": []}, "app/models/translation.py": {"executed_lines": [1, 5, 6, 9, 10, 12, 13, 14, 16, 17, 18, 20, 22, 23, 24, 26, 29, 30, 32, 35, 36, 38, 39, 40, 42, 43, 44, 48, 50, 53, 56, 58, 59, 60, 62, 65, 66, 68, 69, 70, 72, 73, 74, 78, 80, 83, 86, 88, 89, 90, 92, 95, 96, 98, 99, 100, 101, 102, 103, 104, 107, 108, 110, 111, 112, 113, 114, 115, 116, 119, 120, 122, 123, 126, 127, 129, 130, 131, 132, 133, 137, 138, 140, 141, 142, 145, 146, 148, 149, 150, 153, 154, 156, 157, 158], "summary": {"covered_lines": 83, "num_statements": 93, "percent_covered": 89.24731182795699, "percent_covered_display": "89", "missing_lines": 10, "excluded_lines": 0}, "missing_lines": [19, 25, 45, 51, 54, 61, 75, 81, 84, 91], "excluded_lines": []}, "app/models/user.py": {"executed_lines": [1, 2, 3, 4, 7, 8, 9, 10, 13, 14, 15, 16, 17, 18, 19, 20, 21, 22, 23, 24, 26, 27, 28, 30, 32, 33, 35, 38, 39, 40, 41, 42, 43, 46, 47, 48, 49, 52, 53, 54, 55, 58, 59, 60, 61, 64, 65, 66, 67, 68, 69, 70, 71, 72, 73, 74, 77, 78, 79, 80, 81, 82, 85, 86, 87, 88, 89, 90, 93, 94, 95, 98, 99, 100, 101, 102, 103, 104, 105, 106], "summary": {"covered_lines": 70, "num_statements": 73, "percent_covered": 95.89041095890411, "percent_covered_display": "96", "missing_lines": 3, "excluded_lines": 0}, "missing_lines": [29, 31, 34], "excluded_lines": []}, "app/routes/__init__.py": {"executed_lines": [1], "summary": {"covered_lines": 0, "num_statements": 0, "percent_covered": 100.0, "percent_covered_display": "100", "missing_lines": 0, "excluded_lines": 0}, "missing_lines": [], "excluded_lines": []}, "app/routes/analytics.py": {"executed_lines": [1, 2, 3, 4, 6, 7, 10, 11, 18, 19, 20, 22, 23, 24, 30, 31, 38, 39, 40, 42, 47, 49, 50, 51, 53, 54, 56, 57, 59, 64, 65, 66, 72, 73, 80, 81, 82, 84, 89, 91, 92, 93, 95, 96, 98, 99, 101, 114, 115, 121, 122, 123, 124, 131, 132, 145, 146, 155, 156, 157, 159, 165, 166, 168, 169, 170, 172, 173, 174, 176, 177, 178, 180, 181, 183, 184, 186, 187, 189, 194, 195, 196], "summary": {"covered_lines": 82, "num_statements": 88, "percent_covered": 93.18181818181819, "percent_covered_display": "93", "missing_lines": 6, "excluded_lines": 0}, "missing_lines": [106, 107, 108, 137, 138, 139], "excluded_lines": []}, "app/routes/auth.py": {"executed_lines": [1, 2, 3, 4, 5, 6, 8, 10, 12, 15, 18, 19, 23, 26, 27, 38, 39, 40, 41, 42, 43, 44, 50, 51, 60, 61, 62, 63, 64, 65, 66, 72, 73, 81, 82, 83, 84, 93, 94, 100, 101, 102, 103, 107, 108, 114, 127, 128, 140, 141, 142, 143, 144, 145, 147, 149, 161, 162, 168, 190, 191, 203, 205, 206, 213, 214, 220, 223, 226, 228, 230, 231], "summary": {"covered_lines": 72, "num_statements": 85, "percent_covered": 84.70588235294117, "percent_covered_display": "85", "missing_lines": 13, "excluded_lines": 0}, "missing_lines": [85, 86, 87, 163, 180, 181, 182, 183, 184, 207, 232, 233, 234], "excluded_lines": []}, "app/routes/block.py": {"executed_lines": [1, 6, 7, 9, 10, 12, 13, 14, 15, 20, 21, 23, 25, 27, 30, 31, 43, 44, 46, 47, 49, 50, 51, 56, 57, 64, 66, 67, 68, 69, 70, 71, 74, 75, 88, 92, 93, 95, 96, 101, 103, 104, 105, 106, 109, 110, 123, 127, 128, 130, 131, 136, 139, 140, 141], "summary": {"covered_lines": 54, "num_statements": 58, "percent_covered": 93.10344827586206, "percent_covered_display": "93", "missing_lines": 4, "excluded_lines": 0}, "missing_lines": [62, 89, 124, 138], "excluded_lines": []}, "app/routes/feed.py": {"executed_lines": [1, 9, 10, 11, 12, 13, 14, 15, 16, 20, 21, 25, 26, 28, 29, 32, 33, 47, 48, 49, 50, 51, 52, 55, 56, 80, 86, 87, 105, 106, 108, 109, 111, 112, 118, 119, 120, 128, 131, 132], "summary": {"covered_lines": 39, "num_statements": 54, "percent_covered": 72.22222222222223, "percent_covered_display": "72", "missing_lines": 15, "excluded_lines": 0}, "missing_lines": [71, 72, 73, 74, 75, 76, 139, 140, 142, 143, 153, 163, 164, 165, 174], "excluded_lines": []}, "app/routes/follow.py": {"executed_lines": [1, 8, 9, 10, 11, 12, 13, 14, 16, 19, 20, 21, 23, 24, 26, 29, 30, 40, 41], "summary": {"covered_lines": 18, "num_statements": 22, "percent_covered": 81.81818181818181, "percent_covered_display": "82", "missing_lines": 4, "excluded_lines": 0}, "missing_lines": [36, 37, 47, 48], "excluded_lines": []}, "app/routes/food_vision.py": {"executed_lines": [1, 8, 9, 10, 11, 12, 14, 15, 16, 17, 18, 20, 21, 23, 26, 34, 35, 54, 57, 58, 61, 62, 63, 66, 67, 68, 71, 72, 75, 76, 78, 79, 85, 86, 88, 90, 93, 95, 103, 104, 105, 106, 107, 108, 111, 113, 115, 116, 117, 122, 123, 139, 140, 141, 143, 145, 153, 155, 157, 158, 159, 164, 165, 184, 185, 186, 189, 190, 191, 192, 193, 196, 197, 201, 208, 209, 210, 211, 212, 221, 222, 225, 226, 232, 234, 236, 237, 238, 243, 244, 250], "summary": {"covered_lines": 90, "num_statements": 108, "percent_covered": 83.33333333333333, "percent_covered_display": "83", "missing_lines": 18, "excluded_lines": 0}, "missing_lines": [30, 31, 32, 55, 80, 81, 82, 87, 89, 91, 198, 213, 214, 215, 216, 217, 218, 220], "excluded_lines": []}, "app/routes/gamification.py": {"executed_lines": [3, 4, 5, 6, 8, 9, 10, 11, 12, 14, 17, 18, 19, 20, 21, 22, 25, 26, 29, 30, 33, 34, 37, 38, 45, 46, 48, 50, 51, 52, 57, 58, 67, 69, 70, 71, 76, 77, 90, 91, 96, 97, 99, 101, 102, 103, 108, 109, 119, 120, 122, 124, 125, 126, 136, 137, 142, 143, 148, 149, 160, 161, 166, 167], "summary": {"covered_lines": 64, "num_statements": 85, "percent_covered": 75.29411764705883, "percent_covered_display": "75", "missing_lines": 21, "excluded_lines": 0}, "missing_lines": [53, 54, 72, 73, 81, 83, 84, 85, 86, 87, 104, 105, 131, 132, 139, 145, 151, 153, 154, 163, 169], "excluded_lines": []}, "app/routes/intelligent_flow.py": {"executed_lines": [1, 9, 10, 12, 13, 15, 21, 22, 23, 27, 28, 30, 33, 34, 36, 37, 38, 39, 43, 49, 50, 52, 53, 54, 55, 56, 57, 60, 71, 87, 89, 98, 99, 100, 101, 110, 111, 126, 133, 138, 140, 141, 144, 147], "summary": {"covered_lines": 41, "num_statements": 47, "percent_covered": 87.23404255319149, "percent_covered_display": "87", "missing_lines": 6, "excluded_lines": 2}, "missing_lines": [112, 113, 117, 118, 142, 145], "excluded_lines": [119, 120]}, "app/routes/moderation.py": {"executed_lines": [3, 4, 5, 6, 8, 9, 10, 11, 13, 16, 17, 18, 19, 20, 22, 23, 24, 26, 28, 29, 30, 31, 32, 35, 36, 37, 38, 39, 40, 41, 44, 45, 46, 48, 49, 50, 51, 52, 55, 56, 57, 58, 59, 62, 63, 67, 68, 77, 79, 80, 88, 90, 91, 96, 97, 106, 108, 109, 110, 117, 118, 129, 131, 132, 133, 139, 140, 151, 153, 154, 161, 162, 164, 170, 171, 176, 177, 186, 188, 189, 190], "summary": {"covered_lines": 81, "num_statements": 92, "percent_covered": 88.04347826086956, "percent_covered_display": "88", "missing_lines": 11, "excluded_lines": 0}, "missing_lines": [25, 92, 93, 112, 113, 135, 136, 172, 173, 192, 193], "excluded_lines": []}, "app/routes/notifications.py": {"executed_lines": [3, 4, 5, 6, 8, 9, 10, 11, 13, 16, 17, 18, 19, 20, 21, 22, 23, 26, 27, 28, 31, 32, 33, 36, 37, 47, 49, 50, 53, 55, 63, 64, 71, 73, 74, 76, 77, 79, 83, 84, 89, 90, 94, 96, 97, 99, 108, 109, 115, 117, 118, 119, 124, 125, 135, 140, 141, 142], "summary": {"covered_lines": 58, "num_statements": 68, "percent_covered": 85.29411764705883, "percent_covered_display": "85", "missing_lines": 10, "excluded_lines": 0}, "missing_lines": [59, 60, 85, 86, 104, 105, 120, 121, 146, 147], "excluded_lines": []}, "app/routes/plan.py": {"executed_lines": [1, 2, 3, 7, 8, 9, 10, 11, 12, 13, 15, 16, 19, 27, 52, 54, 57, 63, 69, 76, 79, 80, 83, 86, 89, 90, 93, 94, 97, 102, 103, 105, 106, 109, 111, 113, 119, 120, 121, 127, 128, 139, 141, 142, 161, 170, 201, 203, 204, 210, 213, 214, 215, 220, 227, 228, 230, 237, 240, 241, 242, 243, 249, 250, 252, 255, 261, 262, 271, 278, 292, 294, 295, 296, 301, 302, 305, 312, 326, 328, 329, 330, 335, 336, 339, 348, 369, 371, 374, 375, 376, 377, 383, 384, 385, 393, 394, 401, 402, 403, 404, 411, 412, 413, 422, 425, 426, 427, 428, 429, 430, 431, 432, 437, 449, 450, 451, 460, 463, 466, 467, 468, 469, 478, 483, 484, 485, 508, 509, 510, 511, 512], "summary": {"covered_lines": 132, "num_statements": 149, "percent_covered": 88.59060402684564, "percent_covered_display": "89", "missing_lines": 17, "excluded_lines": 0}, "missing_lines": [58, 64, 70, 112, 114, 115, 263, 264, 265, 395, 434, 494, 495, 496, 497, 498, 500], "excluded_lines": []}, "app/routes/posts.py": {"executed_lines": [3, 4, 5, 7, 8, 9, 10, 11, 12, 13, 15, 18, 19, 22, 23, 24, 27, 28, 29, 32, 33, 36, 37, 48, 50, 51, 52, 53, 54, 57, 58, 63, 65, 66, 68, 69, 72, 73, 80, 82, 83, 85, 103, 104, 107, 108, 114, 116, 117, 118, 119, 120, 123, 124, 130, 132, 133, 134, 135, 136, 139, 140, 147, 149, 150, 151, 152, 153], "summary": {"covered_lines": 68, "num_statements": 69, "percent_covered": 98.55072463768116, "percent_covered_display": "99", "missing_lines": 1, "excluded_lines": 0}, "missing_lines": [67], "excluded_lines": []}, "app/routes/product.py": {"executed_lines": [1, 2, 3, 4, 5, 6, 7, 8, 9, 11, 12, 16, 17, 18, 19, 20, 23, 24, 27, 28, 30, 31, 33, 34, 35, 36, 37, 38, 40, 41, 42, 43, 46, 47, 48, 49, 51, 52, 56, 57, 58, 59, 60, 62, 63, 64, 65, 66, 67, 68, 69, 71, 74, 75, 76, 78, 79, 100, 102, 105, 108, 109, 112, 113, 114, 115, 116, 119, 120, 123, 124, 127, 128, 132, 137, 138, 139, 142, 143, 146, 147, 149, 150, 154, 155, 156, 157, 160, 162, 163, 170, 177, 180, 182, 183, 184, 187, 189, 190, 191, 194, 195, 196, 200, 203, 205, 206, 208, 211, 213, 214, 219, 220, 221, 223, 231, 232, 235, 236, 237, 238, 243, 247, 248, 249, 252, 257, 258, 259, 266, 269, 270, 271, 273, 274, 276, 278, 281, 291, 292, 293, 294, 295, 296, 297, 298, 302, 311, 315, 316, 317, 318, 319, 321, 322, 327, 328, 333, 334, 338, 340, 341, 342, 344, 346, 347, 348, 349, 350, 354, 355, 358, 359, 360, 361, 362, 366, 367, 371, 372, 373, 377, 378, 395, 396, 397, 401, 407, 408, 411, 422, 423, 427, 431, 432, 433, 434, 435, 436, 437, 441, 442, 448, 457, 465, 467, 468, 474, 475, 481, 482, 487, 490, 491, 493, 494, 496, 498, 499, 500, 503, 504, 506, 509, 511, 512, 513, 518, 524, 525, 526, 527, 529, 530, 531, 534, 535, 541, 544, 545, 554, 566, 575, 576, 577, 584, 591, 592, 593, 594, 595, 597, 598, 601, 609, 618, 619, 621, 628, 629, 634, 637, 638, 640, 641, 643, 645, 646, 647, 649, 650, 653, 654, 655, 656, 657, 658, 659, 660, 662, 663, 664, 665, 666, 668, 669, 670, 671, 673, 674, 675, 676, 678, 690, 691, 692, 693, 695, 696, 697, 700, 701, 707, 709, 710, 719, 729, 753, 754, 755], "summary": {"covered_lines": 306, "num_statements": 382, "percent_covered": 80.10471204188482, "percent_covered_display": "80", "missing_lines": 76, "excluded_lines": 6}, "missing_lines": [25, 32, 45, 53, 54, 77, 81, 82, 83, 84, 85, 87, 88, 89, 90, 91, 92, 93, 94, 95, 97, 107, 133, 134, 135, 148, 151, 197, 198, 199, 217, 224, 225, 226, 227, 228, 239, 240, 244, 253, 254, 272, 275, 277, 282, 283, 284, 285, 286, 287, 288, 299, 382, 384, 385, 389, 390, 578, 579, 583, 596, 622, 679, 680, 684, 738, 739, 740, 741, 742, 746, 747, 756, 757, 758, 759], "excluded_lines": [129, 130, 215, 216, 231, 232]}, "app/routes/profile.py": {"executed_lines": [1, 7, 8, 9, 11, 12, 13, 14, 15, 16, 17, 19, 25, 26, 38, 39, 48, 50, 51, 55, 56, 73, 74, 97, 98, 110, 112, 113, 116, 117, 129, 131, 132], "summary": {"covered_lines": 32, "num_statements": 47, "percent_covered": 68.08510638297872, "percent_covered_display": "68", "missing_lines": 15, "excluded_lines": 0}, "missing_lines": [32, 34, 35, 52, 65, 67, 69, 70, 85, 87, 88, 89, 90, 92, 94], "excluded_lines": []}, "app/routes/recipe_ai.py": {"executed_lines": [1, 2, 3, 4, 5, 6, 8, 17, 20, 21, 22, 23, 24, 25, 26, 28, 29, 30, 31, 34, 37, 45, 46, 47, 48, 51, 55, 56, 61, 63, 84, 93, 94, 105, 106, 111, 112, 123, 124, 126, 127, 130, 133, 138, 141, 146, 149, 152, 162, 219, 224, 226, 228, 229, 230, 233, 242, 243, 258, 259, 269, 270, 273, 279, 282, 333, 334, 348, 349, 357, 359, 364, 378, 379, 383, 384, 392, 393, 394, 399, 401, 405, 418, 419, 433, 435, 438, 447, 448, 450, 463, 464, 472, 474, 475, 479, 488, 502, 503, 510, 512, 514, 528, 529, 536, 538, 541, 549, 563, 564, 571, 574, 580, 589, 590, 597, 599, 600, 603, 605, 612, 613, 619, 620, 627, 629, 632, 634, 647, 648, 656, 657, 658, 661, 663, 664, 670, 673, 675, 677, 680, 681, 682, 688, 689, 690, 691, 692, 693, 694, 695, 701, 702, 703, 704, 711, 719, 722, 732, 733, 739, 740, 747, 749, 753, 755, 757, 758, 789, 790, 797, 799, 803, 805, 807, 808, 809, 814, 817, 836, 837, 845, 846, 847, 849, 851, 853, 855, 858, 860, 865, 868, 869, 870, 871, 874, 875, 878, 880, 883, 885, 888, 891, 894, 897, 950, 951, 995, 996, 1040, 1041, 1127, 1128, 1185, 1186, 1207, 1208, 1215, 1216, 1218, 1219, 1221, 1271, 1272], "summary": {"covered_lines": 224, "num_statements": 360, "percent_covered": 62.22222222222222, "percent_covered_display": "62", "missing_lines": 136, "excluded_lines": 0}, "missing_lines": [95, 220, 336, 337, 338, 371, 372, 373, 395, 396, 402, 403, 407, 408, 409, 458, 459, 460, 476, 495, 496, 497, 498, 499, 521, 522, 523, 558, 559, 560, 582, 583, 584, 614, 615, 616, 640, 641, 642, 734, 735, 736, 750, 761, 782, 783, 784, 785, 786, 800, 827, 829, 830, 831, 832, 833, 941, 942, 943, 944, 945, 965, 966, 967, 972, 975, 982, 983, 985, 986, 987, 988, 989, 990, 991, 992, 1010, 1011, 1012, 1017, 1020, 1025, 1026, 1028, 1029, 1031, 1032, 1033, 1034, 1035, 1051, 1052, 1055, 1056, 1057, 1060, 1063, 1066, 1117, 1118, 1120, 1121, 1122, 1123, 1124, 1138, 1139, 1142, 1143, 1144, 1145, 1146, 1149, 1152, 1153, 1154, 1155, 1156, 1157, 1158, 1159, 1162, 1163, 1164, 1166, 1175, 1176, 1178, 1179, 1180, 1181, 1182, 1192, 1273, 1274, 1275], "excluded_lines": []}, "app/routes/recommendations.py": {"executed_lines": [1, 2, 3, 4, 8, 9, 10, 12, 13, 15, 24, 62, 64, 65, 66, 67, 70, 71, 74, 80, 87, 88, 90, 92, 94, 97, 101, 104, 105, 106, 107, 108, 110, 114, 116, 119, 121, 123, 129, 130, 131, 136, 144, 172, 174, 175, 176, 182, 188, 195, 197, 198, 204, 205, 206, 208, 211, 213, 214, 222, 229, 254, 256, 257, 262, 266, 268, 272, 274, 275, 276, 277, 278, 283, 291, 310, 312, 316, 317, 322, 325, 327, 328, 333, 337, 339, 340, 341, 342, 343], "summary": {"covered_lines": 90, "num_statements": 106, "percent_covered": 84.90566037735849, "percent_covered_display": "85", "missing_lines": 16, "excluded_lines": 0}, "missing_lines": [75, 81, 89, 91, 93, 95, 115, 117, 122, 124, 125, 183, 189, 215, 216, 217], "excluded_lines": []}, "app/routes/reminder.py": {"executed_lines": [1, 2, 3, 4, 5, 7, 12, 13, 14, 15, 16, 18, 19, 21, 24, 25, 28, 29, 32, 33, 35, 36, 41, 42, 45, 46, 49, 50, 51, 52, 53, 55, 57, 69, 70, 71, 72, 74, 75, 76, 77, 78, 80, 82, 85, 88, 89, 90, 92, 93, 95, 96, 97, 101, 102, 106, 107, 109, 110, 111, 112, 113, 114, 117, 162, 163, 164, 165, 168, 169, 170, 171, 172, 173, 176, 179, 180, 181, 182, 183, 184, 185, 190, 191, 192, 193, 194, 195, 196, 197, 198, 199, 200, 217, 218, 230, 231, 232, 233, 237, 238, 242, 243, 245, 246, 252, 258, 259, 261, 273, 274, 276, 277, 281, 283, 285, 286, 294, 295, 299, 300, 301, 303, 305, 318, 320, 322, 337, 338, 346, 347, 348, 350, 351, 353, 354, 359, 361, 367, 368, 374, 375, 376, 377, 378, 379, 380, 381, 382, 383, 389, 390, 392, 393, 394, 396, 397, 398, 402, 404, 405, 406, 407, 409, 410, 418, 419, 426, 427, 428, 430, 431, 433, 434, 439, 441, 442, 443, 444, 448, 450, 452, 453, 461, 462], "summary": {"covered_lines": 185, "num_statements": 291, "percent_covered": 63.57388316151203, "percent_covered_display": "64", "missing_lines": 106, "excluded_lines": 0}, "missing_lines": [34, 37, 38, 47, 81, 83, 98, 99, 104, 118, 130, 131, 132, 133, 134, 136, 137, 138, 139, 140, 142, 144, 145, 147, 149, 150, 152, 154, 155, 156, 157, 159, 174, 175, 186, 187, 188, 202, 203, 205, 206, 207, 208, 209, 211, 212, 213, 214, 234, 235, 253, 278, 279, 287, 288, 289, 306, 307, 308, 309, 313, 327, 329, 330, 331, 332, 362, 369, 384, 385, 386, 387, 395, 399, 400, 411, 412, 413, 445, 446, 454, 455, 456, 469, 470, 471, 473, 474, 476, 477, 478, 479, 480, 481, 483, 484, 485, 486, 488, 489, 494, 496, 497, 498, 499, 500], "excluded_lines": []}, "app/routes/smart_diet.py": {"executed_lines": [1, 6, 7, 8, 10, 14, 15, 16, 19, 25, 26, 29, 31, 32, 33, 37, 40, 49, 96, 98, 104, 105, 106, 107, 113, 114, 119, 120, 126, 127, 133, 134, 140, 153, 154, 156, 158, 160, 163, 166, 173, 175, 176, 177, 178, 179, 185, 194, 222, 224, 229, 230, 236, 237, 242, 249, 251, 258, 259, 260, 262, 266, 272, 273, 274, 275, 276, 282, 291, 324, 326, 332, 333, 338, 341, 343, 348, 350, 351, 360, 370, 394, 396, 402, 408, 419, 425, 426, 436, 445, 457, 459, 461, 462, 465, 466, 469, 486, 489, 491, 501, 509, 533, 535, 536, 541, 546, 556, 559, 561, 562], "summary": {"covered_lines": 110, "num_statements": 128, "percent_covered": 85.9375, "percent_covered_display": "86", "missing_lines": 18, "excluded_lines": 0}, "missing_lines": [155, 157, 243, 252, 352, 353, 354, 403, 427, 428, 429, 463, 493, 494, 495, 563, 564, 565], "excluded_lines": []}, "app/routes/smart_diet_optimized.py": {"executed_lines": [1, 6, 7, 8, 10, 14, 15, 16, 17, 18, 20, 21, 24, 33, 54, 63, 65, 66, 67, 73, 74, 75, 76, 82, 83, 88, 89, 95, 108, 112, 117, 121, 123, 124, 125, 126, 127, 133, 142, 148, 152, 154, 155, 161, 162, 168, 169, 175, 177, 178, 184, 185, 187, 190, 196, 197, 206, 213, 219, 221, 222, 223, 224, 227, 230, 232, 269, 276, 279, 281, 284, 294, 296, 314, 321, 327, 328, 329, 331, 332, 334, 336, 337, 338, 340, 350, 354, 361, 362, 369, 371, 373], "summary": {"covered_lines": 91, "num_statements": 104, "percent_covered": 87.5, "percent_covered_display": "88", "missing_lines": 13, "excluded_lines": 0}, "missing_lines": [156, 198, 199, 200, 261, 262, 263, 306, 307, 308, 378, 379, 380], "excluded_lines": []}, "app/routes/track.py": {"executed_lines": [1, 2, 3, 4, 5, 6, 7, 8, 9, 11, 22, 23, 24, 25, 26, 28, 29, 31, 33, 34, 35, 36, 37, 38, 41, 44, 46, 47, 48, 49, 50, 51, 57, 60, 62, 63, 64, 65, 66, 67, 68, 69, 70, 74, 75, 76, 80, 81, 82, 83, 92, 93, 94, 95, 98, 99, 104, 106, 107, 110, 114, 115, 116, 117, 118, 121, 124, 130, 131, 133, 134, 136, 137, 138, 140, 142, 153, 154, 156, 157, 159, 160, 162, 164, 166, 169, 170, 172, 173, 175, 180, 181, 188, 190, 191, 194, 195, 196, 197, 198, 201, 204, 210, 211, 212, 214, 223, 224, 226, 227, 229, 230, 231, 234, 235, 236, 238, 240, 242, 245, 246, 247, 252, 253, 255, 256, 259, 288, 290, 291, 292, 298, 299, 303, 305, 308, 311, 312, 313, 314, 316, 317, 319, 330, 331, 332, 336, 341, 358, 359, 363, 365, 366, 368, 370, 371, 373, 374, 375, 376, 377, 378, 382, 392], "summary": {"covered_lines": 164, "num_statements": 199, "percent_covered": 82.41206030150754, "percent_covered_display": "82", "missing_lines": 35, "excluded_lines": 0}, "missing_lines": [39, 40, 53, 54, 55, 56, 77, 78, 111, 125, 168, 174, 205, 232, 233, 244, 261, 262, 263, 274, 286, 289, 315, 348, 350, 351, 352, 353, 379, 380, 397, 399, 400, 401, 402], "excluded_lines": []}, "app/routes/translation.py": {"executed_lines": [1, 6, 7, 8, 9, 11, 22, 23, 25, 26, 29, 35, 41, 46, 48, 49, 54, 61, 67, 69, 78, 79, 88, 94, 99, 101, 107, 114, 120, 122, 141, 147, 152, 154, 160, 167, 168, 169, 171, 172, 178, 180, 181, 183, 185, 204, 210, 215, 217, 223, 230, 236, 237, 239, 258, 264, 268, 269, 271, 284, 290, 294, 296, 297, 298, 303, 304, 305, 307, 308, 312, 313, 316, 317, 319, 322, 324], "summary": {"covered_lines": 76, "num_statements": 114, "percent_covered": 66.66666666666667, "percent_covered_display": "67", "missing_lines": 38, "excluded_lines": 0}, "missing_lines": [31, 32, 55, 80, 81, 82, 102, 108, 131, 132, 133, 134, 135, 155, 161, 194, 195, 196, 197, 198, 218, 224, 248, 249, 250, 251, 252, 276, 277, 278, 299, 300, 309, 310, 320, 332, 333, 334], "excluded_lines": []}, "app/services/__init__.py": {"executed_lines": [1], "summary": {"covered_lines": 0, "num_statements": 0, "percent_covered": 100.0, "percent_covered_display": "100", "missing_lines": 0, "excluded_lines": 0}, "missing_lines": [], "excluded_lines": []}, "app/services/auth.py": {"executed_lines": [1, 2, 3, 4, 5, 6, 7, 8, 9, 10, 11, 12, 13, 14, 15, 17, 20, 21, 22, 24, 25, 27, 30, 32, 34, 37, 39, 40, 45, 46, 47, 48, 49, 50, 52, 53, 54, 56, 57, 60, 61, 64, 65, 66, 69, 70, 72, 73, 74, 75, 76, 77, 80, 81, 82, 83, 85, 87, 89, 90, 91, 93, 95, 96, 97, 98, 100, 102, 103, 105, 115, 117, 119, 120, 122, 130, 132, 134, 135, 143, 144, 147, 148, 149, 151, 154, 155, 156, 157, 158, 166, 167, 168, 170, 173, 174, 175, 181, 184, 187, 188, 191, 192, 200, 202, 204, 211, 214, 215, 217, 218, 224, 225, 231, 232, 233, 239, 240, 243, 244, 252, 254, 256, 263, 266, 269, 270, 271, 277, 278, 279, 281, 286, 287, 293, 294, 295, 301, 302, 305, 306, 313, 315, 322, 324, 325, 326, 327, 329, 331, 332, 342, 343, 344, 349, 350, 351, 356, 357, 362, 364, 366, 367, 371, 372, 374, 375, 376, 379, 383, 385, 386, 390, 393, 409, 411, 412, 421, 425, 426, 428, 429, 430, 431, 433, 434, 435, 439, 441, 442, 446, 450, 452, 453, 457], "summary": {"covered_lines": 193, "num_statements": 216, "percent_covered": 89.35185185185185, "percent_covered_display": "89", "missing_lines": 23, "excluded_lines": 0}, "missing_lines": [33, 41, 42, 58, 62, 78, 79, 152, 164, 165, 280, 368, 369, 397, 398, 402, 403, 404, 405, 414, 415, 416, 418], "excluded_lines": []}, "app/services/barcode_lookup.py": {"executed_lines": [1, 2, 3, 4, 5, 6, 7, 8, 9, 11, 14, 15, 16, 19, 20, 21, 24, 25, 30, 31, 36, 43, 44, 45, 46, 48, 49, 51, 52, 57, 58, 59, 62, 63, 64, 68, 69, 75, 76, 77, 78, 81, 82, 83, 84, 85, 86, 87, 89, 91, 92, 98, 99, 100, 103, 104, 106, 107, 109, 110, 111, 112, 113, 115, 117, 118, 130, 131, 132, 133, 134, 135, 136, 139, 140, 141, 142, 143, 144, 145, 146, 150, 152, 153, 159, 166, 167, 168, 169, 170, 171, 172, 174, 176, 177, 181, 182, 183, 184, 186, 196, 197, 202, 203, 204, 206, 208, 209, 210, 216, 218, 220, 222, 224, 229, 230, 231, 233, 234, 235, 236, 238, 239, 241, 242, 243, 245, 250, 251, 252, 253, 256, 264, 270, 271, 273, 274, 275, 277, 279, 280, 281, 283, 284, 285, 291, 299, 300, 304, 305, 306, 308, 310, 311, 317, 319, 321, 322, 324, 325, 327, 328, 329, 330, 332, 334, 348, 350, 351, 352, 354, 355, 357, 360, 361, 363, 365, 366, 367, 368, 370, 372, 373, 374, 375, 376, 378, 380, 383, 384, 385, 386, 387, 390, 391, 393, 394, 396, 397, 399, 401, 403, 404, 410, 414, 420, 421, 425, 426, 427, 428, 430, 449, 450, 451, 453, 454, 455, 456, 458, 460, 462, 463, 465, 466, 468, 469, 470, 471, 472, 473, 474, 478, 479, 482, 485, 486, 488, 489, 491, 493, 494, 495, 497, 498, 499, 501, 502, 503, 505, 509, 511, 522, 529, 533, 543], "summary": {"covered_lines": 250, "num_statements": 269, "percent_covered": 92.93680297397769, "percent_covered_display": "93", "missing_lines": 19, "excluded_lines": 0}, "missing_lines": [66, 147, 148, 287, 288, 289, 293, 294, 295, 296, 405, 406, 407, 408, 412, 416, 417, 524, 525], "excluded_lines": []}, "app/services/cache.py": {"executed_lines": [1, 2, 3, 4, 5, 6, 8, 11, 12, 13, 14, 15, 17, 18, 19, 22, 24, 25, 27, 28, 29, 31, 41, 42, 43, 44, 45, 46, 47, 49, 50, 51, 52, 53, 54, 55, 56, 57, 58, 60, 76, 77, 79, 81, 84, 85, 87, 89, 90, 91, 92, 93, 94, 95, 97, 107, 111, 112, 113, 114, 118, 121, 124, 125, 126, 130], "summary": {"covered_lines": 66, "num_statements": 83, "percent_covered": 79.51807228915662, "percent_covered_display": "80", "missing_lines": 17, "excluded_lines": 0}, "missing_lines": [33, 34, 35, 36, 37, 38, 39, 78, 99, 100, 101, 102, 103, 104, 105, 108, 109], "excluded_lines": []}, "app/services/database.py": {"executed_lines": [1, 2, 3, 4, 5, 6, 7, 8, 9, 10, 11, 12, 13, 14, 16, 18, 21, 22, 23, 25, 26, 27, 28, 29, 30, 31, 33, 34, 37, 38, 39, 41, 42, 44, 45, 47, 50, 51, 53, 54, 55, 56, 57, 58, 61, 62, 63, 64, 66, 68, 69, 70, 72, 73, 74, 75, 76, 81, 82, 84, 85, 87, 88, 89, 91, 92, 93, 94, 100, 101, 103, 105, 106, 107, 108, 111, 113, 114, 116, 127, 128, 130, 131, 132, 133, 134, 136, 138, 139, 142, 159, 173, 185, 199, 202, 213, 214, 217, 228, 238, 249, 252, 264, 267, 279, 290, 302, 312, 324, 337, 347, 356, 366, 379, 394, 407, 421, 434, 450, 467, 484, 502, 518, 533, 534, 535, 538, 539, 540, 543, 544, 547, 548, 549, 552, 553, 556, 557, 558, 559, 561, 562, 563, 565, 566, 567, 568, 570, 571, 572, 573, 574, 576, 577, 579, 580, 582, 583, 585, 587, 588, 591, 592, 594, 595, 596, 600, 602, 604, 606, 607, 608, 609, 611, 612, 613, 615, 617, 618, 619, 620, 622, 623, 624, 626, 628, 629, 630, 631, 633, 634, 637, 639, 642, 645, 646, 648, 649, 650, 651, 653, 655, 657, 658, 660, 661, 662, 667, 669, 671, 673, 674, 675, 676, 678, 679, 688, 690, 692, 693, 694, 695, 697, 698, 707, 709, 711, 712, 713, 718, 720, 722, 723, 724, 725, 727, 734, 736, 737, 738, 739, 740, 741, 743, 744, 746, 748, 764, 766, 767, 769, 771, 773, 776, 777, 781, 782, 784, 786, 793, 794, 795, 796, 801, 808, 810, 811, 823, 825, 827, 828, 831, 832, 834, 838, 839, 842, 843, 844, 852, 862, 864, 866, 867, 870, 876, 878, 879, 881, 882, 884, 885, 886, 894, 904, 906, 913, 916, 918, 919, 921, 924, 928, 930, 932, 935, 936, 940, 941, 942, 947, 949, 950, 952, 954, 955, 956, 957, 959, 960, 969, 971, 972, 973, 979, 981, 982, 983, 991, 993, 1000, 1002, 1003, 1004, 1006, 1009, 1011, 1013, 1015, 1017, 1019, 1020, 1021, 1022, 1023, 1031, 1032, 1033, 1034, 1035, 1043, 1044, 1048, 1050, 1051, 1053, 1054, 1057, 1058, 1061, 1068, 1069, 1070, 1075, 1077, 1078, 1080, 1106, 1138, 1140, 1142, 1146, 1147, 1149, 1150, 1151, 1153, 1157, 1159, 1165, 1166, 1168, 1169, 1170, 1172, 1173, 1174, 1176, 1179, 1181, 1182, 1183, 1184, 1185, 1186, 1188, 1191, 1193, 1195, 1196, 1197, 1198, 1199, 1201, 1204, 1208, 1210, 1211, 1213, 1216, 1219, 1220, 1221, 1223, 1224, 1225, 1232, 1234, 1235, 1237, 1239, 1241, 1242, 1243, 1244, 1246, 1247, 1267, 1313, 1326, 1377, 1393, 1398, 1400, 1401, 1402, 1408, 1410, 1412, 1418, 1420, 1421, 1422, 1429, 1431, 1433, 1438, 1439, 1441, 1442, 1443, 1445, 1452, 1454, 1455, 1469, 1471, 1472, 1473, 1474, 1475, 1477, 1478, 1480, 1481, 1484, 1485, 1490, 1534, 1537, 1539, 1540, 1541, 1546, 1548, 1550, 1614, 1642, 1719, 1764, 1781, 1822, 1845], "summary": {"covered_lines": 481, "num_statements": 794, "percent_covered": 60.57934508816121, "percent_covered_display": "61", "missing_lines": 313, "excluded_lines": 0}, "missing_lines": [48, 77, 78, 79, 95, 98, 109, 110, 117, 119, 120, 121, 122, 123, 124, 635, 640, 729, 730, 731, 732, 778, 779, 797, 798, 799, 813, 815, 816, 817, 819, 820, 821, 835, 922, 937, 938, 967, 1007, 1082, 1084, 1085, 1086, 1087, 1089, 1091, 1092, 1094, 1104, 1108, 1110, 1111, 1112, 1117, 1119, 1120, 1122, 1123, 1125, 1136, 1143, 1154, 1155, 1177, 1189, 1202, 1250, 1251, 1252, 1254, 1255, 1256, 1257, 1260, 1263, 1265, 1269, 1270, 1272, 1274, 1275, 1276, 1277, 1280, 1281, 1282, 1284, 1285, 1286, 1287, 1294, 1295, 1297, 1298, 1300, 1302, 1304, 1305, 1306, 1307, 1309, 1310, 1311, 1315, 1316, 1317, 1318, 1319, 1321, 1322, 1324, 1328, 1330, 1331, 1332, 1334, 1336, 1337, 1338, 1341, 1347, 1349, 1351, 1352, 1354, 1355, 1356, 1357, 1358, 1359, 1360, 1361, 1362, 1364, 1366, 1368, 1369, 1370, 1371, 1373, 1374, 1375, 1379, 1380, 1381, 1382, 1383, 1384, 1386, 1387, 1389, 1457, 1458, 1459, 1460, 1462, 1463, 1464, 1465, 1466, 1467, 1486, 1487, 1488, 1503, 1505, 1506, 1509, 1510, 1511, 1512, 1513, 1515, 1528, 1530, 1531, 1532, 1553, 1555, 1557, 1558, 1561, 1562, 1564, 1570, 1573, 1574, 1576, 1583, 1586, 1592, 1594, 1616, 1617, 1619, 1620, 1621, 1622, 1623, 1624, 1625, 1626, 1627, 1629, 1630, 1639, 1640, 1644, 1645, 1646, 1649, 1652, 1654, 1655, 1656, 1657, 1658, 1659, 1661, 1662, 1665, 1666, 1667, 1668, 1669, 1670, 1671, 1672, 1674, 1675, 1677, 1678, 1680, 1681, 1683, 1684, 1685, 1686, 1688, 1689, 1690, 1691, 1693, 1694, 1695, 1696, 1698, 1699, 1700, 1701, 1703, 1717, 1721, 1722, 1723, 1724, 1725, 1727, 1729, 1730, 1731, 1732, 1734, 1735, 1736, 1737, 1739, 1740, 1741, 1742, 1744, 1745, 1746, 1747, 1749, 1762, 1766, 1767, 1768, 1769, 1770, 1778, 1779, 1783, 1784, 1786, 1787, 1802, 1814, 1815, 1816, 1817, 1818, 1819, 1820, 1824, 1825, 1826, 1827, 1828, 1829, 1830, 1831, 1832, 1833, 1834, 1835, 1836, 1837, 1838, 1839, 1840, 1841], "excluded_lines": []}, "app/services/exercise_calculator.py": {"executed_lines": [1, 7, 8, 10, 13, 14, 16, 18, 27, 29, 31, 33, 34, 36, 37, 39, 40, 48, 49, 58, 77, 79, 81, 83, 84, 85, 86, 87, 88, 89, 93], "summary": {"covered_lines": 29, "num_statements": 29, "percent_covered": 100.0, "percent_covered_display": "100", "missing_lines": 0, "excluded_lines": 0}, "missing_lines": [], "excluded_lines": []}, "app/services/experimentation/feed_experiments.py": {"executed_lines": [1, 6, 7, 8, 10, 12, 15, 16, 21, 23, 24, 25, 28, 36, 72, 79, 81, 92, 93, 99, 101, 104, 107, 114, 125, 144, 154, 156, 159, 160, 161, 162, 165, 166, 167, 168, 169, 174, 176, 184, 188, 194], "summary": {"covered_lines": 40, "num_statements": 46, "percent_covered": 86.95652173913044, "percent_covered_display": "87", "missing_lines": 6, "excluded_lines": 0}, "missing_lines": [127, 128, 137, 172, 186, 190], "excluded_lines": []}, "app/services/food_vision_service.py": {"executed_lines": [1, 8, 9, 10, 11, 12, 13, 15, 19, 20, 21, 22, 24, 26, 27, 29, 30, 31, 33, 53, 54, 56, 57, 60, 65, 68, 71, 72, 74, 76, 77, 79, 88, 89, 103, 117, 118, 120, 121, 122, 124, 144, 191, 193, 195, 196, 203, 206, 207, 208, 210, 211, 212, 219, 222, 224, 231, 233, 241, 247, 248, 254, 266, 267, 268, 270, 272, 274, 275, 276, 278, 279, 280, 282, 283, 284, 286, 287, 288, 290, 292, 293, 295, 296, 297, 298, 300, 302, 303, 304, 305, 306, 307, 308, 310, 319, 321, 322, 323, 324, 326, 327, 328, 330, 339, 341, 343, 357, 359, 360, 362, 363, 364, 366, 377, 379, 388, 389, 391, 392, 393, 394, 399, 400, 401, 402, 406, 407, 408, 410, 411, 412, 414, 419, 431, 433, 435, 445, 454, 456, 457, 458, 459, 460, 463, 466, 476, 479, 481, 488, 489, 490, 492, 494, 497, 504, 507, 508, 510, 511, 513, 517], "summary": {"covered_lines": 160, "num_statements": 175, "percent_covered": 91.42857142857143, "percent_covered_display": "91", "missing_lines": 15, "excluded_lines": 0}, "missing_lines": [135, 138, 158, 160, 166, 168, 181, 187, 188, 189, 396, 404, 441, 442, 443], "excluded_lines": []}, "app/services/gamification/badge_service.py": {"executed_lines": [3, 4, 5, 7, 10, 11, 14, 66, 67, 79, 81, 82, 83, 85, 91, 93, 94, 131, 132, 136, 137, 139, 140, 141, 143, 148, 154, 155, 157, 158, 159, 162, 163, 165, 171, 172, 174, 175, 176, 178, 180, 181, 183, 189, 190, 192, 194, 195, 197, 203, 204, 206, 208, 211, 217, 218, 220, 222, 224, 230, 231, 233, 249, 251, 253, 259, 260, 268, 269, 271, 272, 273, 276, 281, 285, 286, 292, 293, 294, 300, 301, 307, 308], "summary": {"covered_lines": 82, "num_statements": 129, "percent_covered": 63.565891472868216, "percent_covered_display": "64", "missing_lines": 47, "excluded_lines": 0}, "missing_lines": [87, 88, 89, 101, 102, 103, 105, 112, 113, 114, 115, 116, 117, 125, 127, 128, 129, 134, 150, 151, 152, 160, 167, 168, 169, 235, 239, 245, 247, 262, 264, 265, 266, 282, 295, 296, 303, 304, 305, 315, 317, 318, 319, 321, 322, 323, 325], "excluded_lines": []}, "app/services/gamification/points_service.py": {"executed_lines": [3, 4, 5, 6, 7, 9, 11, 14, 15, 18, 32, 39, 47, 48, 60, 62, 63, 64, 66, 69, 70, 71, 72, 75, 76, 77, 80, 81, 82, 83, 85, 91, 93, 107, 108, 119, 120, 121, 124, 125, 126, 133, 134, 136, 137, 138, 140, 141, 154, 155, 156, 159, 160, 163, 171, 180, 188, 189, 190, 198, 199, 210, 211, 212, 214, 216, 217, 218, 220, 222, 224, 235, 243, 244, 246, 247, 254, 256, 257, 258, 260, 261, 265, 267, 269, 270, 271, 272, 273, 274, 275, 277, 278, 280, 281, 283, 284, 285, 287, 288, 290, 296, 297, 299, 300, 301, 303, 304, 306, 307, 308, 310, 312, 318, 320, 321, 323, 324, 326, 327, 328, 330, 335, 336, 337, 339, 340, 342, 344, 345, 347, 348, 349, 350, 351, 353, 354, 356, 358, 359, 360, 363], "summary": {"covered_lines": 141, "num_statements": 143, "percent_covered": 98.6013986013986, "percent_covered_display": "99", "missing_lines": 2, "excluded_lines": 0}, "missing_lines": [130, 131], "excluded_lines": []}, "app/services/intelligent_flow.py": {"executed_lines": [1, 7, 9, 10, 11, 12, 13, 14, 16, 17, 27, 28, 29, 30, 31, 37, 38, 39, 41, 44, 45, 48, 49, 52, 53, 55, 62, 63, 64, 65, 66, 67, 69, 77, 78, 79, 82, 84, 91, 105, 119, 120, 122, 124, 131, 140, 147, 149, 157, 158, 164, 165, 173, 174, 176, 182, 189, 190, 205, 206, 216, 221, 228, 232, 248, 250, 259, 260, 261, 262, 263, 264, 265, 270, 271, 272, 273, 280, 288, 289, 292, 293, 295, 296, 297, 308, 354, 355, 357, 358, 359, 360, 362, 363, 369, 372, 378, 379, 381, 382, 386, 393, 394, 396, 399, 400, 403, 404, 421], "summary": {"covered_lines": 105, "num_statements": 110, "percent_covered": 95.45454545454545, "percent_covered_display": "95", "missing_lines": 5, "excluded_lines": 9}, "missing_lines": [290, 370, 384, 397, 401], "excluded_lines": [178, 179, 180, 217, 218, 219, 412, 413, 418]}, "app/services/intelligent_flow_queue.py": {"executed_lines": [1, 8, 10, 11, 12, 13, 14, 16, 19, 20, 21, 23, 24, 25, 26, 27, 28, 29, 31, 32, 33, 35, 36, 37, 38, 40, 41, 42, 43, 46, 47, 49, 50, 51, 53, 60, 61, 63, 64, 66, 67, 68, 69, 70, 71, 72, 74, 75, 77, 79, 81, 82, 85], "summary": {"covered_lines": 48, "num_statements": 48, "percent_covered": 100.0, "percent_covered_display": "100", "missing_lines": 0, "excluded_lines": 2}, "missing_lines": [], "excluded_lines": [71, 72]}, "app/services/meal_planner.py": {"executed_lines": [1, 2, 3, 4, 5, 14, 15, 16, 17, 19, 20, 23, 24, 44, 45, 47, 57, 60, 61, 62, 65, 68, 70, 71, 73, 76, 81, 86, 92, 93, 96, 102, 112, 122, 125, 126, 127, 128, 129, 130, 131, 132, 133, 138, 140, 148, 149, 150, 151, 152, 166, 176, 177, 179, 197, 199, 252, 253, 255, 256, 262, 276, 277, 278, 279, 280, 286, 298, 300, 302, 320, 321, 324, 325, 328, 329, 332, 335, 337, 338, 339, 342, 343, 346, 347, 350, 353, 354, 356, 357, 358, 359, 360, 361, 362, 363, 364, 371, 372, 373, 377, 385, 386, 389, 390, 391, 393, 396, 403, 422, 423, 426, 427, 428, 430, 433, 434, 437, 440, 442, 443, 447, 451, 452, 453, 455, 458, 459, 461, 462, 463, 464, 465, 466, 467, 468, 469, 476, 477, 478, 481, 488, 489, 492, 493, 494, 496, 498, 508, 511, 512, 515, 517, 520, 521, 522, 525, 526, 532, 533, 536, 537, 539, 547, 549, 563, 567, 568, 569, 570, 571, 578, 579, 587, 589, 606, 607, 610, 611, 614, 615, 616, 617, 618, 619, 622, 623, 624, 625, 627, 628, 629, 630, 638, 640, 650, 651, 652, 653, 654, 655, 657, 658, 659, 660, 661, 662, 663, 664, 667, 671, 683, 687, 692, 694, 709], "summary": {"covered_lines": 215, "num_statements": 258, "percent_covered": 83.33333333333333, "percent_covered_display": "83", "missing_lines": 43, "excluded_lines": 0}, "missing_lines": [134, 135, 154, 155, 157, 158, 159, 160, 161, 162, 163, 167, 168, 169, 170, 171, 172, 173, 174, 181, 182, 184, 185, 186, 193, 194, 195, 348, 374, 444, 448, 527, 528, 529, 564, 573, 574, 575, 631, 633, 634, 635, 636], "excluded_lines": []}, "app/services/notifications/notification_service.py": {"executed_lines": [3, 4, 5, 6, 7, 8, 10, 13, 14, 16, 25, 26, 38, 39, 40, 42, 43, 46, 47, 49, 50, 51, 58, 60, 61, 63, 64, 65, 67, 68, 80, 81, 82, 85, 86, 88, 89, 91, 98, 100, 101, 103, 104, 105, 106, 107, 109, 118, 119, 120, 122, 124, 125, 126, 128, 129, 140, 141, 142, 144, 145, 147, 148, 149, 151, 152, 153, 155, 156, 157, 159, 160, 161, 163, 164, 166, 167, 168, 169, 173, 174, 176, 177, 178, 180, 181, 188, 189, 190, 191, 196, 197, 199, 200, 202, 203, 204, 206, 207, 214, 215, 217, 218, 219, 223, 224, 226, 227, 229, 230, 231], "summary": {"covered_lines": 110, "num_statements": 110, "percent_covered": 100.0, "percent_covered_display": "100", "missing_lines": 0, "excluded_lines": 0}, "missing_lines": [], "excluded_lines": []}, "app/services/nutrition_calculator.py": {"executed_lines": [1, 2, 3, 5, 8, 9, 20, 21, 23, 34, 37, 38, 40, 42, 45, 47, 58, 59, 61, 63, 65, 76, 77, 79, 81, 83, 93, 94, 95, 98, 99, 102, 104, 106, 120, 121, 124, 125, 126, 128, 129, 130, 132, 135], "summary": {"covered_lines": 43, "num_statements": 44, "percent_covered": 97.72727272727273, "percent_covered_display": "98", "missing_lines": 1, "excluded_lines": 0}, "missing_lines": [100], "excluded_lines": []}, "app/services/nutrition_ocr.py": {"executed_lines": [1, 2, 3, 4, 5, 6, 7, 8, 9, 10, 12, 14, 15, 16, 17, 42, 43, 48, 49, 69, 71, 72, 73, 75, 78, 81, 82, 83, 84, 85, 86, 87, 90, 91, 94, 97, 98, 99, 102, 106, 112, 115, 116, 117, 120, 123, 124, 125, 128, 129, 130, 132, 133, 134, 135, 136, 137, 138, 140, 141, 143, 144, 145, 148, 149, 155, 269, 280, 281, 282, 284, 295, 298, 301, 302, 304, 305, 307, 309, 312, 313, 315, 316, 317, 323, 325, 326, 327, 328, 329, 330, 331, 332, 337, 338, 344, 346, 347, 352, 353, 358, 360, 363, 364, 365, 366, 367, 368, 369, 370, 371, 373, 374, 375, 376, 377, 379, 380, 381, 383, 384, 389, 404, 405, 407, 409, 413, 414, 417, 420, 439, 440, 442, 443, 445, 448, 449, 451, 453, 455, 456, 459, 460, 462, 470, 471, 472, 473, 476, 477, 478, 480, 482, 484, 485, 486, 487, 489, 490, 492, 494, 496, 505, 507, 515, 516, 517, 518, 519, 521, 522, 525, 526, 527, 528, 529, 530, 531, 533, 540, 541, 542, 543, 545, 546, 547, 549, 551, 552, 554, 556, 557, 560, 561, 564, 566, 567, 568, 569, 570, 575, 576, 577, 579, 581, 585, 596, 598, 599, 600, 601, 603, 605, 609, 611, 614, 615, 616, 617, 620, 621, 622, 623, 624, 627, 628, 631, 632, 634, 636, 642, 643, 646, 647, 648, 649, 652, 653, 656, 657, 660, 661, 663, 664, 667, 670, 671, 674, 675, 678, 685, 688, 689, 693, 694, 696, 697, 698, 699, 700, 701, 702, 704, 706, 717, 719, 722, 723, 724, 729, 730, 731, 732, 736, 740, 741, 742, 744, 745, 747, 753, 755, 757, 759, 765, 766, 768, 769, 771, 774, 777, 778, 779, 782, 783, 784, 785, 788, 789, 791, 792, 793, 795, 796, 802, 804, 805, 807, 808, 811, 812, 814, 815, 816, 818, 819, 821, 822, 824, 825, 826, 831, 842, 844, 845, 848, 849, 850, 851, 854, 855, 856, 857, 859, 860, 861, 879, 880, 881, 882, 885, 888, 889, 890, 891, 892, 894, 896, 897, 907, 923, 924, 932, 935, 937, 938, 939, 955, 1097, 1099, 1101, 1110, 1147, 1148], "summary": {"covered_lines": 361, "num_statements": 391, "percent_covered": 92.32736572890026, "percent_covered_display": "92", "missing_lines": 30, "excluded_lines": 0}, "missing_lines": [18, 19, 20, 22, 25, 26, 27, 28, 32, 33, 37, 39, 334, 335, 488, 495, 523, 572, 573, 725, 726, 733, 734, 737, 748, 749, 750, 798, 799, 800], "excluded_lines": []}, "app/services/ocr.py": {"executed_lines": [1, 2, 3, 5, 6, 11, 13, 14, 19, 21, 22, 27, 29, 30, 35, 37, 40, 41, 42, 43, 44, 46, 47, 48, 49, 50, 51, 52, 54, 62, 63, 64, 65, 101, 105, 106, 108, 110, 111, 112, 114, 115, 120, 129, 135, 141, 143, 144, 153, 156, 157, 160, 169, 170, 172, 177, 178, 179, 181, 182, 183, 184, 187, 188, 190, 192, 198, 202, 204, 206, 213, 214, 215, 216, 217, 219, 220, 224, 226, 230, 232, 239, 240, 241, 242, 244, 247, 275, 276, 294, 297, 298], "summary": {"covered_lines": 87, "num_statements": 123, "percent_covered": 70.73170731707317, "percent_covered_display": "71", "missing_lines": 36, "excluded_lines": 20}, "missing_lines": [45, 67, 68, 69, 72, 75, 76, 77, 78, 79, 80, 83, 86, 91, 92, 94, 95, 97, 98, 99, 122, 124, 125, 126, 130, 131, 132, 133, 137, 138, 139, 145, 146, 147, 221, 222], "excluded_lines": [7, 8, 9, 10, 11, 15, 16, 17, 18, 19, 23, 24, 25, 26, 27, 31, 32, 33, 34, 35]}, "app/services/openfoodfacts.py": {"executed_lines": [1, 2, 3, 4, 5, 6, 8, 11, 12, 13, 15, 16, 17, 18, 19, 21, 22, 25, 27, 28, 29, 30, 31, 33, 34, 36, 37, 39, 40, 42, 43, 45, 46, 47, 48, 49, 50, 51, 52, 53, 54, 55, 58, 60, 61, 63, 72, 83, 84, 85, 86, 87, 88, 89, 91, 92, 93, 95, 96, 105, 116, 121], "summary": {"covered_lines": 62, "num_statements": 63, "percent_covered": 98.41269841269842, "percent_covered_display": "98", "missing_lines": 1, "excluded_lines": 0}, "missing_lines": [23], "excluded_lines": []}, "app/services/performance_monitor.py": {"executed_lines": [1, 7, 8, 9, 10, 11, 12, 13, 14, 15, 16, 18, 21, 22, 23, 24, 25, 26, 27, 28, 29, 32, 33, 34, 35, 36, 37, 38, 39, 40, 41, 42, 43, 44, 45, 46, 49, 50, 55, 56, 57, 63, 70, 71, 74, 75, 77, 78, 80, 81, 82, 84, 85, 86, 87, 88, 89, 91, 93, 105, 108, 110, 111, 140, 141, 165, 172, 181, 184, 185, 186, 195, 197, 198, 201, 202, 208, 210, 211, 216, 217, 220, 221, 222, 232, 233, 235, 245, 247, 248, 249, 250, 251, 253, 254, 257, 263, 266, 272, 273, 276, 277, 278, 279, 281, 282, 283, 284, 286, 301, 303, 305, 307, 309, 315, 316, 318, 319, 320, 322, 324, 325, 327, 328, 329, 331, 333, 335, 337, 342, 344, 346, 347, 377, 399, 414, 425, 446], "summary": {"covered_lines": 134, "num_statements": 198, "percent_covered": 67.67676767676768, "percent_covered_display": "68", "missing_lines": 64, "excluded_lines": 0}, "missing_lines": [113, 114, 115, 117, 118, 119, 120, 121, 122, 124, 126, 138, 143, 144, 146, 147, 148, 149, 150, 152, 154, 163, 203, 236, 252, 255, 355, 361, 363, 364, 365, 366, 367, 368, 369, 371, 379, 381, 382, 384, 385, 387, 388, 391, 394, 395, 397, 401, 403, 404, 406, 407, 408, 409, 410, 412, 416, 418, 419, 422, 423, 427, 429, 442], "excluded_lines": []}, "app/services/plan_customizer.py": {"executed_lines": [1, 2, 3, 4, 6, 11, 12, 13, 15, 18, 19, 24, 25, 27, 40, 41, 44, 45, 47, 48, 50, 51, 53, 54, 57, 59, 61, 63, 69, 70, 72, 73, 74, 75, 76, 77, 78, 79, 81, 82, 83, 88, 91, 92, 93, 94, 99, 102, 103, 104, 106, 115, 118, 121, 130, 133, 135, 141, 147, 148, 150, 151, 152, 153, 154, 155, 156, 157, 159, 160, 161, 166, 169, 172, 175, 177, 183, 190, 193, 196, 205, 214, 217, 219, 225, 231, 232, 233, 234, 235, 237, 238, 239, 244, 246, 247, 251, 252, 253, 255, 261, 265, 266, 267, 268, 269, 270, 273, 275, 277, 278, 279, 280, 281, 282, 283, 286, 291, 303, 305, 320, 335, 337, 338, 339, 341, 344, 345, 351, 354, 360, 361, 367], "summary": {"covered_lines": 132, "num_statements": 147, "percent_covered": 89.79591836734694, "percent_covered_display": "90", "missing_lines": 15, "excluded_lines": 0}, "missing_lines": [107, 108, 113, 309, 310, 312, 313, 314, 315, 316, 318, 355, 356, 357, 363], "excluded_lines": []}, "app/services/plan_storage.py": {"executed_lines": [1, 2, 3, 4, 5, 6, 7, 8, 10, 13, 14, 19, 20, 21, 23, 35, 37, 40, 43, 44, 45, 50, 51, 52, 53, 55, 56, 62, 73, 74, 75, 76, 78, 79, 80, 81, 82, 87, 88, 89, 90, 91, 93, 94, 97, 98, 99, 104, 108, 114, 125, 127, 128, 129, 130, 133, 134, 135, 136, 142, 146, 147, 153, 163, 165, 168, 169, 170, 171, 175, 176, 178, 180, 186, 197, 199, 200, 205, 206, 209, 210, 212, 213, 214, 216, 218, 220, 221, 222, 226], "summary": {"covered_lines": 89, "num_statements": 111, "percent_covered": 80.18018018018019, "percent_covered_display": "80", "missing_lines": 22, "excluded_lines": 0}, "missing_lines": [58, 59, 60, 83, 84, 105, 106, 110, 111, 112, 143, 144, 149, 150, 151, 172, 173, 182, 183, 184, 201, 202], "excluded_lines": []}, "app/services/product_discovery.py": {"executed_lines": [1, 6, 7, 8, 9, 10, 11, 13, 14, 15, 16, 18, 21, 22, 27, 28, 29, 32, 54, 73, 75, 76, 79, 82, 83, 86, 87, 90, 91, 94, 95, 96, 99, 100, 103, 104, 107, 108, 111, 112, 114, 115, 117, 118, 119, 121, 140, 142, 143, 146, 147, 148, 149, 152, 155, 156, 159, 163, 164, 166, 167, 168, 170, 208, 249, 255, 256, 257, 259, 260, 262, 263, 265, 266, 269, 270, 271, 272, 273, 274, 276, 277, 279, 286, 288, 303, 309, 311, 312, 314, 315, 317, 318, 319, 321, 329, 335, 341, 342, 343, 346, 355, 356, 358, 359, 360, 361, 362, 363, 368, 374, 415, 422, 429, 431, 432, 433, 434, 437, 438, 440, 441, 445, 450, 451, 452, 453, 455, 457, 458, 459, 461, 463, 464, 466, 469, 478, 489, 490, 491, 493, 499, 500, 502, 503, 505, 506, 508, 509, 510, 511, 513, 514, 518, 519, 521, 522, 523, 526, 528, 530, 534, 535, 537, 538, 541, 542, 544, 548, 549, 551, 555, 556, 558, 561, 563, 565, 569, 571, 574, 576, 579, 581, 584, 586, 589, 591, 593, 594, 596, 597, 598, 599, 601, 603, 608, 610, 663], "summary": {"covered_lines": 196, "num_statements": 295, "percent_covered": 66.44067796610169, "percent_covered_display": "66", "missing_lines": 99, "excluded_lines": 0}, "missing_lines": [176, 178, 179, 182, 189, 190, 192, 193, 194, 195, 196, 197, 198, 199, 200, 202, 204, 205, 206, 215, 216, 217, 220, 230, 231, 233, 234, 235, 236, 237, 238, 239, 240, 241, 243, 245, 246, 247, 289, 290, 291, 294, 295, 296, 297, 298, 300, 301, 305, 306, 307, 322, 323, 324, 325, 326, 327, 331, 332, 333, 364, 365, 366, 370, 371, 372, 381, 382, 385, 388, 389, 390, 391, 392, 393, 394, 397, 400, 401, 404, 405, 406, 407, 409, 411, 412, 413, 420, 442, 524, 531, 536, 543, 545, 550, 552, 557, 559, 566], "excluded_lines": []}, "app/services/recipe_ai_engine.py": {"executed_lines": [1, 6, 7, 8, 9, 10, 11, 12, 14, 15, 16, 17, 18, 20, 23, 24, 25, 26, 27, 28, 29, 30, 31, 32, 33, 34, 35, 38, 39, 40, 41, 42, 43, 44, 45, 48, 49, 50, 51, 52, 53, 54, 55, 56, 57, 58, 61, 62, 63, 64, 65, 66, 67, 68, 69, 70, 71, 72, 73, 74, 75, 76, 77, 78, 80, 81, 82, 85, 86, 87, 88, 89, 90, 91, 92, 93, 94, 95, 96, 97, 98, 99, 100, 101, 102, 104, 105, 106, 107, 108, 109, 110, 111, 112, 115, 116, 118, 119, 125, 134, 147, 151, 154, 155, 158, 161, 164, 167, 169, 185, 187, 189, 190, 191, 193, 195, 203, 204, 206, 207, 209, 211, 213, 221, 223, 225, 228, 231, 232, 233, 234, 235, 237, 238, 239, 250, 251, 252, 253, 264, 265, 266, 267, 278, 279, 280, 290, 292, 294, 296, 303, 310, 317, 324, 331, 333, 335, 336, 337, 338, 340, 349, 352, 353, 354, 357, 358, 359, 361, 363, 365, 366, 368, 370, 372, 375, 376, 377, 380, 381, 382, 383, 385, 387, 389, 391, 392, 395, 396, 398, 399, 401, 403, 406, 407, 409, 410, 412, 416, 419, 420, 422, 423, 425, 426, 428, 430, 434, 437, 438, 448, 449, 459, 462, 463, 465, 466, 474, 480, 481, 482, 484, 487, 488, 493, 494, 496, 501, 503, 504, 506, 507, 511, 513, 516, 517, 518, 519, 520, 523, 524, 526, 528, 531, 532, 533, 535, 536, 538, 540, 543, 544, 545, 547, 549, 552, 553, 558, 560, 561, 564, 565, 566, 567, 570, 572, 577, 579, 580, 583, 584, 585, 586, 587, 588, 590, 591, 592, 595, 598, 599, 606, 611, 616, 617, 620, 621, 626, 627, 629, 631, 637, 641, 642, 645, 648, 651, 652, 654, 656, 662, 666, 667, 670, 672, 673, 675, 676, 678, 680, 681, 683, 691, 698, 700, 706, 708, 718, 720, 724, 725, 726, 737, 738, 739, 746, 750, 766, 769, 780, 781, 782, 785, 786, 787, 788, 790, 792, 794, 800, 803, 815, 817, 833, 844], "summary": {"covered_lines": 334, "num_statements": 366, "percent_covered": 91.2568306010929, "percent_covered_display": "91", "missing_lines": 32, "excluded_lines": 0}, "missing_lines": [490, 509, 633, 634, 635, 658, 659, 660, 702, 703, 704, 804, 805, 806, 807, 808, 809, 810, 812, 821, 822, 823, 824, 825, 826, 827, 828, 829, 831, 837, 838, 840], "excluded_lines": []}, "app/services/recipe_database.py": {"executed_lines": [1, 2, 3, 4, 5, 6, 7, 8, 10, 11, 13, 16, 17, 19, 20, 21, 22, 24, 25, 27, 28, 29, 30, 31, 32, 33, 34, 35, 36, 37, 38, 40, 42, 44, 45, 47, 48, 49, 51, 52, 54, 55, 56, 66, 199, 201, 203, 204, 205, 206, 207, 208, 209, 212, 221, 222, 223, 230, 243, 245, 246, 247, 249, 250, 253, 267, 268, 269, 283, 284, 285, 296, 297, 310, 311, 312, 318, 320, 321, 322, 323, 326, 327, 329, 330, 333, 338, 341, 346, 349, 350, 353, 369, 380, 381, 382, 394, 396, 414, 415, 416, 418, 428, 429, 430, 431, 434, 435, 437, 441, 442, 443, 445, 446, 447, 449, 453, 455, 464, 466, 467, 468, 485, 486, 487, 488, 490, 492, 494, 495, 496, 498, 502, 503, 504, 506, 507, 509, 515, 516, 517, 523, 525, 526, 527, 528, 530, 539, 541, 542, 543, 545, 557, 569, 570, 571, 573, 574, 576, 586, 587, 589, 590, 591, 593, 604, 605, 606, 607, 609, 610, 612, 624, 625, 626, 632, 634, 635, 636, 638, 639, 642, 652, 655, 664, 667, 676, 678, 694, 695, 696, 705, 707, 708, 709, 710, 712, 716, 717, 721, 744, 745, 746, 748, 750, 751, 752, 753, 756, 757, 758, 759, 760, 762, 791, 792, 793, 799, 801, 802, 803, 804, 806, 822, 825, 826, 827, 828, 829, 845, 846, 852, 853, 856, 857, 859, 865, 899, 902, 903, 904, 905, 908, 909, 910, 920, 942, 943, 949, 984, 986, 988, 989, 991, 992, 993, 995, 996, 997, 998, 999, 1006, 1028, 1030, 1032, 1034, 1035, 1038, 1063, 1064, 1065, 1071, 1129, 1173, 1175, 1177, 1179, 1180, 1182, 1207, 1208, 1214, 1216, 1218, 1219, 1221, 1227, 1229, 1230, 1231, 1248, 1254, 1256, 1258, 1260, 1261, 1263, 1290, 1291, 1297, 1299, 1301, 1302, 1304, 1312, 1314, 1315, 1316, 1336, 1342, 1344, 1346, 1348, 1349, 1351, 1372, 1373, 1379, 1381, 1383, 1384, 1386, 1392, 1394, 1395, 1396, 1410, 1416, 1418, 1420, 1421, 1423, 1428, 1430, 1431, 1432, 1434, 1435, 1437, 1443, 1445, 1447, 1448, 1450, 1454, 1455, 1458, 1481, 1483, 1485, 1486, 1488, 1514, 1515, 1521, 1523, 1525, 1526, 1528, 1529, 1531, 1532, 1533, 1535, 1537, 1538, 1540, 1541, 1542, 1553, 1559, 1561, 1563, 1564, 1566, 1570, 1572, 1573, 1574, 1583, 1591], "summary": {"covered_lines": 380, "num_statements": 549, "percent_covered": 69.2167577413479, "percent_covered_display": "69", "missing_lines": 169, "excluded_lines": 0}, "missing_lines": [58, 59, 61, 62, 63, 64, 68, 69, 72, 93, 112, 126, 143, 158, 175, 190, 191, 192, 193, 194, 196, 197, 210, 314, 315, 316, 438, 439, 450, 451, 519, 520, 521, 551, 552, 553, 628, 629, 630, 718, 795, 796, 797, 861, 862, 863, 868, 869, 870, 871, 873, 892, 893, 895, 896, 897, 911, 912, 913, 914, 915, 916, 918, 945, 946, 947, 951, 952, 953, 955, 959, 960, 961, 963, 978, 979, 980, 1001, 1003, 1004, 1008, 1010, 1011, 1013, 1014, 1015, 1017, 1018, 1019, 1020, 1021, 1023, 1025, 1026, 1067, 1068, 1069, 1073, 1075, 1076, 1078, 1082, 1084, 1085, 1086, 1088, 1089, 1091, 1092, 1095, 1098, 1101, 1103, 1125, 1126, 1127, 1131, 1133, 1134, 1136, 1140, 1142, 1143, 1144, 1146, 1147, 1149, 1150, 1152, 1153, 1154, 1167, 1169, 1170, 1171, 1210, 1211, 1212, 1250, 1251, 1252, 1293, 1294, 1295, 1338, 1339, 1340, 1375, 1376, 1377, 1412, 1413, 1414, 1439, 1440, 1441, 1456, 1477, 1478, 1479, 1517, 1518, 1519, 1555, 1556, 1557, 1585, 1586, 1587], "excluded_lines": []}, "app/services/recipe_translation_service.py": {"executed_lines": [1, 3, 4, 5, 6, 8, 9, 10, 20, 23, 24, 26, 27, 28, 29, 32, 87, 132, 134, 135, 136, 138, 140, 144, 145, 146, 147, 148, 149, 154, 155, 156, 158, 160, 166, 168, 169, 173, 174, 176, 177, 180, 181, 182, 183, 188, 190, 192, 194, 196, 219, 239, 247, 250, 253, 254, 255, 257, 259, 260, 261, 262, 263, 264, 265, 267, 269, 272, 277, 278, 280, 281, 282, 285, 286, 288, 290, 292, 294, 296, 336, 337, 338, 340, 354, 356, 359, 360, 361, 362, 365, 366, 367, 368, 370, 371, 372, 374, 378, 380, 383, 384, 385], "summary": {"covered_lines": 101, "num_statements": 147, "percent_covered": 68.70748299319727, "percent_covered_display": "69", "missing_lines": 46, "excluded_lines": 0}, "missing_lines": [141, 150, 151, 170, 171, 185, 186, 198, 199, 201, 202, 206, 221, 225, 226, 227, 231, 241, 242, 243, 244, 245, 251, 273, 297, 300, 301, 302, 303, 306, 307, 308, 309, 312, 315, 333, 334, 342, 344, 345, 346, 347, 348, 349, 350, 352], "excluded_lines": []}, "app/services/recommendation_engine.py": {"executed_lines": [1, 6, 7, 8, 9, 10, 12, 13, 14, 15, 27, 30, 31, 32, 34, 35, 36, 37, 38, 39, 40, 41, 44, 45, 47, 49, 51, 52, 53, 54, 62, 71, 76, 78, 80, 81, 82, 84, 87, 105, 112, 113, 119, 120, 121, 128, 129, 130, 136, 137, 138, 145, 146, 147, 154, 159, 161, 162, 163, 164, 171, 176, 178, 179, 180, 181, 188, 190, 199, 205, 210, 212, 214, 215, 226, 227, 228, 229, 232, 239, 246, 265, 267, 269, 273, 274, 275, 277, 283, 285, 286, 288, 291, 293, 294, 295, 298, 299, 300, 301, 302, 305, 306, 307, 311, 315, 316, 318, 320, 321, 324, 325, 328, 329, 331, 333, 335, 336, 338, 341, 342, 345, 347, 368, 371, 373, 374, 378, 379, 383, 384, 388, 389, 391, 394, 396, 399, 400, 402, 403, 408, 409, 426, 432, 434, 437, 438, 439, 440, 442, 443, 445, 448, 450, 451, 455, 456, 457, 459, 460, 461, 463, 465, 468, 469, 470, 472, 473, 474, 475, 476, 478, 497, 500, 501, 503, 504, 519, 520, 521, 522, 523, 524, 525, 527, 535, 553, 555, 566, 568, 585, 588, 589, 591], "summary": {"covered_lines": 190, "num_statements": 235, "percent_covered": 80.85106382978724, "percent_covered_display": "81", "missing_lines": 45, "excluded_lines": 0}, "missing_lines": [191, 192, 201, 202, 203, 258, 259, 260, 270, 280, 281, 289, 308, 309, 312, 350, 351, 353, 354, 355, 356, 357, 359, 360, 362, 363, 364, 365, 366, 375, 376, 380, 381, 385, 386, 392, 404, 405, 406, 412, 423, 424, 452, 453, 471], "excluded_lines": []}, "app/services/redis_cache.py": {"executed_lines": [1, 6, 7, 8, 9, 10, 11, 12, 14, 17, 18, 20, 21, 22, 23, 26, 27, 28, 31, 39, 71, 81, 83, 84, 86, 87, 90, 93, 97, 98, 99, 102, 103, 105, 107, 108, 109, 111, 112, 113, 114, 116, 118, 119, 121, 122, 123, 126, 127, 128, 131, 136, 137, 138, 139, 144, 145, 146, 147, 149, 151, 152, 154, 155, 157, 161, 162, 164, 165, 166, 167, 169, 171, 174, 175, 177, 181, 183, 184, 185, 187, 189, 190, 192, 194, 197, 198, 199, 202, 207, 208, 209, 210, 212, 214, 216, 217, 219, 220, 222, 223, 224, 225, 227, 229, 230, 232, 233, 236, 238, 239, 242, 243, 246, 249, 253, 254, 256, 258, 260, 261, 262, 263, 265, 267, 268, 270, 272, 276, 277, 280, 284, 285, 287, 288, 289, 291, 294, 296, 302, 304, 306, 307, 308, 310, 311, 317, 319, 320, 321, 323, 324, 326, 327, 328, 330, 332, 333, 335, 345, 347, 348, 351, 352, 355, 358, 361, 363, 364, 366, 368, 385], "summary": {"covered_lines": 170, "num_statements": 197, "percent_covered": 86.29441624365482, "percent_covered_display": "86", "missing_lines": 27, "excluded_lines": 0}, "missing_lines": [41, 43, 46, 56, 62, 63, 65, 67, 68, 69, 73, 75, 78, 79, 141, 142, 172, 213, 244, 298, 299, 300, 313, 314, 315, 375, 376], "excluded_lines": []}, "app/services/shopping_optimization.py": {"executed_lines": [2, 10, 11, 12, 13, 14, 15, 16, 17, 18, 19, 21, 22, 23, 30, 33, 34, 35, 36, 37, 38, 39, 40, 41, 44, 45, 46, 47, 48, 49, 50, 51, 52, 55, 56, 57, 58, 59, 60, 61, 62, 63, 64, 65, 68, 69, 70, 71, 72, 75, 76, 77, 78, 79, 80, 81, 82, 83, 84, 85, 86, 87, 88, 89, 90, 91, 94, 95, 105, 107, 108, 110, 113, 152, 155, 163, 173, 177, 180, 183, 186, 187, 190, 191, 194, 196, 198, 210, 211, 213, 217, 218, 221, 222, 225, 228, 232, 233, 234, 237, 239, 241, 253, 254, 257, 259, 261, 273, 276, 277, 280, 281, 282, 284, 287, 290, 291, 297, 299, 300, 302, 316, 319, 320, 323, 324, 325, 326, 327, 330, 332, 333, 335, 349, 350, 352, 353, 354, 357, 363, 364, 365, 367, 371, 372, 373, 375, 376, 378, 380, 391, 394, 395, 396, 397, 415, 418, 422, 426, 432, 433, 434, 435, 437, 438, 444, 445, 446, 449, 450, 451, 453, 458, 459, 460, 471, 477, 486, 497, 501, 502, 503, 504, 507, 510, 511, 512, 517, 528, 529, 534, 536, 548, 550, 552, 554, 555, 556, 558, 561, 563, 565, 568, 570, 572, 574, 576, 578, 579, 581, 617, 618, 625, 628, 629, 631, 634, 664, 671, 674, 705, 719, 721, 722, 723, 724, 727, 729, 731, 742, 743, 746, 749, 752, 754, 757, 758, 760, 763, 766, 770, 771, 772, 786, 789, 792, 796, 797, 798, 806, 816, 817, 820, 821, 822, 825, 826, 829, 831, 848, 853, 863, 873, 876, 877, 878, 879, 883, 885, 890, 897, 898, 901, 903, 907, 916, 927, 938, 940, 950, 953, 954, 957, 958, 963, 965, 967, 971, 978, 985, 994, 997, 998, 1005, 1012, 1013, 1014, 1016, 1036, 1038, 1040, 1041, 1045, 1046, 1049, 1050, 1053, 1054, 1056, 1059, 1064, 1075, 1076, 1079, 1080, 1081, 1091, 1094, 1097, 1099, 1104, 1106, 1109, 1126, 1127, 1129, 1132, 1133, 1134, 1157, 1158, 1159, 1160, 1161, 1164, 1171, 1174, 1187, 1200, 1201, 1207, 1218, 1220, 1221, 1222, 1223, 1227, 1229, 1240, 1242, 1243, 1244, 1247, 1248, 1255, 1256, 1257, 1265, 1266, 1268, 1270, 1286, 1287, 1288, 1291, 1294, 1297, 1299, 1309], "summary": {"covered_lines": 360, "num_statements": 456, "percent_covered": 78.94736842105263, "percent_covered_display": "79", "missing_lines": 96, "excluded_lines": 0}, "missing_lines": [174, 214, 229, 283, 285, 392, 454, 455, 498, 515, 557, 559, 566, 577, 583, 585, 586, 588, 590, 592, 593, 595, 597, 599, 601, 603, 604, 606, 608, 610, 614, 767, 775, 776, 777, 778, 779, 780, 781, 782, 784, 793, 801, 802, 804, 880, 881, 909, 910, 911, 912, 914, 918, 919, 920, 921, 922, 923, 925, 929, 930, 931, 932, 934, 960, 972, 973, 974, 976, 979, 980, 981, 983, 986, 987, 988, 989, 991, 1042, 1135, 1136, 1162, 1172, 1203, 1204, 1205, 1225, 1249, 1250, 1251, 1252, 1253, 1325, 1327, 1328, 1331], "excluded_lines": []}, "app/services/smart_diet.py": {"executed_lines": [1, 6, 7, 8, 9, 10, 11, 12, 13, 19, 24, 25, 26, 27, 28, 29, 30, 31, 32, 34, 37, 38, 43, 44, 45, 47, 49, 103, 106, 114, 120, 122, 123, 125, 128, 129, 130, 133, 136, 137, 143, 144, 146, 148, 156, 157, 158, 159, 160, 161, 163, 164, 168, 170, 172, 173, 174, 178, 179, 180, 181, 183, 184, 189, 197, 199, 200, 202, 203, 206, 212, 214, 222, 223, 225, 227, 228, 229, 231, 253, 255, 256, 258, 277, 279, 280, 282, 297, 298, 300, 302, 304, 306, 307, 308, 311, 312, 316, 320, 321, 324, 325, 330, 332, 334, 335, 336, 337, 338, 340, 429, 469, 470, 475, 478, 481, 484, 487, 490, 491, 494, 517, 520, 537, 538, 540, 549, 550, 553, 556, 559, 560, 561, 563, 565, 576, 579, 580, 581, 582, 585, 586, 587, 588, 591, 592, 593, 594, 597, 600, 605, 606, 610, 613, 616, 620, 623, 625, 626, 627, 634, 640, 642, 656, 659, 662, 663, 664, 665, 666, 669, 670, 671, 672, 675, 680, 682, 683, 684, 686, 692, 693, 695, 697, 698, 702, 708, 711, 712, 714, 716, 722, 728, 730, 733, 749, 750, 751, 752, 754, 757, 760, 763, 767, 773, 774, 776, 778, 779, 790, 795, 797, 803, 807, 814, 816, 822, 829, 830, 831, 832, 833, 835, 837, 839, 842, 843, 844, 845, 846, 847, 848, 851, 852, 853, 854, 855, 858, 861, 862, 863, 870, 871, 872, 874, 876, 877, 880, 886, 887, 888, 889, 891, 893, 894, 897, 902, 903, 908, 910, 912, 914, 917, 919, 920, 926, 967, 972, 977, 979, 981, 983, 984, 991, 996, 1002, 1007, 1013, 1034, 1042], "summary": {"covered_lines": 277, "num_statements": 391, "percent_covered": 70.84398976982096, "percent_covered_display": "71", "missing_lines": 114, "excluded_lines": 0}, "missing_lines": [139, 140, 165, 166, 175, 185, 186, 187, 207, 209, 210, 313, 327, 328, 347, 348, 351, 352, 353, 356, 357, 360, 361, 362, 364, 365, 366, 368, 369, 371, 372, 374, 382, 384, 385, 386, 387, 390, 391, 392, 395, 396, 398, 399, 400, 402, 403, 404, 406, 407, 408, 411, 412, 420, 421, 423, 425, 426, 427, 436, 437, 439, 463, 464, 466, 676, 677, 678, 699, 718, 719, 720, 792, 793, 804, 856, 881, 882, 883, 898, 899, 900, 905, 906, 922, 923, 924, 928, 930, 931, 932, 933, 934, 936, 937, 940, 942, 943, 945, 948, 951, 953, 962, 964, 965, 970, 975, 982, 985, 986, 988, 1036, 1037, 1038], "excluded_lines": []}, "app/services/smart_diet_cache.py": {"executed_lines": [1, 6, 7, 8, 9, 10, 11, 13, 16, 17, 19, 20, 23, 31, 39, 41, 43, 45, 47, 54, 55, 62, 63, 64, 66, 71, 72, 73, 75, 83, 84, 91, 94, 96, 98, 99, 101, 103, 104, 105, 107, 109, 110, 112, 113, 114, 115, 117, 119, 120, 121, 123, 125, 126, 127, 129, 130, 132, 133, 135, 137, 138, 139, 141, 143, 144, 146, 147, 148, 149, 151, 153, 154, 155, 157, 159, 160, 161, 163, 165, 166, 168, 170, 171, 172, 174, 176, 179, 185, 186, 190, 191, 192, 193, 195, 196, 198, 199, 200, 202, 204, 207, 218, 221, 224, 225, 226], "summary": {"covered_lines": 105, "num_statements": 110, "percent_covered": 95.45454545454545, "percent_covered_display": "95", "missing_lines": 5, "excluded_lines": 0}, "missing_lines": [68, 69, 212, 213, 214], "excluded_lines": []}, "app/services/smart_diet_optimized.py": {"executed_lines": [1, 6, 7, 8, 9, 10, 11, 12, 13, 14, 15, 18, 19, 24, 25, 26, 28, 31, 32, 34, 35, 44, 46, 47, 50, 53, 55, 57, 59, 61, 63, 65, 67, 69, 70, 72, 74, 81, 82, 84, 85, 86, 88, 90, 130, 137, 138, 139, 142, 143, 146, 147, 149, 154, 156, 157, 160, 162, 163, 164, 167, 172, 173, 187, 189, 190, 192, 194, 195, 196, 198, 200, 203, 204, 207, 208, 211, 212, 214, 217, 218, 220, 221, 222, 228, 230, 237, 240, 241, 242, 244, 245, 246, 252, 253, 254, 255, 256, 259, 262, 264, 266, 267, 269, 271, 279, 280, 283, 286, 287, 288, 289, 291, 292, 294, 297, 303, 306, 307, 309, 310, 311, 312, 313, 316, 317, 318, 320, 329, 331, 333, 336, 340, 341, 342, 343, 345, 346, 348, 351, 354, 360, 361, 363, 364, 366, 367, 370, 371, 377, 378, 379, 381, 382, 383, 384, 386, 387, 388, 389, 391, 393, 394, 395, 398, 400, 417, 422, 423, 425, 428, 444, 471, 477, 478, 479, 505, 511, 513, 516, 521, 522, 523, 525, 527, 529, 531, 533, 535, 537, 561, 563, 564, 565, 567, 569, 573], "summary": {"covered_lines": 192, "num_statements": 233, "percent_covered": 82.40343347639485, "percent_covered_display": "82", "missing_lines": 41, "excluded_lines": 0}, "missing_lines": [51, 158, 183, 184, 249, 299, 301, 430, 431, 432, 433, 436, 450, 452, 455, 456, 457, 460, 463, 465, 467, 468, 469, 482, 485, 487, 488, 491, 492, 493, 496, 497, 499, 501, 502, 503, 517, 519, 543, 544, 559], "excluded_lines": []}, "app/services/social/__init__.py": {"executed_lines": [1, 5, 6, 7, 8, 10], "summary": {"covered_lines": 5, "num_statements": 5, "percent_covered": 100.0, "percent_covered_display": "100", "missing_lines": 0, "excluded_lines": 0}, "missing_lines": [], "excluded_lines": []}, "app/services/social/block_service.py": {"executed_lines": [1, 2, 3, 4, 6, 8, 9, 16, 17, 20, 21, 23, 24, 27, 28, 30, 31, 34, 39, 41, 43, 52, 57, 59, 64, 67, 73, 74, 79, 80, 86, 87, 93, 94, 99, 102, 109, 117, 118, 120, 121, 124, 129, 131, 133, 142, 149, 150, 155, 156, 159, 165, 173, 174, 176, 177, 179, 180, 183, 184, 186, 187, 189, 194, 195, 198, 208, 210, 211, 220, 221, 222, 226, 228, 229, 231, 232, 234, 235, 238, 239, 241, 253, 263, 265, 266, 275, 281, 283, 284, 286, 287, 289, 295, 299, 303, 307, 311, 315], "summary": {"covered_lines": 98, "num_statements": 116, "percent_covered": 84.48275862068965, "percent_covered_display": "84", "missing_lines": 18, "excluded_lines": 0}, "missing_lines": [190, 191, 192, 193, 242, 244, 245, 246, 247, 248, 249, 250, 276, 277, 304, 308, 312, 316], "excluded_lines": []}, "app/services/social/comment_service.py": {"executed_lines": [3, 4, 5, 8, 9, 11, 12, 30, 31], "summary": {"covered_lines": 8, "num_statements": 12, "percent_covered": 66.66666666666667, "percent_covered_display": "67", "missing_lines": 4, "excluded_lines": 0}, "missing_lines": [22, 23, 25, 33], "excluded_lines": []}, "app/services/social/discover_feed_service.py": {"executed_lines": [1, 3, 5, 6, 7, 8, 9, 10, 11, 13, 14, 19, 20, 21, 22, 23, 24, 25, 26, 27, 29, 32, 35, 36, 39, 189, 204, 205, 206, 207, 208, 210, 211, 213, 214, 215, 216, 219, 220, 221, 223, 224, 225, 227, 229, 230, 231, 233, 234, 237, 239, 240, 242, 243, 244, 248, 249, 250, 254, 255, 256, 264, 265, 266, 274, 276, 279, 280, 281, 282, 284, 285, 286, 289, 290, 291, 293, 296, 299, 300, 302, 303, 304, 305, 306, 311, 312, 313, 314, 316, 317, 319, 320, 324, 327, 330, 331, 333, 334, 335, 336, 338, 341, 343, 345, 347, 348, 355, 357, 358, 359, 360, 364, 365, 370, 372, 373, 374, 375, 385, 386, 389, 396, 397, 398, 399, 402, 403, 404, 407, 410, 412, 432, 440, 441, 442, 443, 444, 446, 450, 453, 454, 455, 456, 462, 469, 470, 471, 472, 473, 475, 476, 477, 479, 480, 481, 482, 483, 484, 485, 492, 493, 494, 495, 496, 497, 498, 499, 501, 502, 504, 505, 507, 519, 530, 531, 534, 550, 567, 583, 600, 624, 631, 632, 633, 656], "summary": {"covered_lines": 185, "num_statements": 243, "percent_covered": 76.13168724279835, "percent_covered_display": "76", "missing_lines": 58, "excluded_lines": 9}, "missing_lines": [41, 42, 43, 46, 48, 49, 52, 84, 87, 130, 133, 134, 169, 171, 174, 177, 178, 179, 180, 181, 182, 183, 186, 191, 192, 193, 201, 217, 245, 251, 287, 307, 308, 309, 321, 322, 344, 346, 349, 350, 352, 366, 367, 384, 447, 448, 521, 522, 523, 527, 667, 668, 672, 674, 680, 681, 695, 696], "excluded_lines": [257, 258, 267, 268, 272, 617, 618, 649, 650]}, "app/services/social/event_names.py": {"executed_lines": [1, 2, 5, 6, 7, 8, 9, 10, 13, 14, 15, 16, 17], "summary": {"covered_lines": 10, "num_statements": 10, "percent_covered": 100.0, "percent_covered_display": "100", "missing_lines": 0, "excluded_lines": 0}, "missing_lines": [], "excluded_lines": []}, "app/services/social/event_publisher.py": {"executed_lines": [1, 8, 9, 10, 11, 13, 15, 18, 23, 24, 25, 26, 27, 28, 38, 42, 43], "summary": {"covered_lines": 16, "num_statements": 18, "percent_covered": 88.88888888888889, "percent_covered_display": "89", "missing_lines": 2, "excluded_lines": 0}, "missing_lines": [44, 45], "excluded_lines": []}, "app/services/social/feed_ingester.py": {"executed_lines": [1, 7, 8, 9, 10, 12, 13, 15, 18, 28, 30, 31, 32, 35, 49, 51, 52, 54, 57, 60, 61, 62, 74, 77, 79, 81, 82, 84, 85, 92, 98, 99, 101, 104, 115, 117, 118, 119, 131, 144, 145, 158, 159, 171, 172, 174], "summary": {"covered_lines": 45, "num_statements": 51, "percent_covered": 88.23529411764706, "percent_covered_display": "88", "missing_lines": 6, "excluded_lines": 0}, "missing_lines": [87, 88, 90, 94, 95, 132], "excluded_lines": []}, "app/services/social/feed_service.py": {"executed_lines": [1, 8, 9, 10, 11, 12, 14, 15, 16, 18, 21, 33, 34, 35, 38, 39, 41, 42, 43, 52, 53, 57, 65, 66, 68, 71, 72, 74, 75, 76, 77, 79, 87, 89, 90, 91, 94, 95, 96, 97, 98, 100, 108, 123, 124, 125, 128, 134, 137, 138, 139, 140, 141, 143, 144, 145, 146, 149, 168, 169, 171, 172, 173, 175, 176, 178, 179, 199, 203, 205, 209, 220, 227, 228, 229, 230, 231, 234, 235, 236, 250, 252, 254, 255, 256, 259, 261, 263, 266, 274, 275, 276, 296, 298, 300, 301, 303], "summary": {"covered_lines": 96, "num_statements": 116, "percent_covered": 82.75862068965517, "percent_covered_display": "83", "missing_lines": 20, "excluded_lines": 0}, "missing_lines": [44, 47, 49, 50, 102, 103, 105, 180, 181, 183, 184, 185, 186, 187, 188, 189, 191, 222, 223, 224], "excluded_lines": []}, "app/services/social/follow_gateway.py": {"executed_lines": [1, 7, 9, 12, 13, 15, 28, 29, 33], "summary": {"covered_lines": 7, "num_statements": 7, "percent_covered": 100.0, "percent_covered_display": "100", "missing_lines": 0, "excluded_lines": 0}, "missing_lines": [], "excluded_lines": []}, "app/services/social/follow_service.py": {"executed_lines": [1, 4, 5, 6, 8, 10, 15, 16, 17, 20, 21, 23, 24, 26, 27, 28, 30, 31, 32, 33, 34, 35, 45, 51, 52, 54, 56, 65, 66, 67, 68, 77, 87, 88, 89, 90, 92, 94, 96, 98, 107, 108, 109, 110, 119, 120, 121, 122, 131, 133, 138, 139, 140, 141, 142, 144, 146, 148, 149, 158, 167, 168, 169, 170, 171, 173, 174, 175, 178, 180, 182, 195, 197, 198, 200, 201, 202, 203, 204, 206, 207, 208, 211, 213, 215, 228, 230, 231, 233, 246, 247, 248, 257, 258, 260, 261, 270, 278, 279, 294, 295, 298, 308, 309, 313, 317, 318, 319, 321, 322, 330, 332, 333, 334, 336, 338, 339, 340, 341, 345, 354, 355, 356, 357, 358, 361, 362, 364, 366, 367, 368, 369, 370, 376], "summary": {"covered_lines": 133, "num_statements": 142, "percent_covered": 93.66197183098592, "percent_covered_display": "94", "missing_lines": 9, "excluded_lines": 0}, "missing_lines": [234, 235, 236, 244, 296, 343, 360, 371, 372], "excluded_lines": []}, "app/services/social/gamification_gateway.py": {"executed_lines": [1, 7, 8, 10, 13, 14, 16, 26, 27, 35], "summary": {"covered_lines": 8, "num_statements": 8, "percent_covered": 100.0, "percent_covered_display": "100", "missing_lines": 0, "excluded_lines": 0}, "missing_lines": [], "excluded_lines": []}, "app/services/social/moderation_gateway.py": {"executed_lines": [1, 8, 9, 11, 13, 16, 17, 22, 33, 40, 41, 43, 45, 47, 49, 62, 63, 65, 67, 70, 74], "summary": {"covered_lines": 19, "num_statements": 22, "percent_covered": 86.36363636363636, "percent_covered_display": "86", "missing_lines": 3, "excluded_lines": 0}, "missing_lines": [35, 66, 68], "excluded_lines": []}, "app/services/social/post_read_service.py": {"executed_lines": [1, 7, 8, 9, 11, 14, 15, 17, 28, 29, 33], "summary": {"covered_lines": 9, "num_statements": 9, "percent_covered": 100.0, "percent_covered_display": "100", "missing_lines": 0, "excluded_lines": 0}, "missing_lines": [], "excluded_lines": []}, "app/services/social/post_service.py": {"executed_lines": [3, 4, 5, 7, 8, 14, 15, 17, 18, 21, 22, 25, 27, 29, 30, 31, 34, 43, 52, 56, 62, 63, 65, 66, 69, 70, 71, 73, 76, 77, 78, 79, 92, 93, 94, 96, 99, 100, 101, 102, 114, 115, 129, 130, 132, 133, 134, 137, 142, 143, 147, 154, 155, 161, 164, 165, 166, 170, 172, 187, 188, 190, 191, 192, 195, 200, 202, 204, 208, 211, 214, 220, 222, 224, 227, 228, 230, 231, 232, 233, 235, 236, 240, 245, 246, 248, 251, 253, 254, 255, 258, 267, 272, 278, 281, 282, 284, 285, 288, 297, 298, 300, 301, 302, 305, 306, 308, 309, 310, 315, 316, 319, 327, 328, 330, 331, 333, 334, 343, 348, 349, 351, 352, 353, 355, 359, 361, 365, 367, 372, 373, 375, 376, 377, 379, 381, 387, 388, 394, 395, 397, 398, 399, 401, 402, 404, 414, 420, 421, 423, 424, 425, 428, 429, 431, 441, 449, 450, 452, 453, 455, 456, 457, 458, 460, 472, 479], "summary": {"covered_lines": 166, "num_statements": 220, "percent_covered": 75.45454545454545, "percent_covered_display": "75", "missing_lines": 54, "excluded_lines": 0}, "missing_lines": [44, 45, 46, 58, 59, 64, 80, 81, 85, 86, 88, 89, 103, 104, 108, 109, 111, 112, 116, 117, 144, 184, 185, 212, 237, 238, 242, 243, 249, 274, 275, 283, 311, 312, 313, 314, 345, 346, 369, 370, 390, 392, 416, 418, 432, 433, 434, 435, 436, 437, 438, 439, 474, 475], "excluded_lines": []}, "app/services/social/profile_service.py": {"executed_lines": [1, 7, 8, 9, 11, 13, 14, 21, 22, 23, 24, 26, 29, 30, 32, 41, 42, 43, 44, 45, 47, 56, 57, 58, 59, 61, 63, 64, 65, 66, 67, 68, 71, 72, 73, 76, 77, 78, 84, 89, 91, 93, 104, 107, 108, 109, 118, 119, 122, 125, 128, 131, 134, 137, 138, 139, 141, 144, 154, 155, 165, 167, 179, 180, 182, 183, 184, 185, 187, 198, 201, 202, 209, 210, 211, 215, 216, 217, 220, 224, 225, 227, 228, 229, 231, 232, 233, 235, 236, 237, 239, 240, 241, 243, 244, 245, 247, 248, 249, 250, 251, 253, 256, 268, 270, 272, 273, 274, 275, 279, 281, 286, 288, 289, 291, 295], "summary": {"covered_lines": 114, "num_statements": 119, "percent_covered": 95.7983193277311, "percent_covered_display": "96", "missing_lines": 5, "excluded_lines": 0}, "missing_lines": [120, 156, 203, 221, 283], "excluded_lines": []}, "app/services/social/reaction_service.py": {"executed_lines": [3, 4, 7, 8, 10, 11, 21, 22, 25, 26, 27, 28, 29, 30, 31, 32, 33, 34, 35, 41, 42, 44], "summary": {"covered_lines": 21, "num_statements": 23, "percent_covered": 91.30434782608695, "percent_covered_display": "91", "missing_lines": 2, "excluded_lines": 0}, "missing_lines": [39, 40], "excluded_lines": []}, "app/services/social/report_service.py": {"executed_lines": [3, 4, 5, 6, 7, 9, 12, 13, 15, 19, 23, 24, 44, 45, 47, 48, 51, 52, 55, 56, 58, 60, 61, 62, 63, 75, 77, 79, 88, 89, 90, 92, 93, 107, 108, 109, 111, 112, 114, 115, 116, 118, 119, 121, 122, 124, 125, 126, 138, 140, 141, 142, 144, 145, 164, 170, 171, 172, 175, 176, 177, 180, 194, 196, 197, 199, 200, 201, 203, 204, 215, 216, 217, 219, 227, 229, 230, 231, 240, 242, 243, 244, 246, 247, 249, 250, 251, 253, 254, 255, 256, 257, 258, 260, 262, 264, 265, 266, 268, 269, 275, 276, 277, 279, 280, 282, 293, 295, 296, 297, 299, 300, 307, 308, 309, 312, 318, 321, 327, 330, 331, 337, 339, 346, 347, 348, 355, 356, 367, 368, 369, 372, 379, 381, 382, 384], "summary": {"covered_lines": 135, "num_statements": 135, "percent_covered": 100.0, "percent_covered_display": "100", "missing_lines": 0, "excluded_lines": 0}, "missing_lines": [], "excluded_lines": []}, "app/services/storage.py": {"executed_lines": [1, 2, 3, 4, 5, 6, 8, 10, 13, 14, 17, 19, 20, 22, 23, 25, 26, 28, 29, 31, 32, 33, 34], "summary": {"covered_lines": 20, "num_statements": 20, "percent_covered": 100.0, "percent_covered_display": "100", "missing_lines": 0, "excluded_lines": 3}, "missing_lines": [], "excluded_lines": [32, 33, 34]}, "app/services/taste_learning.py": {"executed_lines": [1, 6, 7, 8, 9, 10, 11, 13, 15, 18, 19, 21, 23, 25, 27, 29, 31, 32, 33, 36, 37, 38, 39, 40, 43, 44, 46, 47, 48, 49, 50, 53, 54, 55, 63, 70, 72, 86, 88, 92, 93, 94, 97, 98, 99, 104, 105, 106, 108, 109, 112, 115, 116, 117, 119, 121, 123, 134, 136, 137, 170, 172, 183, 185, 186, 191, 192, 202, 206, 209, 210, 216, 218, 219, 221, 224, 227, 235, 237, 243, 246, 255, 256, 257, 258, 259, 262, 269, 271, 274, 275, 277, 278, 280, 287, 298, 300, 303, 304, 306, 307, 309, 310, 311, 312, 313, 314, 316, 317, 318, 320, 321, 327, 329, 331, 334, 335, 337, 341, 342, 344, 347, 351, 353, 355, 357, 358, 359, 362, 364, 365, 366, 367, 368, 376, 377, 379, 380, 381, 382, 383, 386, 387, 388, 396, 399, 406, 408, 424, 426, 430, 431, 432, 435, 436, 437, 440, 441, 444, 446, 447, 450, 453, 454, 455, 457, 459, 461, 472, 474, 482, 483, 484, 485, 486, 487, 488, 489, 490, 491, 493, 495, 497, 499, 508, 509, 512, 517, 518, 519, 521, 523, 530, 532, 534, 547, 549, 550, 555, 556, 567, 571, 574, 575, 581, 583, 584, 586, 589, 590, 593, 602, 604, 610, 612, 617, 619, 620, 621, 622, 626, 627, 628, 635, 637, 639, 646, 648, 649, 650, 651, 654, 655, 656, 662, 664, 666, 668, 669, 670, 673, 682, 684, 686, 692, 694, 695, 696, 697, 700, 701, 702, 709, 711, 713, 716, 717, 720, 724, 725, 728, 732, 733, 736, 739, 743], "summary": {"covered_lines": 264, "num_statements": 341, "percent_covered": 77.41935483870968, "percent_covered_display": "77", "missing_lines": 77, "excluded_lines": 0}, "missing_lines": [60, 82, 83, 84, 89, 145, 146, 149, 154, 155, 156, 157, 159, 161, 168, 187, 188, 207, 212, 213, 214, 222, 239, 240, 241, 260, 263, 281, 282, 283, 284, 285, 288, 289, 291, 292, 293, 294, 296, 322, 323, 325, 338, 345, 393, 420, 421, 422, 427, 500, 551, 552, 572, 577, 578, 579, 587, 606, 607, 608, 623, 624, 629, 652, 657, 671, 674, 675, 676, 677, 678, 680, 698, 703, 721, 729, 737], "excluded_lines": []}, "app/services/translation_service.py": {"executed_lines": [1, 6, 7, 8, 9, 10, 11, 13, 14, 16, 19, 20, 26, 40, 46, 47, 48, 49, 50, 52, 54, 56, 73, 77, 80, 81, 84, 85, 86, 88, 89, 90, 93, 94, 95, 96, 97, 100, 101, 102, 103, 104, 107, 109, 111, 112, 113, 118, 125, 126, 128, 137, 138, 139, 141, 142, 143, 147, 155, 158, 165, 168, 169, 170, 171, 172, 174, 175, 177, 179, 180, 182, 183, 184, 186, 188, 191, 192, 194, 195, 196, 197, 198, 203, 211, 212, 213, 215, 216, 217, 222, 239, 243, 246, 248, 250, 254, 271, 275, 281, 284, 285, 286, 287, 288, 289, 291, 293, 295, 298, 299, 302, 307, 308, 313, 315, 318, 319, 322, 324, 326, 332, 335, 338, 339, 340], "summary": {"covered_lines": 124, "num_statements": 141, "percent_covered": 87.94326241134752, "percent_covered_display": "88", "missing_lines": 17, "excluded_lines": 0}, "missing_lines": [74, 115, 116, 145, 156, 166, 199, 200, 201, 218, 219, 220, 240, 252, 272, 320, 328], "excluded_lines": []}, "app/services/unit_conversion.py": {"executed_lines": [2, 10, 11, 12, 13, 16, 17, 18, 19, 20, 23, 24, 25, 26, 27, 28, 29, 32, 33, 44, 46, 47, 48, 50, 54, 88, 114, 149, 155, 279, 282, 312, 322, 323, 326, 327, 328, 329, 332, 334, 344, 346, 347, 348, 349, 350, 351, 353, 355, 373, 374, 376, 377, 378, 379, 380, 383, 384, 385, 386, 393, 395, 396, 397, 398, 405, 407, 408, 409, 410, 418, 425, 443, 445, 446, 448, 450, 451, 453, 476, 486, 490, 493, 494, 495, 498, 499, 501, 503, 522, 524, 525, 526, 527, 528, 529, 530, 531, 535, 537, 538, 556, 567, 568, 570, 574], "summary": {"covered_lines": 104, "num_statements": 131, "percent_covered": 79.38931297709924, "percent_covered_display": "79", "missing_lines": 27, "excluded_lines": 0}, "missing_lines": [461, 463, 464, 465, 467, 474, 487, 533, 539, 540, 541, 542, 544, 546, 548, 549, 551, 554, 591, 592, 595, 596, 599, 600, 603, 604, 607], "excluded_lines": []}, "app/services/vision_analyzer.py": {"executed_lines": [1, 8, 9, 10, 11, 12, 13, 15, 17, 19, 20, 30, 31, 32, 35, 51, 53, 101, 114, 116, 117, 118, 121, 124, 127, 130, 132, 143, 144, 145, 161, 163, 165, 166, 167, 172, 175, 178, 179, 182, 183, 184, 187, 188, 191, 192, 193, 195, 205, 207, 209, 211, 212, 214, 215, 216, 219, 220, 223, 225, 231, 278, 281, 282, 284, 286, 287, 298, 322, 342, 348, 358, 359, 360, 361, 362, 364, 365, 366, 369, 370, 371, 372, 373, 374, 377, 379, 387, 389, 393, 394, 396, 397, 398, 399, 401], "summary": {"covered_lines": 94, "num_statements": 128, "percent_covered": 73.4375, "percent_covered_display": "73", "missing_lines": 34, "excluded_lines": 0}, "missing_lines": [168, 169, 170, 243, 244, 246, 248, 251, 252, 253, 255, 257, 261, 263, 267, 276, 296, 305, 308, 311, 312, 313, 314, 317, 319, 320, 328, 329, 332, 335, 338, 340, 349, 390], "excluded_lines": []}, "app/utils/__init__.py": {"executed_lines": [1], "summary": {"covered_lines": 0, "num_statements": 0, "percent_covered": 100.0, "percent_covered_display": "100", "missing_lines": 0, "excluded_lines": 0}, "missing_lines": [], "excluded_lines": []}, "app/utils/auth_context.py": {"executed_lines": [1, 6, 7, 8, 9, 11, 13, 26, 28, 29, 30, 33, 36, 39, 42, 43, 44, 46, 47, 48, 50, 51, 52, 59, 74, 76, 77, 85, 98, 100, 101, 104, 105, 108, 109, 110, 111, 113, 114], "summary": {"covered_lines": 38, "num_statements": 43, "percent_covered": 88.37209302325581, "percent_covered_display": "88", "missing_lines": 5, "excluded_lines": 0}, "missing_lines": [34, 54, 55, 56, 82], "excluded_lines": []}, "app/utils/feature_flags.py": {"executed_lines": [1, 7, 8, 11, 21, 22, 28], "summary": {"covered_lines": 6, "num_statements": 7, "percent_covered": 85.71428571428571, "percent_covered_display": "86", "missing_lines": 1, "excluded_lines": 0}, "missing_lines": [35], "excluded_lines": []}, "app/utils/image_processor.py": {"executed_lines": [1, 8, 9, 10, 11, 13, 15, 16, 18, 19, 25, 26, 27, 28, 29, 30, 32, 33, 40, 41, 42, 43, 44, 45, 47, 48, 59, 60, 62, 63, 70, 71, 72, 73, 74, 76, 77, 88, 89, 90, 92, 93, 104, 105, 107, 111, 112, 113, 114, 115, 126, 127, 130, 131, 132, 138, 139, 156, 158, 163, 165, 166, 172, 173, 188, 189, 191, 192, 202, 203, 204, 209, 210, 217, 218, 229, 230, 231, 239, 248, 249, 260, 261, 263, 267, 270, 271, 272, 280, 282, 283, 284, 285, 286, 287, 290, 292, 293, 294, 295], "summary": {"covered_lines": 98, "num_statements": 123, "percent_covered": 79.67479674796748, "percent_covered_display": "80", "missing_lines": 25, "excluded_lines": 0}, "missing_lines": [108, 117, 119, 120, 121, 123, 134, 135, 136, 159, 168, 169, 170, 205, 206, 207, 236, 237, 241, 242, 243, 264, 274, 275, 276], "excluded_lines": []}, "app/utils/portion_estimator.py": {"executed_lines": [1, 7, 8, 10, 13, 14, 16, 18, 27, 38, 40, 42, 43, 44, 47, 50, 51, 54, 56, 61, 63, 65, 66, 68, 76, 79, 81, 88, 89, 90, 98, 100, 101, 102, 103, 104, 106, 109, 112, 121, 122, 123, 124, 125, 127, 131], "summary": {"covered_lines": 44, "num_statements": 47, "percent_covered": 93.61702127659575, "percent_covered_display": "94", "missing_lines": 3, "excluded_lines": 0}, "missing_lines": [57, 58, 59], "excluded_lines": []}, "app/utils/rate_limiter.py": {"executed_lines": [1, 3, 4, 5, 6, 9, 10, 12, 13, 14, 15, 16, 18, 27, 28, 29, 31, 32, 33, 34, 35, 36, 38, 40, 41], "summary": {"covered_lines": 23, "num_statements": 23, "percent_covered": 100.0, "percent_covered_display": "100", "missing_lines": 0, "excluded_lines": 0}, "missing_lines": [], "excluded_lines": []}}, "totals": {"covered_lines": 10863, "num_statements": 13211, "percent_covered": 82.22693210203619, "percent_covered_display": "82", "missing_lines": 2348, "excluded_lines": 53}}