{"meta": {"version": "7.2.5", "timestamp": "2026-01-19T09:23:48.420344", "branch_coverage": false, "show_contexts": false}, "files": {"app/__init__.py": {"executed_lines": [1], "summary": {"covered_lines": 0, "num_statements": 0, "percent_covered": 100.0, "percent_covered_display": "100", "missing_lines": 0, "excluded_lines": 0}, "missing_lines": [], "excluded_lines": []}, "app/config.py": {"executed_lines": [1, 2, 3, 4, 7, 8, 20, 25, 30, 35, 40, 46, 51, 56, 62, 67, 72, 78, 83, 89, 95, 100, 105, 111, 116, 121, 126, 131, 136, 142, 158, 159, 160, 164], "summary": {"covered_lines": 33, "num_statements": 33, "percent_covered": 100.0, "percent_covered_display": "100", "missing_lines": 0, "excluded_lines": 0}, "missing_lines": [], "excluded_lines": []}, "app/main.py": {"executed_lines": [1, 2, 3, 4, 5, 6, 7, 8, 9, 10, 11, 12, 13, 14, 15, 16, 17, 18, 19, 20, 21, 22, 23, 24, 26, 28, 35, 36, 37, 38, 39, 45, 51, 60, 61, 62, 63, 64, 65, 66, 68, 69, 70, 71, 72, 73, 74, 75, 76, 77, 78, 79, 82, 84], "summary": {"covered_lines": 54, "num_statements": 56, "percent_covered": 96.42857142857143, "percent_covered_display": "96", "missing_lines": 2, "excluded_lines": 0}, "missing_lines": [85, 86], "excluded_lines": []}, "app/models/__init__.py": {"executed_lines": [2, 3, 4, 5, 6], "summary": {"covered_lines": 5, "num_statements": 5, "percent_covered": 100.0, "percent_covered_display": "100", "missing_lines": 0, "excluded_lines": 0}, "missing_lines": [], "excluded_lines": []}, "app/models/exercise_suggestion.py": {"executed_lines": [1, 7, 8, 9, 12, 13, 14, 15, 16, 17, 19, 20, 23, 24, 25, 26, 27, 28, 29, 30, 32, 33, 34, 35, 36, 38, 39, 40, 41, 42, 43, 46, 47, 48, 49, 50, 51, 52, 54, 55, 59, 60], "summary": {"covered_lines": 38, "num_statements": 38, "percent_covered": 100.0, "percent_covered_display": "100", "missing_lines": 0, "excluded_lines": 0}, "missing_lines": [], "excluded_lines": []}, "app/models/food_vision.py": {"executed_lines": [1, 7, 8, 9, 12, 13, 14, 15, 16, 17, 18, 19, 22, 23, 24, 25, 26, 27, 28, 31, 32, 33, 34, 35, 36, 37, 38, 41, 42, 43, 44, 45, 46, 47, 50, 51, 52, 53, 54, 55, 56, 57, 58, 59, 60, 61, 64, 65, 66, 69, 70, 71, 72, 73, 74, 75, 76, 79, 80, 81, 82, 83, 86, 87, 88, 89, 90, 93, 94, 95, 96, 97, 98, 101, 102, 103, 104, 105, 106, 107], "summary": {"covered_lines": 68, "num_statements": 68, "percent_covered": 100.0, "percent_covered_display": "100", "missing_lines": 0, "excluded_lines": 0}, "missing_lines": [], "excluded_lines": []}, "app/models/intelligent_flow.py": {"executed_lines": [1, 8, 10, 11, 12, 13, 15, 17, 18, 19, 22, 23, 24, 25, 26, 29, 30, 31, 32, 33, 36, 37, 38, 39, 40, 41, 44, 45, 46, 47, 48, 49, 52, 53, 60, 61, 62, 63, 64, 65, 66, 67, 68, 69, 70, 71, 72, 73, 78, 80, 81, 82, 83, 85, 86, 87, 88, 89, 90, 93, 94, 96, 100, 101, 102, 103, 104, 105, 106, 107, 108, 109, 112, 113, 115, 116, 117, 118, 119, 123, 128, 129, 131, 133, 134, 137, 140, 141, 143, 144, 145, 148, 151, 152], "summary": {"covered_lines": 85, "num_statements": 86, "percent_covered": 98.83720930232558, "percent_covered_display": "99", "missing_lines": 1, "excluded_lines": 2}, "missing_lines": [132], "excluded_lines": [135, 136]}, "app/models/meal_plan.py": {"executed_lines": [1, 2, 3, 4, 5, 8, 9, 10, 13, 14, 17, 18, 19, 20, 21, 22, 25, 26, 27, 28, 31, 32, 33, 34, 35, 36, 37, 39, 40, 42, 43, 44, 45, 46, 47, 48, 49, 60, 63, 64, 65, 66, 69, 70, 71, 72, 73, 76, 77, 78, 79, 80, 81, 84, 85, 86, 87, 88, 89, 92, 93, 94, 95, 96, 99, 100, 101, 102, 103, 104, 105, 108, 109, 110, 113, 115, 116, 117, 120, 121, 124, 125, 126, 127, 128, 131, 132, 133, 136, 137, 138, 139, 142, 143, 144, 145, 146, 147, 148, 149, 150, 151, 154, 155, 156, 159, 160, 161, 162, 163, 165, 167, 170, 171, 172, 173, 174, 177, 178, 179, 180, 183, 184, 186, 187, 188, 191, 192, 195, 196, 199, 208, 215, 216, 217, 218, 221, 222, 223, 224, 225, 226], "summary": {"covered_lines": 141, "num_statements": 150, "percent_covered": 94.0, "percent_covered_display": "94", "missing_lines": 9, "excluded_lines": 0}, "missing_lines": [50, 51, 52, 53, 54, 56, 57, 58, 59], "excluded_lines": []}, "app/models/product.py": {"executed_lines": [1, 2, 3, 6, 7, 9, 10, 11, 16, 19, 20, 21, 22, 23, 24, 25, 26, 28, 29, 30, 33, 34, 35, 36, 37, 38, 39, 42, 43, 44, 45, 46, 47, 48, 49, 50, 53, 54, 55, 58, 59, 60, 61, 62, 63, 64, 65, 67, 73, 77, 78, 79, 80, 81, 82, 83], "summary": {"covered_lines": 54, "num_statements": 60, "percent_covered": 90.0, "percent_covered_display": "90", "missing_lines": 6, "excluded_lines": 0}, "missing_lines": [12, 68, 69, 70, 71, 74], "excluded_lines": []}, "app/models/recipe.py": {"executed_lines": [1, 2, 3, 4, 7, 8, 9, 10, 13, 14, 15, 16, 17, 18, 19, 20, 21, 22, 23, 24, 25, 26, 27, 28, 29, 30, 31, 32, 33, 34, 35, 36, 37, 40, 41, 42, 43, 44, 45, 46, 47, 50, 51, 52, 57, 58, 59, 62, 63, 64, 65, 68, 69, 70, 71, 74, 75, 76, 79, 80, 83, 86, 87, 89, 90, 95, 96, 107, 108, 109, 110, 111, 112, 115, 116, 117, 118, 119, 120, 123, 124, 125, 126, 127, 128, 133, 134, 135, 136, 137, 138, 139, 140, 141, 142, 143, 144, 147, 148, 149, 150, 151, 152, 153, 156, 157, 158, 159, 160, 161, 162, 163, 164, 165, 168, 169, 170, 171, 172, 173, 174, 175, 176, 177, 179, 180, 181, 183, 184, 185, 186, 189, 191, 192, 195, 196, 197, 198, 199, 200, 201, 204, 205, 206, 207, 208, 209, 210, 211, 214, 215, 216, 217, 218, 219, 220, 221, 222, 223, 226, 227, 228, 229, 230, 231, 236, 237, 238, 239, 240, 241, 242, 243, 244, 245, 248, 249, 252, 254, 259, 260, 261, 262, 263, 264, 266, 267, 275, 276, 277, 278, 279, 282, 283, 284, 285, 286, 289, 290, 291, 292, 295, 296, 297, 298, 299, 302, 303, 304, 305, 306, 309, 310, 311, 314, 315, 316, 317, 320, 321, 324, 325, 326, 329, 330, 331, 332, 333, 334, 337, 338, 339, 340, 341, 342, 343, 344, 345, 346, 349, 350, 351, 352, 353, 354, 355, 358, 359, 360, 361, 362, 363, 364, 365, 366, 367, 368, 369, 370, 371, 376, 377, 378, 379, 380, 381, 384, 385, 386, 387, 388, 393, 394, 395, 396, 399, 400, 401, 402, 403, 404, 405, 408, 409, 410, 411, 414, 415, 416, 417, 418, 419, 420, 421, 424, 425, 426, 427, 428, 429, 430], "summary": {"covered_lines": 272, "num_statements": 282, "percent_covered": 96.45390070921985, "percent_covered_display": "96", "missing_lines": 10, "excluded_lines": 0}, "missing_lines": [91, 92, 93, 97, 101, 102, 103, 104, 269, 270], "excluded_lines": []}, "app/models/recommendation.py": {"executed_lines": [1, 2, 3, 4, 6, 7, 8, 9, 10, 11, 12, 13, 15, 16, 17, 18, 19, 20, 21, 22, 23, 24, 26, 27, 28, 29, 30, 31, 32, 34, 35, 36, 37, 38, 39, 42, 43, 44, 45, 46, 47, 50, 51, 52, 53, 56, 57, 59, 60, 61, 62, 63, 64, 67, 68, 70, 71, 72, 73, 74, 75, 76, 77, 80, 81, 82, 83, 86, 87, 90, 91, 92, 94, 95, 96, 98, 99, 100, 101, 102, 105, 108, 109, 110, 113, 114, 117, 118, 119, 121, 122, 123, 124, 125, 128, 129, 130, 133, 134, 137, 139, 140, 141, 143, 144, 145, 148, 151, 152, 155, 156, 157, 158, 159], "summary": {"covered_lines": 105, "num_statements": 105, "percent_covered": 100.0, "percent_covered_display": "100", "missing_lines": 0, "excluded_lines": 0}, "missing_lines": [], "excluded_lines": []}, "app/models/reminder.py": {"executed_lines": [1, 2, 3, 4, 6, 7, 10, 12, 15, 16, 17, 19, 21, 22, 23, 24, 25, 26, 27, 28, 30, 32, 35, 36, 37, 38, 40, 41, 42, 43, 44, 45, 46, 48, 51, 52, 53, 54, 55, 56, 57, 58, 60, 61, 62, 63, 64, 66, 67, 69, 70, 71, 74, 75, 76, 77, 78, 79, 80, 81, 82, 83, 86, 87, 88, 89, 90, 91, 92, 93, 95, 96, 97, 98, 99, 100, 101, 102, 104, 105, 106, 108, 111, 112, 113, 114, 117, 118, 119], "summary": {"covered_lines": 83, "num_statements": 88, "percent_covered": 94.31818181818181, "percent_covered_display": "94", "missing_lines": 5, "excluded_lines": 0}, "missing_lines": [13, 18, 29, 47, 107], "excluded_lines": []}, "app/models/shopping.py": {"executed_lines": [1, 6, 7, 8, 9, 14, 15, 16, 17, 18, 19, 22, 23, 24, 25, 26, 27, 30, 31, 32, 33, 34, 37, 38, 39, 40, 41, 42, 47, 48, 49, 50, 51, 52, 53, 54, 55, 56, 59, 60, 61, 62, 63, 64, 65, 66, 69, 70, 71, 72, 73, 74, 77, 78, 79, 80, 81, 84, 85, 86, 89, 90, 91, 92, 93, 96, 97, 98, 100, 102, 103, 105, 107, 110, 111, 112, 113, 114, 117, 118, 119, 120, 123, 124, 125, 126, 129, 130, 131, 134, 135, 137, 139, 140, 155, 156, 157, 158, 159, 162, 163, 164, 167, 168, 171, 172, 173, 175, 178, 179, 180, 183, 184, 185, 188, 189, 190, 191, 194, 195, 196, 199, 200, 201, 203, 204, 207, 208, 209, 210, 211, 212, 215, 216, 217, 220, 221, 222, 223, 226, 227, 228, 231, 232, 234, 235, 236, 238, 239, 246, 247, 248, 249, 250, 253, 254, 255, 256, 259, 260, 261, 262, 265, 266, 267, 268, 270, 275, 276, 277, 278, 279, 280, 281, 282, 283, 284, 286, 287, 295, 296, 297, 298, 299, 300, 301, 302, 305, 306, 309, 310, 311, 312, 313, 314, 317, 318, 319, 320, 321, 322, 323, 324, 325, 326, 329, 330, 331, 332, 333, 334, 337, 338, 341, 342, 343, 344, 345, 346, 347, 348, 351, 352, 353, 354, 355, 356, 357, 364, 365, 366, 367, 368, 369, 370, 373, 374, 375, 376, 377, 378, 379, 382, 383, 384, 385, 386, 387, 394, 395, 396, 397, 398, 399, 404, 405, 406, 407, 408, 409, 410, 411, 412, 413, 414, 415, 416, 421, 422, 423, 424, 425, 426, 427, 428, 429, 430, 431, 436, 437, 438, 439, 440, 441, 442, 443, 444], "summary": {"covered_lines": 259, "num_statements": 276, "percent_covered": 93.84057971014492, "percent_covered_display": "94", "missing_lines": 17, "excluded_lines": 0}, "missing_lines": [106, 142, 143, 144, 145, 147, 148, 149, 151, 152, 241, 242, 243, 289, 290, 291, 292], "excluded_lines": []}, "app/models/smart_diet.py": {"executed_lines": [1, 6, 7, 8, 9, 12, 18, 21, 22, 23, 24, 25, 28, 29, 30, 31, 32, 33, 34, 37, 38, 39, 40, 41, 42, 45, 46, 48, 49, 50, 51, 54, 55, 56, 59, 60, 63, 64, 65, 68, 69, 72, 73, 76, 77, 80, 81, 82, 85, 88, 89, 91, 92, 93, 96, 99, 100, 102, 105, 106, 107, 110, 111, 112, 115, 116, 119, 120, 121, 122, 125, 128, 131, 132, 133, 136, 137, 138, 139, 140, 141, 142, 143, 144, 145, 148, 149, 150, 153, 154, 155, 156, 157, 160, 161, 163, 164, 165, 168, 171, 172, 173, 174, 177, 178, 181, 182, 183, 186, 189, 192, 193, 195, 196, 197, 200, 201, 202, 205, 206, 209, 212, 213, 215, 216, 217, 220, 221, 222, 225, 226, 227, 230, 231, 234, 235, 238, 239, 241, 242, 245, 246, 247, 250, 251, 255, 261, 262, 265, 266, 270, 271, 273, 274, 307, 308, 309], "summary": {"covered_lines": 145, "num_statements": 146, "percent_covered": 99.31506849315069, "percent_covered_display": "99", "missing_lines": 1, "excluded_lines": 0}, "missing_lines": [276], "excluded_lines": []}, "app/models/social/__init__.py": {"executed_lines": [1, 5, 12, 20, 22], "summary": {"covered_lines": 4, "num_statements": 4, "percent_covered": 100.0, "percent_covered_display": "100", "missing_lines": 0, "excluded_lines": 0}, "missing_lines": [], "excluded_lines": []}, "app/models/social/block.py": {"executed_lines": [1, 2, 3, 4, 6, 7, 8, 10, 11, 12, 14, 15, 16, 17, 18, 19, 21, 22, 23, 24, 25, 26, 28, 29, 30], "summary": {"covered_lines": 25, "num_statements": 25, "percent_covered": 100.0, "percent_covered_display": "100", "missing_lines": 0, "excluded_lines": 0}, "missing_lines": [], "excluded_lines": []}, "app/models/social/discover_feed.py": {"executed_lines": [1, 2, 3, 5, 8, 9, 10, 11, 12, 15, 16, 17, 18, 21, 22, 26, 27, 28, 29, 30, 36, 37, 40, 43, 46, 51, 52, 53, 56, 59, 62, 65, 68], "summary": {"covered_lines": 33, "num_statements": 33, "percent_covered": 100.0, "percent_covered_display": "100", "missing_lines": 0, "excluded_lines": 0}, "missing_lines": [], "excluded_lines": []}, "app/models/social/feed.py": {"executed_lines": [1, 7, 8, 9, 12, 13, 14, 15, 16, 17, 18, 19, 22, 23, 24, 25], "summary": {"covered_lines": 13, "num_statements": 13, "percent_covered": 100.0, "percent_covered_display": "100", "missing_lines": 0, "excluded_lines": 0}, "missing_lines": [], "excluded_lines": []}, "app/models/social/follow.py": {"executed_lines": [1, 2, 3, 5, 6, 9, 10, 11, 12, 13, 16, 17, 20, 21, 22, 23, 24, 25, 26, 27, 30, 31, 32, 33, 34, 37, 38, 39], "summary": {"covered_lines": 28, "num_statements": 28, "percent_covered": 100.0, "percent_covered_display": "100", "missing_lines": 0, "excluded_lines": 0}, "missing_lines": [], "excluded_lines": []}, "app/models/social/post.py": {"executed_lines": [3, 4, 5, 6, 9, 10, 13, 14, 15, 16, 17, 18, 21, 22, 23, 25, 26, 27, 29, 32, 33, 34, 37, 38, 39, 40, 41, 42, 43, 44, 45, 46, 49, 50, 53, 54, 55, 56, 57, 58, 59], "summary": {"covered_lines": 41, "num_statements": 42, "percent_covered": 97.61904761904762, "percent_covered_display": "98", "missing_lines": 1, "excluded_lines": 0}, "missing_lines": [28], "excluded_lines": []}, "app/models/social/profile.py": {"executed_lines": [1, 7, 8, 9, 10, 13, 14, 15, 16, 19, 20, 21, 22, 23, 24, 25, 26, 29, 30, 31, 32, 33, 34, 35, 38, 39, 40, 41, 42, 43, 44, 45, 46, 47, 48, 51, 52, 53, 54, 55, 56], "summary": {"covered_lines": 35, "num_statements": 35, "percent_covered": 100.0, "percent_covered_display": "100", "missing_lines": 0, "excluded_lines": 0}, "missing_lines": [], "excluded_lines": []}, "app/models/tracking.py": {"executed_lines": [1, 2, 3, 4, 6, 7, 8, 9, 10, 11, 12, 14, 15, 17, 18, 21, 23, 24, 25, 26, 28, 30, 33, 34, 36, 37, 38, 39, 40, 41, 44, 45, 47, 48, 49, 51, 52, 55, 61, 63, 64, 65, 67, 68, 70, 71, 72, 74, 76, 77, 78, 80, 82, 83, 84, 85, 86, 87, 88, 89, 90, 92, 93, 94, 95, 96, 98, 99, 101, 107, 108, 112, 113, 116, 117, 131, 133, 134, 135, 137, 139, 140, 144, 145, 146, 147, 148, 149, 150, 152, 153, 154, 155, 156, 157, 159, 160, 161, 162, 165, 166, 167, 168, 169, 170, 171, 173, 174, 175, 176, 181, 182, 183, 184, 185, 188, 189, 190, 191, 192, 193, 196, 197, 198, 199, 200, 201, 202, 203, 204, 205, 208, 209, 210, 211, 212, 213, 216, 217, 218, 219, 220, 221, 222, 223, 226, 227, 228, 231, 232, 233, 234, 235, 236], "summary": {"covered_lines": 138, "num_statements": 162, "percent_covered": 85.18518518518519, "percent_covered_display": "85", "missing_lines": 24, "excluded_lines": 0}, "missing_lines": [19, 27, 29, 31, 53, 56, 58, 79, 104, 109, 114, 118, 119, 120, 121, 122, 124, 125, 126, 127, 129, 136, 141, 142], "excluded_lines": []}, "app/models/translation.py": {"executed_lines": [1, 5, 6, 9, 10, 12, 13, 14, 16, 17, 18, 20, 22, 23, 24, 26, 27, 29, 32, 33, 35, 38, 39, 41, 42, 43, 45, 46, 47, 51, 53, 56, 59, 61, 62, 63, 65, 66, 68, 71, 72, 74, 75, 76, 78, 79, 80, 84, 86, 89, 92, 94, 95, 96, 98, 99, 101, 104, 105, 107, 108, 109, 110, 111, 112, 113, 116, 117, 119, 120, 121, 122, 123, 124, 125, 128, 129, 131, 132, 135, 136, 138, 139, 140, 141, 142, 146, 147, 149, 150, 151, 154, 155, 157, 158, 159, 162, 163, 165, 166, 167], "summary": {"covered_lines": 89, "num_statements": 102, "percent_covered": 87.25490196078431, "percent_covered_display": "87", "missing_lines": 13, "excluded_lines": 0}, "missing_lines": [19, 25, 28, 48, 54, 57, 64, 67, 81, 87, 90, 97, 100], "excluded_lines": []}, "app/models/user.py": {"executed_lines": [1, 2, 3, 4, 7, 8, 9, 10, 13, 14, 15, 16, 17, 18, 19, 20, 21, 22, 23, 24, 26, 27, 28, 30, 32, 33, 35, 38, 39, 40, 41, 42, 43, 46, 47, 48, 49, 52, 53, 54, 55, 58, 59, 60, 61, 64, 65, 66, 67, 68, 69, 70, 71, 72, 73, 74, 77, 78, 79, 80, 81, 82, 85, 86, 87, 88, 89, 90, 93, 94, 95, 98, 99, 100, 101, 102, 103, 104, 105, 106], "summary": {"covered_lines": 70, "num_statements": 73, "percent_covered": 95.89041095890411, "percent_covered_display": "96", "missing_lines": 3, "excluded_lines": 0}, "missing_lines": [29, 31, 34], "excluded_lines": []}, "app/repositories/__init__.py": {"executed_lines": [1, 6, 7, 8, 9, 10, 11, 15], "summary": {"covered_lines": 7, "num_statements": 7, "percent_covered": 100.0, "percent_covered_display": "100", "missing_lines": 0, "excluded_lines": 0}, "missing_lines": [], "excluded_lines": []}, "app/repositories/base.py": {"executed_lines": [1, 5, 6, 7, 9, 11, 14, 15, 20, 30, 31, 35, 36, 40, 41, 45, 46, 50, 51, 55, 56, 60, 61, 65, 66, 70, 71], "summary": {"covered_lines": 25, "num_statements": 36, "percent_covered": 69.44444444444444, "percent_covered_display": "69", "missing_lines": 11, "excluded_lines": 0}, "missing_lines": [27, 28, 33, 38, 43, 48, 53, 58, 63, 68, 73], "excluded_lines": []}, "app/repositories/connection.py": {"executed_lines": [1, 5, 6, 7, 8, 10, 13, 14, 16, 23, 24, 26, 27, 37, 38, 40, 41, 44, 45, 46, 47, 49, 50, 51, 53, 54, 55, 56, 57, 59, 60, 61, 65], "summary": {"covered_lines": 31, "num_statements": 31, "percent_covered": 100.0, "percent_covered_display": "100", "missing_lines": 0, "excluded_lines": 0}, "missing_lines": [], "excluded_lines": []}, "app/repositories/meal_plan_repository.py": {"executed_lines": [1, 5, 6, 7, 8, 9, 10, 11, 13, 16, 17, 18, 19, 20, 25, 26, 27, 32, 33, 34, 35, 36, 37, 38, 39, 40, 41, 42, 45, 46, 48, 50, 51, 53, 55, 56, 57, 58, 59, 76, 77, 78, 79, 80, 84, 85, 87, 89, 91, 93, 94, 95, 96, 100, 114, 128, 130, 131, 135, 136, 138, 140, 141, 145, 146, 148, 150, 151, 160, 161, 163, 165, 167, 168, 170, 171, 190, 192, 193, 195, 197, 198, 201, 202, 205, 208, 209, 211, 212, 216, 218, 220, 222, 223, 228, 230, 231, 235, 236, 238, 240, 241, 245, 246, 248, 250, 251, 252], "summary": {"covered_lines": 104, "num_statements": 111, "percent_covered": 93.69369369369369, "percent_covered_display": "94", "missing_lines": 7, "excluded_lines": 0}, "missing_lines": [21, 81, 82, 97, 98, 116, 206], "excluded_lines": []}, "app/repositories/product_repository.py": {"executed_lines": [1, 6, 7, 8, 9, 10, 11, 13, 16, 17, 19, 21, 23, 27, 30, 31, 32, 33, 37, 46, 56, 58, 59, 63, 64, 66, 68, 69, 73, 74, 76, 78, 80, 82, 95, 96, 99, 101, 103, 107, 108, 111, 112, 114, 115, 119, 121, 123, 125, 126, 130, 131, 133, 135, 136, 140, 141, 143, 145, 146, 147], "summary": {"covered_lines": 59, "num_statements": 65, "percent_covered": 90.76923076923077, "percent_covered_display": "91", "missing_lines": 6, "excluded_lines": 0}, "missing_lines": [25, 34, 35, 48, 104, 109], "excluded_lines": []}, "app/repositories/reminder_repository.py": {"executed_lines": [1, 5, 6, 7, 8, 9, 11, 14, 15, 16, 21, 22, 23, 24, 25, 26, 27, 28, 29, 32, 33, 38, 40, 42, 44, 45, 47, 48, 66, 67, 68, 74, 76, 77, 78, 85, 86, 87, 89, 101, 103, 104, 106, 107, 127, 128, 143, 145, 149, 150, 151, 154, 155, 157, 158, 160, 161, 165, 166, 172, 174, 176, 177, 178, 179, 184, 186, 187, 189, 190, 191, 192, 193, 199, 201, 202, 204, 205, 215], "summary": {"covered_lines": 76, "num_statements": 95, "percent_covered": 80.0, "percent_covered_display": "80", "missing_lines": 19, "excluded_lines": 0}, "missing_lines": [69, 70, 71, 72, 117, 146, 152, 167, 168, 169, 170, 180, 181, 182, 194, 195, 196, 197, 210], "excluded_lines": []}, "app/repositories/tracking_repository.py": {"executed_lines": [1, 5, 6, 7, 8, 9, 10, 12, 15, 16, 17, 20, 21, 22, 23, 24, 25, 26, 27, 30, 31, 32, 35, 36, 37, 38, 39, 40, 43, 44, 49, 51, 55, 57, 58, 60, 61, 62, 64, 70, 71, 72, 73, 75, 76, 82, 83, 85, 87, 88, 92, 94, 101, 102, 103, 109, 111, 112, 113, 117, 118, 119, 121, 122, 123, 124, 125, 126, 127, 128, 131, 133, 140, 142, 143, 144, 149, 151, 152, 153, 154, 155, 156, 157, 158, 159, 160, 163, 165, 171, 173, 175, 176, 177, 178, 179, 180, 181, 182, 188, 193, 194, 195, 196, 197, 198, 204, 205, 206, 216, 217, 219, 221, 222, 226, 227, 234, 235, 236, 244, 246, 247, 248, 249, 250, 251, 256, 257, 258, 264, 266, 267, 268, 271, 272, 273, 274, 280, 282, 283, 284, 289, 290, 296, 298, 300, 302, 303, 304, 305, 306, 307, 308, 316, 318, 319, 320, 321, 323, 325, 326, 327, 328], "summary": {"covered_lines": 159, "num_statements": 196, "percent_covered": 81.12244897959184, "percent_covered_display": "81", "missing_lines": 37, "excluded_lines": 0}, "missing_lines": [74, 78, 84, 86, 90, 104, 105, 106, 107, 129, 130, 161, 162, 183, 184, 185, 186, 207, 208, 209, 210, 212, 218, 220, 224, 237, 238, 239, 240, 259, 260, 261, 262, 309, 310, 311, 312], "excluded_lines": []}, "app/repositories/user_repository.py": {"executed_lines": [1, 6, 7, 8, 9, 10, 11, 13, 16, 17, 19, 21, 23, 27, 29, 42, 56, 58, 59, 63, 64, 66, 68, 69, 73, 74, 76, 78, 79, 80, 83, 84, 86, 87, 107, 110, 112, 114, 115, 119, 120, 122, 124, 128, 129, 131, 132, 136, 138, 140, 142, 143, 144, 146, 156, 162, 164, 165, 169, 170, 172, 174, 175, 176, 178, 180, 181, 185, 186, 188, 190, 191, 195, 196], "summary": {"covered_lines": 72, "num_statements": 82, "percent_covered": 87.8048780487805, "percent_covered_display": "88", "missing_lines": 10, "excluded_lines": 0}, "missing_lines": [25, 44, 125, 148, 149, 153, 154, 158, 159, 160], "excluded_lines": []}, "app/routes/__init__.py": {"executed_lines": [1], "summary": {"covered_lines": 0, "num_statements": 0, "percent_covered": 100.0, "percent_covered_display": "100", "missing_lines": 0, "excluded_lines": 0}, "missing_lines": [], "excluded_lines": []}, "app/routes/analytics.py": {"executed_lines": [1, 2, 3, 4, 5, 7, 8, 11, 14, 15, 22, 23, 24, 26, 27, 28, 34, 35, 42, 43, 44, 46, 51, 53, 54, 55, 57, 58, 60, 61, 63, 68, 69, 70, 76, 77, 84, 85, 86, 88, 93, 95, 96, 97, 99, 100, 102, 103, 105, 118, 119, 125, 126, 127, 128, 135, 136, 149, 150, 159, 160, 161, 163, 169, 170, 172, 173, 174, 176, 177, 178, 180, 181, 182, 184, 185, 187, 188, 190, 191, 193, 198, 199, 200], "summary": {"covered_lines": 84, "num_statements": 90, "percent_covered": 93.33333333333333, "percent_covered_display": "93", "missing_lines": 6, "excluded_lines": 0}, "missing_lines": [110, 111, 112, 141, 142, 143], "excluded_lines": []}, "app/routes/auth.py": {"executed_lines": [1, 2, 3, 4, 5, 6, 7, 8, 9, 11, 13, 15, 16, 18, 19, 22, 25, 26, 30, 33, 34, 45, 46, 47, 48, 49, 50, 51, 57, 58, 67, 68, 69, 70, 71, 72, 73, 79, 80, 88, 89, 90, 91, 100, 101, 107, 108, 109, 110, 114, 115, 121, 134, 135, 147, 148, 149, 150, 151, 152, 154, 156, 168, 169, 175, 197, 198, 210, 212, 213, 220, 221, 227, 230, 233, 235, 237, 238], "summary": {"covered_lines": 78, "num_statements": 91, "percent_covered": 85.71428571428571, "percent_covered_display": "86", "missing_lines": 13, "excluded_lines": 0}, "missing_lines": [92, 93, 94, 170, 187, 188, 189, 190, 191, 214, 239, 240, 241], "excluded_lines": []}, "app/routes/block.py": {"executed_lines": [1, 6, 7, 9, 10, 12, 13, 14, 15, 20, 21, 23, 25, 27, 30, 31, 43, 44, 46, 47, 49, 50, 51, 56, 57, 64, 66, 67, 68, 69, 70, 71, 74, 75, 88, 92, 93, 95, 96, 101, 103, 104, 105, 106, 109, 110, 123, 127, 128, 130, 131, 136, 139, 140, 141], "summary": {"covered_lines": 54, "num_statements": 58, "percent_covered": 93.10344827586206, "percent_covered_display": "93", "missing_lines": 4, "excluded_lines": 0}, "missing_lines": [62, 89, 124, 138], "excluded_lines": []}, "app/routes/feed.py": {"executed_lines": [1, 9, 10, 11, 12, 13, 14, 15, 16, 20, 21, 25, 26, 28, 29, 32, 33, 47, 48, 49, 50, 51, 52, 55, 56, 71, 72, 73, 80, 86, 87, 105, 106, 108, 109, 111, 112, 118, 119, 120, 128, 131, 132, 139, 140, 142, 143, 153, 163], "summary": {"covered_lines": 48, "num_statements": 54, "percent_covered": 88.88888888888889, "percent_covered_display": "89", "missing_lines": 6, "excluded_lines": 0}, "missing_lines": [74, 75, 76, 164, 165, 174], "excluded_lines": []}, "app/routes/follow.py": {"executed_lines": [1, 8, 9, 10, 11, 12, 13, 14, 16, 19, 20, 21, 23, 24, 26, 29, 30, 40, 41], "summary": {"covered_lines": 18, "num_statements": 22, "percent_covered": 81.81818181818181, "percent_covered_display": "82", "missing_lines": 4, "excluded_lines": 0}, "missing_lines": [36, 37, 47, 48], "excluded_lines": []}, "app/routes/food_vision.py": {"executed_lines": [1, 8, 9, 10, 11, 12, 14, 15, 16, 17, 18, 20, 21, 23, 26, 34, 35, 54, 57, 58, 61, 62, 63, 66, 67, 68, 71, 72, 75, 76, 78, 79, 85, 86, 88, 90, 93, 95, 103, 104, 105, 106, 107, 108, 111, 113, 115, 116, 117, 122, 123, 139, 140, 141, 143, 145, 153, 155, 157, 158, 159, 164, 165, 184, 185, 186, 189, 190, 191, 192, 193, 196, 197, 201, 208, 209, 210, 211, 212, 221, 222, 225, 226, 232, 234, 236, 237, 238, 243, 244, 250], "summary": {"covered_lines": 90, "num_statements": 108, "percent_covered": 83.33333333333333, "percent_covered_display": "83", "missing_lines": 18, "excluded_lines": 0}, "missing_lines": [30, 31, 32, 55, 80, 81, 82, 87, 89, 91, 198, 213, 214, 215, 216, 217, 218, 220], "excluded_lines": []}, "app/routes/gamification.py": {"executed_lines": [3, 4, 5, 6, 8, 9, 10, 11, 12, 14, 17, 18, 19, 20, 21, 22, 25, 26, 29, 30, 33, 34, 37, 38, 45, 46, 48, 50, 51, 52, 57, 58, 67, 69, 70, 71, 76, 77, 81, 83, 84, 85, 90, 91, 96, 97, 99, 101, 102, 103, 108, 109, 119, 120, 122, 124, 125, 126, 136, 137, 139, 142, 143, 148, 149, 160, 161, 166, 167], "summary": {"covered_lines": 69, "num_statements": 85, "percent_covered": 81.17647058823529, "percent_covered_display": "81", "missing_lines": 16, "excluded_lines": 0}, "missing_lines": [53, 54, 72, 73, 86, 87, 104, 105, 131, 132, 145, 151, 153, 154, 163, 169], "excluded_lines": []}, "app/routes/intelligent_flow.py": {"executed_lines": [1, 9, 10, 12, 13, 15, 21, 22, 23, 27, 28, 30, 33, 34, 36, 37, 38, 39, 43, 49, 50, 52, 53, 54, 55, 56, 57, 60, 71, 87, 89, 98, 99, 100, 101, 110, 111, 126, 133, 138, 140, 141, 144, 147], "summary": {"covered_lines": 41, "num_statements": 47, "percent_covered": 87.23404255319149, "percent_covered_display": "87", "missing_lines": 6, "excluded_lines": 2}, "missing_lines": [112, 113, 117, 118, 142, 145], "excluded_lines": [119, 120]}, "app/routes/moderation.py": {"executed_lines": [3, 4, 5, 6, 8, 9, 10, 11, 13, 16, 17, 18, 19, 20, 22, 23, 24, 26, 28, 29, 30, 31, 32, 35, 36, 37, 38, 39, 40, 41, 44, 45, 46, 48, 49, 50, 51, 52, 55, 56, 57, 58, 59, 62, 63, 67, 68, 77, 79, 80, 88, 90, 91, 96, 97, 106, 108, 109, 110, 117, 118, 129, 131, 132, 133, 139, 140, 151, 153, 154, 161, 162, 164, 170, 171, 176, 177, 186, 188, 189, 190], "summary": {"covered_lines": 81, "num_statements": 92, "percent_covered": 88.04347826086956, "percent_covered_display": "88", "missing_lines": 11, "excluded_lines": 0}, "missing_lines": [25, 92, 93, 112, 113, 135, 136, 172, 173, 192, 193], "excluded_lines": []}, "app/routes/notifications.py": {"executed_lines": [3, 4, 5, 6, 8, 9, 10, 11, 13, 16, 17, 18, 19, 20, 21, 22, 23, 26, 27, 28, 31, 32, 33, 36, 37, 47, 49, 50, 53, 55, 63, 64, 71, 73, 74, 76, 77, 79, 83, 84, 89, 90, 94, 96, 97, 99, 108, 109, 115, 117, 118, 119, 124, 125, 135, 140, 141, 142], "summary": {"covered_lines": 58, "num_statements": 68, "percent_covered": 85.29411764705883, "percent_covered_display": "85", "missing_lines": 10, "excluded_lines": 0}, "missing_lines": [59, 60, 85, 86, 104, 105, 120, 121, 146, 147], "excluded_lines": []}, "app/routes/plan.py": {"executed_lines": [1, 2, 4, 5, 7, 11, 12, 13, 14, 15, 16, 17, 18, 20, 21, 24, 25, 28, 33, 34, 39, 40, 45, 46, 52, 57, 58, 61, 62, 64, 68, 76, 101, 103, 104, 107, 111, 112, 115, 118, 121, 122, 123, 126, 127, 130, 135, 137, 139, 140, 141, 142, 143, 147, 148, 149, 155, 159, 160, 161, 162, 165, 173, 174, 175, 177, 178, 183, 186, 187, 198, 200, 201, 220, 229, 260, 262, 263, 269, 272, 273, 274, 279, 286, 287, 289, 296, 299, 300, 301, 302, 308, 309, 311, 314, 320, 321, 322, 323, 324, 330, 337, 351, 353, 354, 355, 360, 361, 364, 371, 385, 387, 388, 389, 394, 395, 398, 403, 404, 406, 407, 412, 415, 421, 422, 423, 426, 429, 430, 438, 441, 442, 447, 450, 456, 457, 458, 459, 460, 469, 470, 479, 480, 481, 482, 490, 491, 499, 502, 507, 509, 513, 516, 525, 546, 548, 551, 554, 555, 556, 559, 562, 563, 566, 569, 582, 583, 584, 593, 596, 599, 600, 601, 602, 611, 617, 618, 619, 628, 630, 638, 639, 640, 641, 642], "summary": {"covered_lines": 185, "num_statements": 188, "percent_covered": 98.40425531914893, "percent_covered_display": "98", "missing_lines": 3, "excluded_lines": 0}, "missing_lines": [424, 510, 511], "excluded_lines": []}, "app/routes/posts.py": {"executed_lines": [3, 4, 5, 7, 8, 9, 10, 11, 12, 13, 15, 18, 19, 22, 23, 24, 27, 28, 29, 32, 33, 36, 37, 48, 50, 51, 52, 53, 54, 57, 58, 63, 65, 66, 68, 69, 72, 73, 80, 82, 83, 85, 103, 104, 107, 108, 114, 116, 117, 118, 119, 120, 123, 124, 130, 132, 133, 134, 135, 136, 139, 140, 147, 149, 150, 151, 152, 153], "summary": {"covered_lines": 68, "num_statements": 69, "percent_covered": 98.55072463768116, "percent_covered_display": "99", "missing_lines": 1, "excluded_lines": 0}, "missing_lines": [67], "excluded_lines": []}, "app/routes/product/__init__.py": {"executed_lines": [1, 5, 6, 7, 8, 11, 14, 15, 16, 18, 21, 22, 23, 25], "summary": {"covered_lines": 13, "num_statements": 13, "percent_covered": 100.0, "percent_covered_display": "100", "missing_lines": 0, "excluded_lines": 0}, "missing_lines": [], "excluded_lines": []}, "app/routes/product/ocr_routes.py": {"executed_lines": [1, 5, 6, 7, 8, 9, 10, 11, 12, 14, 15, 18, 20, 21, 22, 23, 24, 25, 28, 36, 52, 53, 58, 59, 61, 62, 65, 66, 68, 69, 74, 81, 83, 92, 95, 106, 109, 118, 119, 128, 129, 130, 131], "summary": {"covered_lines": 42, "num_statements": 48, "percent_covered": 87.5, "percent_covered_display": "88", "missing_lines": 6, "excluded_lines": 0}, "missing_lines": [75, 120, 121, 122, 132, 133], "excluded_lines": []}, "app/routes/product/product_routes.py": {"executed_lines": [1, 5, 6, 7, 8, 9, 10, 11, 13, 14, 17, 26, 37, 40, 41, 46, 47, 53, 54, 55, 56, 58, 65, 66, 69, 70, 72, 73, 79, 80, 81, 82, 84, 85, 86, 87, 88, 92, 93, 94], "summary": {"covered_lines": 39, "num_statements": 47, "percent_covered": 82.97872340425532, "percent_covered_display": "83", "missing_lines": 8, "excluded_lines": 0}, "missing_lines": [59, 60, 61, 62, 64, 98, 99, 100], "excluded_lines": []}, "app/routes/product/scan_routes.py": {"executed_lines": [1, 5, 6, 7, 8, 9, 10, 11, 12, 14, 15, 18, 20, 21, 22, 23, 24, 25, 28, 37, 49, 50, 56, 57, 62, 63, 65, 66, 69, 70, 72, 78, 79, 85, 87, 96, 97, 108, 109, 118, 119, 120, 121, 122, 128, 129, 130, 131], "summary": {"covered_lines": 47, "num_statements": 50, "percent_covered": 94.0, "percent_covered_display": "94", "missing_lines": 3, "excluded_lines": 0}, "missing_lines": [73, 132, 133], "excluded_lines": []}, "app/routes/product_helpers.py": {"executed_lines": [1, 17, 18, 27, 39, 48, 53, 67, 70, 77], "summary": {"covered_lines": 9, "num_statements": 11, "percent_covered": 81.81818181818181, "percent_covered_display": "82", "missing_lines": 2, "excluded_lines": 0}, "missing_lines": [19, 20], "excluded_lines": []}, "app/routes/product_services/__init__.py": {"executed_lines": [1, 14, 27, 30, 43, 50], "summary": {"covered_lines": 5, "num_statements": 5, "percent_covered": 100.0, "percent_covered_display": "100", "missing_lines": 0, "excluded_lines": 0}, "missing_lines": [], "excluded_lines": []}, "app/routes/product_services/adapters.py": {"executed_lines": [1, 8, 9, 10, 11, 12, 14, 15, 16, 17, 18, 19, 22, 23, 27, 28, 36, 37, 40, 41, 44, 45, 49, 54, 55, 56, 59, 68, 75, 95, 102, 114, 119, 129, 142, 144, 145, 149, 157], "summary": {"covered_lines": 36, "num_statements": 79, "percent_covered": 45.56962025316456, "percent_covered_display": "46", "missing_lines": 43, "excluded_lines": 6}, "missing_lines": [24, 25, 50, 51, 52, 61, 62, 63, 64, 65, 70, 71, 72, 77, 78, 85, 92, 97, 98, 99, 104, 105, 106, 116, 121, 131, 132, 134, 146, 147, 148, 159, 160, 163, 165, 166, 167, 169, 170, 171, 172, 173, 174], "excluded_lines": [46, 47, 161, 162, 177, 178]}, "app/routes/product_services/barcode_lookup.py": {"executed_lines": [1, 8, 9, 10, 11, 13, 14, 15, 16, 17, 18, 19, 21, 31, 34, 42, 51], "summary": {"covered_lines": 16, "num_statements": 80, "percent_covered": 20.0, "percent_covered_display": "20", "missing_lines": 64, "excluded_lines": 0}, "missing_lines": [64, 65, 66, 67, 68, 71, 72, 77, 78, 83, 84, 89, 90, 91, 92, 94, 96, 97, 98, 99, 100, 104, 105, 108, 109, 110, 111, 112, 116, 117, 121, 122, 123, 127, 128, 132, 134, 135, 139, 140, 145, 146, 147, 151, 157, 158, 161, 162, 163, 170, 171, 173, 175, 176, 180, 184, 185, 186, 187, 188, 189, 190, 194, 195], "excluded_lines": []}, "app/routes/product_services/legacy_ocr_compat.py": {"executed_lines": [1, 8, 9, 10, 12, 20, 29, 34, 40, 51, 116, 133, 150, 170], "summary": {"covered_lines": 13, "num_statements": 90, "percent_covered": 14.444444444444445, "percent_covered_display": "14", "missing_lines": 77, "excluded_lines": 0}, "missing_lines": [22, 23, 24, 25, 26, 31, 36, 37, 42, 43, 61, 62, 64, 65, 67, 68, 69, 70, 71, 72, 73, 74, 75, 77, 78, 79, 80, 82, 83, 84, 85, 86, 88, 89, 90, 91, 93, 94, 95, 96, 97, 99, 100, 101, 102, 103, 104, 105, 106, 108, 122, 123, 124, 125, 126, 127, 128, 129, 130, 139, 140, 147, 161, 162, 163, 164, 165, 166, 167, 176, 177, 178, 179, 180, 181, 182, 183], "excluded_lines": []}, "app/routes/product_services/ocr_processor.py": {"executed_lines": [1, 8, 9, 10, 11, 12, 13, 15, 16, 17, 18, 19, 20, 22, 29, 37, 40, 48, 53, 63, 99, 114, 123, 271, 279, 332, 353, 378, 421, 433, 457, 483, 497], "summary": {"covered_lines": 32, "num_statements": 218, "percent_covered": 14.678899082568808, "percent_covered_display": "15", "missing_lines": 186, "excluded_lines": 0}, "missing_lines": [50, 55, 74, 75, 76, 77, 78, 80, 81, 82, 83, 84, 86, 87, 88, 89, 90, 91, 92, 93, 94, 96, 101, 102, 103, 104, 105, 106, 135, 137, 138, 144, 145, 151, 152, 157, 160, 161, 163, 164, 166, 168, 169, 170, 173, 174, 176, 179, 181, 182, 183, 188, 194, 195, 196, 197, 199, 200, 201, 204, 205, 211, 214, 215, 224, 236, 245, 246, 247, 248, 249, 253, 254, 261, 262, 263, 264, 265, 266, 267, 268, 292, 293, 295, 296, 297, 299, 300, 302, 303, 304, 305, 307, 308, 309, 310, 315, 316, 317, 319, 320, 322, 323, 325, 326, 329, 336, 338, 339, 344, 345, 350, 357, 358, 359, 361, 362, 363, 364, 365, 366, 367, 368, 369, 370, 371, 372, 382, 383, 385, 386, 387, 388, 389, 390, 391, 392, 393, 394, 395, 397, 398, 399, 400, 401, 402, 403, 404, 405, 406, 407, 409, 410, 411, 413, 414, 415, 416, 418, 425, 426, 427, 428, 430, 447, 448, 449, 451, 467, 468, 470, 471, 476, 477, 487, 488, 489, 490, 491, 492, 493, 494, 509, 510, 519, 529], "excluded_lines": []}, "app/routes/profile.py": {"executed_lines": [1, 7, 8, 9, 11, 12, 13, 14, 15, 16, 17, 19, 25, 26, 32, 34, 35, 38, 39, 48, 50, 51, 52, 55, 56, 65, 67, 69, 70, 73, 74, 85, 87, 88, 94, 97, 98, 110, 112, 113, 116, 117, 129, 131, 132], "summary": {"covered_lines": 44, "num_statements": 47, "percent_covered": 93.61702127659575, "percent_covered_display": "94", "missing_lines": 3, "excluded_lines": 0}, "missing_lines": [89, 90, 92], "excluded_lines": []}, "app/routes/recipe_ai.py": {"executed_lines": [1, 25, 26, 29, 31, 36, 37, 42, 43, 44, 45, 46, 49, 51], "summary": {"covered_lines": 13, "num_statements": 13, "percent_covered": 100.0, "percent_covered_display": "100", "missing_lines": 0, "excluded_lines": 0}, "missing_lines": [], "excluded_lines": []}, "app/routes/recipes/__init__.py": {"executed_lines": [1, 14, 17, 18, 19, 20, 21, 22, 26, 29, 30, 31, 32, 33, 37, 40], "summary": {"covered_lines": 15, "num_statements": 15, "percent_covered": 100.0, "percent_covered_display": "100", "missing_lines": 0, "excluded_lines": 0}, "missing_lines": [], "excluded_lines": []}, "app/routes/recipes/compatibility_routes.py": {"executed_lines": [1, 10, 11, 12, 15, 18, 22, 25, 30, 36, 39, 40, 42, 43, 48, 55, 65, 72, 83, 90, 98, 105, 118, 125, 136, 143, 154, 161, 172, 179, 189, 195, 204, 210], "summary": {"covered_lines": 33, "num_statements": 58, "percent_covered": 56.89655172413793, "percent_covered_display": "57", "missing_lines": 25, "excluded_lines": 0}, "missing_lines": [61, 62, 77, 78, 94, 95, 110, 113, 114, 115, 130, 131, 132, 133, 148, 149, 166, 167, 185, 186, 200, 201, 212, 214, 215], "excluded_lines": []}, "app/routes/recipes/core_routes.py": {"executed_lines": [1, 17, 18, 19, 20, 22, 27, 28, 29, 32, 33, 36, 42, 86, 91, 129, 135, 158, 163, 194, 200, 229, 234, 260, 266], "summary": {"covered_lines": 24, "num_statements": 88, "percent_covered": 27.272727272727273, "percent_covered_display": "27", "missing_lines": 64, "excluded_lines": 0}, "missing_lines": [56, 58, 61, 70, 71, 73, 81, 82, 83, 99, 101, 102, 103, 106, 115, 122, 123, 124, 125, 126, 142, 144, 146, 153, 154, 155, 170, 172, 173, 174, 177, 185, 187, 188, 189, 190, 191, 207, 209, 210, 213, 215, 222, 223, 224, 225, 226, 242, 244, 247, 249, 255, 256, 257, 273, 274, 276, 277, 279, 329, 330, 331, 332, 333], "excluded_lines": []}, "app/routes/recipes/dependencies.py": {"executed_lines": [1, 12, 13, 14, 16, 17, 18, 19, 22, 23, 26, 41, 55], "summary": {"covered_lines": 12, "num_statements": 21, "percent_covered": 57.142857142857146, "percent_covered_display": "57", "missing_lines": 9, "excluded_lines": 0}, "missing_lines": [35, 36, 37, 38, 49, 50, 51, 52, 68], "excluded_lines": []}, "app/routes/recipes/generation_routes.py": {"executed_lines": [1, 14, 15, 16, 17, 19, 22, 23, 24, 25, 28, 31, 32, 35, 38, 63, 69, 207, 213, 297, 302, 327, 332, 334, 335, 343, 344, 345, 350, 351, 355], "summary": {"covered_lines": 30, "num_statements": 80, "percent_covered": 37.5, "percent_covered_display": "38", "missing_lines": 50, "excluded_lines": 0}, "missing_lines": [47, 48, 49, 59, 60, 75, 76, 78, 79, 82, 85, 90, 93, 98, 101, 104, 114, 170, 171, 174, 175, 177, 178, 179, 182, 191, 192, 218, 219, 222, 228, 231, 282, 283, 285, 286, 287, 308, 310, 315, 322, 323, 324, 346, 347, 352, 353, 357, 358, 359], "excluded_lines": []}, "app/routes/recipes/personalization_routes.py": {"executed_lines": [1, 14, 15, 16, 17, 19, 24, 25, 26, 27, 28, 31, 32, 35, 40, 58, 72, 83, 105, 123, 129, 219, 225, 271, 277, 320, 326, 369], "summary": {"covered_lines": 27, "num_statements": 127, "percent_covered": 21.25984251968504, "percent_covered_display": "21", "missing_lines": 100, "excluded_lines": 0}, "missing_lines": [47, 48, 50, 55, 65, 66, 68, 69, 79, 80, 91, 95, 98, 102, 113, 114, 117, 118, 119, 120, 136, 137, 138, 141, 143, 144, 150, 153, 155, 157, 160, 161, 162, 168, 169, 170, 171, 172, 173, 174, 175, 181, 182, 183, 184, 191, 199, 202, 212, 213, 214, 215, 216, 231, 232, 235, 238, 239, 240, 243, 264, 265, 266, 267, 268, 283, 284, 287, 290, 291, 292, 293, 298, 301, 311, 313, 314, 315, 316, 317, 334, 335, 336, 339, 340, 341, 342, 345, 348, 349, 352, 355, 358, 360, 362, 363, 364, 365, 366, 374], "excluded_lines": []}, "app/routes/recipes/shopping_list_routes.py": {"executed_lines": [1, 13, 14, 15, 17, 20, 21, 22, 23, 26, 27, 30, 36, 80, 85, 135, 141], "summary": {"covered_lines": 16, "num_statements": 67, "percent_covered": 23.880597014925375, "percent_covered_display": "24", "missing_lines": 51, "excluded_lines": 0}, "missing_lines": [50, 51, 52, 57, 60, 67, 68, 70, 71, 72, 73, 74, 75, 76, 77, 92, 93, 94, 97, 98, 100, 101, 102, 103, 104, 106, 107, 108, 109, 110, 118, 119, 120, 122, 130, 131, 132, 155, 156, 157, 162, 165, 170, 171, 173, 174, 176, 177, 178, 179, 180], "excluded_lines": []}, "app/routes/recipes/translation_routes.py": {"executed_lines": [1, 13, 14, 15, 16, 18, 21, 22, 23, 24, 27, 28, 31, 34, 88, 94, 131, 136, 195, 200], "summary": {"covered_lines": 19, "num_statements": 62, "percent_covered": 30.64516129032258, "percent_covered_display": "31", "missing_lines": 43, "excluded_lines": 0}, "missing_lines": [36, 105, 106, 109, 110, 111, 114, 119, 121, 122, 124, 125, 126, 127, 128, 146, 147, 150, 151, 152, 153, 154, 157, 162, 163, 164, 165, 166, 167, 168, 169, 172, 173, 174, 176, 185, 186, 188, 189, 190, 191, 192, 206], "excluded_lines": []}, "app/routes/recommendations.py": {"executed_lines": [1, 2, 3, 4, 8, 9, 10, 12, 13, 15, 24, 62, 64, 65, 66, 67, 70, 71, 74, 80, 87, 88, 90, 92, 94, 97, 101, 104, 105, 106, 107, 108, 110, 114, 116, 119, 121, 123, 129, 130, 131, 136, 144, 172, 174, 175, 176, 182, 188, 195, 197, 198, 204, 205, 206, 208, 211, 213, 214, 222, 229, 254, 256, 257, 262, 266, 268, 272, 274, 275, 276, 277, 278, 283, 291, 310, 312, 316, 317, 322, 325, 327, 328, 333, 337, 339, 340, 341, 342, 343], "summary": {"covered_lines": 90, "num_statements": 106, "percent_covered": 84.90566037735849, "percent_covered_display": "85", "missing_lines": 16, "excluded_lines": 0}, "missing_lines": [75, 81, 89, 91, 93, 95, 115, 117, 122, 124, 125, 183, 189, 215, 216, 217], "excluded_lines": []}, "app/routes/reminder.py": {"executed_lines": [1, 2, 3, 4, 5, 7, 12, 13, 14, 15, 16, 17, 18, 20, 21, 23, 25, 28, 29, 32, 33, 36, 37, 39, 40, 45, 46, 49, 50, 53, 54, 55, 56, 57, 59, 61, 73, 74, 75, 76, 78, 79, 80, 81, 82, 84, 86, 89, 92, 93, 94, 96, 97, 99, 100, 101, 105, 106, 110, 111, 113, 114, 115, 116, 117, 118, 121, 122, 134, 140, 141, 142, 148, 151, 153, 156, 158, 159, 163, 166, 167, 168, 169, 172, 173, 174, 175, 176, 177, 180, 183, 184, 185, 186, 187, 188, 189, 194, 195, 196, 197, 198, 199, 200, 201, 202, 203, 204, 221, 222, 234, 235, 236, 237, 241, 242, 246, 247, 249, 250, 256, 257, 262, 263, 265, 277, 278, 280, 281, 285, 287, 289, 290, 298, 299, 303, 304, 305, 307, 309, 310, 311, 312, 313, 322, 324, 326, 331, 333, 341, 342, 350, 351, 352, 354, 355, 357, 358, 363, 366, 369, 372, 373, 374, 375, 376, 377, 378, 379, 380, 381, 387, 388, 390, 391, 392, 394, 395, 396, 400, 402, 403, 404, 405, 407, 408, 416, 417, 424, 425, 426, 428, 429, 431, 432, 437, 439, 440, 441, 442, 446, 448, 450, 451, 459, 460, 467, 468, 469, 471, 472, 474, 475, 476, 481, 482, 483, 484, 486, 492], "summary": {"covered_lines": 220, "num_statements": 291, "percent_covered": 75.60137457044674, "percent_covered_display": "76", "missing_lines": 71, "excluded_lines": 0}, "missing_lines": [38, 41, 42, 51, 85, 87, 102, 103, 108, 135, 136, 137, 138, 143, 144, 146, 149, 154, 160, 161, 178, 179, 190, 191, 192, 206, 207, 209, 210, 211, 212, 213, 215, 216, 217, 218, 238, 239, 282, 283, 291, 292, 293, 317, 334, 335, 336, 382, 383, 384, 385, 393, 397, 398, 409, 410, 411, 443, 444, 452, 453, 454, 477, 478, 479, 487, 494, 495, 496, 497, 498], "excluded_lines": []}, "app/routes/smart_diet.py": {"executed_lines": [1, 6, 7, 8, 10, 16, 17, 18, 19, 20, 21, 24, 30, 31, 34, 36, 37, 38, 42, 45, 54, 101, 103, 106, 107, 108, 109, 115, 116, 121, 122, 128, 129, 135, 136, 142, 155, 156, 158, 160, 162, 165, 168, 175, 177, 178, 179, 180, 181, 187, 196, 224, 226, 231, 232, 238, 239, 244, 251, 253, 260, 261, 262, 264, 268, 274, 275, 276, 277, 278, 284, 294, 303, 304, 306, 312, 313, 319, 320, 321, 323, 324, 325, 332, 360, 361, 367, 368, 370, 386, 395, 428, 430, 436, 437, 442, 445, 447, 452, 454, 455, 464, 474, 498, 500, 506, 507, 512, 523, 529, 530, 540, 549, 561, 563, 565, 566, 569, 570, 573, 590, 593, 595, 605, 613, 637, 639, 640, 645, 650, 660, 663, 665, 666], "summary": {"covered_lines": 133, "num_statements": 167, "percent_covered": 79.64071856287426, "percent_covered_display": "80", "missing_lines": 34, "excluded_lines": 0}, "missing_lines": [157, 159, 245, 254, 307, 314, 326, 330, 338, 339, 340, 345, 347, 354, 358, 362, 376, 377, 378, 379, 380, 456, 457, 458, 531, 532, 533, 567, 597, 598, 599, 667, 668, 669], "excluded_lines": []}, "app/routes/smart_diet_optimized.py": {"executed_lines": [1, 6, 7, 8, 10, 14, 15, 16, 17, 18, 20, 21, 24, 33, 54, 63, 65, 66, 67, 73, 74, 75, 76, 82, 83, 88, 89, 95, 108, 112, 117, 121, 123, 124, 125, 126, 127, 133, 142, 148, 152, 154, 155, 161, 162, 168, 169, 175, 177, 178, 184, 185, 187, 190, 196, 197, 206, 213, 219, 221, 222, 223, 224, 227, 230, 232, 269, 276, 279, 281, 284, 294, 296, 314, 321, 327, 328, 329, 331, 332, 334, 336, 337, 338, 340, 350, 354, 361, 362, 369, 371, 373], "summary": {"covered_lines": 91, "num_statements": 104, "percent_covered": 87.5, "percent_covered_display": "88", "missing_lines": 13, "excluded_lines": 0}, "missing_lines": [156, 198, 199, 200, 261, 262, 263, 306, 307, 308, 378, 379, 380], "excluded_lines": []}, "app/routes/track.py": {"executed_lines": [], "summary": {"covered_lines": 0, "num_statements": 2, "percent_covered": 0.0, "percent_covered_display": "0", "missing_lines": 2, "excluded_lines": 0}, "missing_lines": [13, 15], "excluded_lines": []}, "app/routes/track/__init__.py": {"executed_lines": [1, 3, 5], "summary": {"covered_lines": 2, "num_statements": 2, "percent_covered": 100.0, "percent_covered_display": "100", "missing_lines": 0, "excluded_lines": 0}, "missing_lines": [], "excluded_lines": []}, "app/routes/track/builders.py": {"executed_lines": [1, 3, 4, 6, 17, 18, 20, 21, 23, 24, 25, 27, 28, 29, 31, 32, 33, 35, 36, 37, 39, 40, 41, 43, 44, 45, 47, 48, 49, 51, 53, 55, 56, 57, 58, 67, 68, 70, 71, 73, 74, 75, 77, 78, 79, 81, 82, 83, 85, 86, 87, 89, 90, 91, 93, 95, 97, 98, 99, 100, 109, 111, 120, 122, 123, 124, 125, 134, 136, 139, 141, 142, 145, 154, 156, 157, 158, 159, 160, 162, 163, 164, 168, 170, 178, 180, 182, 183, 192, 201, 203, 204, 205, 207], "summary": {"covered_lines": 91, "num_statements": 110, "percent_covered": 82.72727272727273, "percent_covered_display": "83", "missing_lines": 19, "excluded_lines": 0}, "missing_lines": [59, 60, 61, 62, 63, 64, 101, 102, 103, 104, 105, 106, 143, 184, 185, 186, 187, 188, 190], "excluded_lines": []}, "app/routes/track/errors.py": {"executed_lines": [1, 3, 4, 6, 9, 10, 12, 13, 14, 15, 18, 19, 21, 22, 28, 29, 31, 38, 39, 41, 48, 58, 59, 60, 62, 66, 70, 74, 75, 81, 83, 84, 85, 86], "summary": {"covered_lines": 29, "num_statements": 36, "percent_covered": 80.55555555555556, "percent_covered_display": "81", "missing_lines": 7, "excluded_lines": 0}, "missing_lines": [32, 42, 63, 64, 67, 68, 71], "excluded_lines": []}, "app/routes/track/parsers.py": {"executed_lines": [], "summary": {"covered_lines": 0, "num_statements": 64, "percent_covered": 0.0, "percent_covered_display": "0", "missing_lines": 64, "excluded_lines": 0}, "missing_lines": [3, 4, 5, 6, 7, 8, 9, 11, 14, 16, 17, 18, 24, 34, 36, 37, 40, 42, 43, 44, 45, 46, 47, 48, 49, 50, 51, 54, 57, 69, 71, 73, 74, 75, 76, 77, 78, 79, 80, 82, 85, 86, 87, 88, 89, 94, 104, 105, 106, 107, 108, 109, 110, 111, 112, 115, 124, 125, 126, 127, 128, 129, 130, 131], "excluded_lines": []}, "app/routes/track/router.py": {"executed_lines": [1, 7, 8, 9, 11, 12, 13, 14, 16, 33, 34, 35, 36, 37, 39, 47, 53, 55, 56, 57, 62, 64, 65, 66, 68, 69, 75, 78, 80, 81, 82, 83, 84, 85, 91, 93, 94, 95, 96, 97, 100, 102, 103, 104, 105, 106, 107, 112, 113, 115, 116, 117, 120, 123, 124, 128, 129, 130, 131, 134, 146, 147, 148, 150, 152, 153, 156, 157, 159, 160, 161, 164, 167, 168, 172, 173, 183, 184, 185, 187, 189, 191, 192, 195, 196, 198, 199, 200, 202, 203, 205, 206, 209, 210, 212, 213, 214, 216, 217, 223, 224, 226, 227, 228, 230, 231, 237, 238, 240, 241, 242, 245, 248, 249, 250, 251, 252, 253, 256, 260, 261, 262, 263, 266, 278, 279, 281, 282, 289, 290, 292, 293, 294, 296, 297, 298, 300, 301, 303, 305, 306, 311, 312, 356, 357], "summary": {"covered_lines": 144, "num_statements": 194, "percent_covered": 74.22680412371135, "percent_covered_display": "74", "missing_lines": 50, "excluded_lines": 0}, "missing_lines": [67, 71, 72, 73, 74, 86, 87, 88, 125, 132, 151, 169, 188, 190, 219, 220, 233, 234, 257, 264, 283, 284, 285, 286, 304, 322, 323, 324, 327, 328, 331, 334, 337, 340, 349, 350, 352, 353, 363, 364, 365, 368, 370, 371, 372, 379, 384, 385, 386, 387], "excluded_lines": []}, "app/routes/translation.py": {"executed_lines": [1, 6, 7, 8, 9, 11, 22, 23, 25, 26, 29, 35, 41, 46, 48, 49, 54, 60, 67, 73, 75, 84, 85, 94, 100, 105, 107, 113, 119, 126, 132, 134, 153, 159, 164, 166, 172, 178, 185, 186, 187, 189, 190, 196, 198, 199, 201, 203, 222, 228, 233, 235, 241, 247, 254, 260, 261, 263, 282, 288, 292, 293, 295, 308, 314, 318, 320, 321, 322, 327, 328, 329, 331, 332, 336, 337, 340, 341, 343, 346, 348], "summary": {"covered_lines": 80, "num_statements": 122, "percent_covered": 65.57377049180327, "percent_covered_display": "66", "missing_lines": 42, "excluded_lines": 0}, "missing_lines": [31, 32, 55, 61, 86, 87, 88, 108, 114, 120, 143, 144, 145, 146, 147, 167, 173, 179, 212, 213, 214, 215, 216, 236, 242, 248, 272, 273, 274, 275, 276, 300, 301, 302, 323, 324, 333, 334, 344, 356, 357, 358], "excluded_lines": []}, "app/services/__init__.py": {"executed_lines": [1], "summary": {"covered_lines": 0, "num_statements": 0, "percent_covered": 100.0, "percent_covered_display": "100", "missing_lines": 0, "excluded_lines": 0}, "missing_lines": [], "excluded_lines": []}, "app/services/analytics_service.py": {"executed_lines": [1, 7, 8, 9, 10, 11, 12, 15, 18, 19, 28, 36, 38, 68, 70, 71, 72, 90, 92, 95, 97, 129, 131, 132, 133, 153, 155, 158, 160, 184, 186, 187, 188, 196, 198, 201, 203, 223, 225, 226, 229, 234, 238, 247, 250, 255, 259, 269, 272, 280, 282], "summary": {"covered_lines": 49, "num_statements": 49, "percent_covered": 100.0, "percent_covered_display": "100", "missing_lines": 0, "excluded_lines": 0}, "missing_lines": [], "excluded_lines": []}, "app/services/auth.py": {"executed_lines": [1, 2, 3, 4, 5, 6, 7, 8, 9, 10, 11, 12, 13, 14, 15, 18, 20, 22, 25, 26, 27, 29, 30, 32, 35, 37, 39, 42, 44, 45, 50, 51, 52, 53, 54, 55, 57, 58, 59, 61, 62, 65, 66, 69, 70, 71, 74, 75, 77, 78, 79, 80, 81, 82, 85, 86, 87, 88, 90, 92, 94, 96, 98, 99, 100, 102, 104, 105, 106, 107, 109, 111, 112, 114, 124, 126, 128, 129, 131, 139, 141, 143, 144, 152, 153, 156, 157, 158, 160, 163, 164, 165, 166, 167, 175, 176, 177, 179, 183, 184, 190, 191, 192, 198, 201, 204, 205, 208, 209, 218, 219, 221, 223, 230, 234, 235, 237, 238, 241, 242, 244, 245, 251, 252, 258, 259, 260, 266, 267, 270, 271, 280, 281, 283, 285, 292, 296, 297, 298, 301, 302, 303, 304, 310, 311, 312, 314, 319, 320, 326, 327, 328, 334, 335, 338, 339, 340, 347, 349, 356, 359, 360, 361, 362, 363, 364, 365, 367, 369, 370, 380, 381, 382, 387, 388, 389, 394, 395, 400, 402, 404, 405, 409, 410, 412, 413, 418, 419, 420, 421, 422, 426, 428, 429, 433, 436, 453, 455, 456, 465, 469, 470, 472, 473, 474, 475, 478, 479, 480, 484, 486, 487, 491, 495, 497, 498, 502], "summary": {"covered_lines": 215, "num_statements": 241, "percent_covered": 89.2116182572614, "percent_covered_display": "89", "missing_lines": 26, "excluded_lines": 0}, "missing_lines": [38, 46, 47, 63, 67, 83, 84, 161, 173, 174, 186, 187, 313, 406, 407, 414, 440, 441, 445, 447, 448, 449, 458, 459, 460, 462], "excluded_lines": []}, "app/services/barcode_lookup.py": {"executed_lines": [1, 2, 3, 4, 5, 6, 7, 8, 9, 11, 14, 15, 16, 19, 20, 21, 24, 25, 30, 31, 36, 43, 44, 45, 46, 48, 49, 51, 52, 57, 58, 59, 62, 63, 64, 68, 69, 75, 76, 77, 78, 81, 82, 83, 84, 85, 86, 87, 89, 91, 92, 98, 99, 100, 103, 104, 106, 107, 109, 110, 111, 112, 113, 115, 117, 118, 130, 131, 132, 133, 134, 135, 136, 139, 140, 141, 142, 143, 144, 145, 146, 150, 152, 153, 159, 166, 167, 168, 169, 170, 171, 172, 174, 176, 177, 181, 182, 183, 184, 186, 196, 197, 202, 203, 204, 206, 208, 209, 210, 216, 218, 220, 222, 224, 229, 230, 231, 233, 234, 235, 236, 238, 239, 241, 242, 243, 245, 250, 251, 252, 253, 256, 264, 270, 271, 273, 274, 275, 277, 279, 280, 281, 283, 284, 285, 291, 299, 300, 304, 305, 306, 308, 310, 311, 317, 319, 321, 322, 324, 325, 327, 328, 329, 330, 332, 334, 348, 350, 351, 352, 354, 355, 357, 360, 361, 363, 365, 366, 367, 368, 370, 372, 373, 374, 375, 376, 378, 380, 383, 384, 385, 386, 387, 390, 391, 393, 394, 396, 397, 399, 401, 403, 404, 410, 414, 420, 421, 425, 426, 427, 428, 430, 449, 450, 451, 453, 454, 455, 456, 458, 460, 462, 463, 465, 466, 468, 469, 470, 471, 472, 473, 474, 478, 479, 482, 485, 486, 488, 489, 491, 493, 494, 495, 497, 498, 499, 501, 502, 503, 505, 509, 511, 522, 529, 533, 543], "summary": {"covered_lines": 250, "num_statements": 269, "percent_covered": 92.93680297397769, "percent_covered_display": "93", "missing_lines": 19, "excluded_lines": 0}, "missing_lines": [66, 147, 148, 287, 288, 289, 293, 294, 295, 296, 405, 406, 407, 408, 412, 416, 417, 524, 525], "excluded_lines": []}, "app/services/cache.py": {"executed_lines": [1, 2, 3, 4, 5, 6, 8, 11, 12, 13, 14, 15, 17, 18, 19, 22, 24, 25, 27, 28, 29, 31, 33, 34, 35, 36, 37, 38, 39, 41, 42, 43, 44, 45, 46, 47, 49, 50, 51, 52, 53, 54, 55, 56, 57, 58, 60, 76, 77, 78, 79, 81, 84, 85, 87, 89, 90, 91, 92, 93, 94, 95, 97, 99, 100, 101, 102, 103, 104, 105, 107, 108, 109, 111, 112, 113, 114, 118, 121, 124, 125, 126, 130], "summary": {"covered_lines": 83, "num_statements": 83, "percent_covered": 100.0, "percent_covered_display": "100", "missing_lines": 0, "excluded_lines": 0}, "missing_lines": [], "excluded_lines": []}, "app/services/database.py": {"executed_lines": [1, 2, 3, 4, 5, 6, 7, 8, 9, 10, 11, 12, 13, 14, 16, 18, 21, 22, 23, 25, 26, 27, 28, 29, 30, 31, 33, 34, 37, 38, 39, 41, 42, 44, 45, 47, 50, 51, 53, 54, 55, 56, 57, 58, 61, 62, 63, 64, 66, 68, 69, 70, 72, 73, 74, 75, 76, 81, 82, 84, 85, 87, 88, 89, 91, 92, 93, 94, 95, 100, 101, 103, 105, 106, 107, 108, 111, 113, 114, 116, 127, 128, 130, 131, 132, 133, 134, 136, 138, 139, 142, 159, 173, 185, 199, 202, 213, 214, 217, 228, 238, 249, 252, 264, 267, 279, 290, 302, 312, 324, 337, 347, 356, 366, 379, 394, 407, 421, 434, 450, 465, 466, 467, 472, 489, 508, 525, 540, 541, 542, 545, 546, 547, 550, 551, 554, 555, 556, 559, 560, 563, 564, 565, 566, 568, 569, 570, 572, 573, 574, 575, 576, 578, 579, 580, 581, 582, 584, 585, 587, 588, 590, 591, 615], "summary": {"covered_lines": 162, "num_statements": 177, "percent_covered": 91.52542372881356, "percent_covered_display": "92", "missing_lines": 15, "excluded_lines": 0}, "missing_lines": [48, 77, 78, 79, 98, 109, 110, 117, 119, 120, 121, 122, 123, 124, 468], "excluded_lines": []}, "app/services/exercise_calculator.py": {"executed_lines": [1, 7, 8, 10, 13, 14, 16, 18, 27, 29, 31, 33, 34, 36, 37, 39, 40, 48, 49, 58, 77, 79, 81, 83, 84, 85, 86, 87, 88, 89, 93], "summary": {"covered_lines": 29, "num_statements": 29, "percent_covered": 100.0, "percent_covered_display": "100", "missing_lines": 0, "excluded_lines": 0}, "missing_lines": [], "excluded_lines": []}, "app/services/experimentation/feed_experiments.py": {"executed_lines": [1, 6, 7, 8, 10, 12, 15, 16, 21, 23, 24, 25, 28, 36, 72, 79, 81, 92, 93, 99, 101, 104, 107, 114, 125, 144, 154, 156, 159, 160, 161, 162, 165, 166, 167, 168, 169, 174, 176, 184, 188, 194], "summary": {"covered_lines": 40, "num_statements": 46, "percent_covered": 86.95652173913044, "percent_covered_display": "87", "missing_lines": 6, "excluded_lines": 0}, "missing_lines": [127, 128, 137, 172, 186, 190], "excluded_lines": []}, "app/services/food_vision_service.py": {"executed_lines": [1, 8, 9, 10, 11, 12, 13, 15, 19, 20, 21, 22, 23, 25, 27, 28, 30, 31, 32, 33, 35, 55, 56, 58, 59, 62, 67, 70, 73, 74, 76, 78, 79, 81, 90, 91, 105, 119, 120, 122, 123, 124, 126, 146, 193, 195, 197, 198, 205, 208, 209, 210, 212, 213, 214, 221, 224, 226, 233, 235, 243, 249, 250, 256, 268, 269, 270, 272, 274, 276, 277, 278, 280, 281, 282, 284, 285, 286, 288, 289, 290, 292, 294, 295, 297, 298, 299, 300, 302, 304, 305, 306, 307, 308, 309, 310, 312, 321, 323, 324, 325, 326, 328, 329, 330, 332, 341, 343, 345, 359, 361, 362, 364, 365, 366, 368, 379, 381, 390, 391, 393, 394, 395, 396, 401, 402, 403, 404, 408, 409, 410, 412, 413, 414, 416, 421, 433, 435, 437, 447, 456, 458, 459, 460, 461, 462, 465, 468, 478, 481, 483, 490, 491, 492, 494, 496, 499, 506, 509, 510, 512, 513, 515, 519], "summary": {"covered_lines": 162, "num_statements": 177, "percent_covered": 91.52542372881356, "percent_covered_display": "92", "missing_lines": 15, "excluded_lines": 0}, "missing_lines": [137, 140, 160, 162, 168, 170, 183, 189, 190, 191, 398, 406, 443, 444, 445], "excluded_lines": []}, "app/services/gamification/badge_service.py": {"executed_lines": [3, 4, 5, 7, 10, 11, 14, 66, 67, 79, 81, 82, 83, 85, 87, 88, 89, 91, 93, 94, 101, 102, 103, 105, 112, 113, 114, 115, 116, 117, 125, 127, 128, 129, 131, 132, 134, 136, 137, 139, 140, 141, 143, 148, 150, 151, 152, 154, 155, 157, 158, 159, 160, 162, 163, 165, 167, 168, 169, 171, 172, 174, 175, 176, 178, 180, 181, 183, 189, 190, 192, 194, 195, 197, 203, 204, 206, 208, 211, 217, 218, 220, 222, 224, 230, 231, 233, 235, 239, 245, 247, 249, 251, 253, 259, 260, 262, 264, 265, 266, 268, 269, 271, 272, 273, 276, 281, 282, 285, 286, 292, 293, 294, 300, 301, 303, 304, 305, 307, 308, 315, 317, 318, 319, 321, 322, 323, 325], "summary": {"covered_lines": 127, "num_statements": 129, "percent_covered": 98.44961240310077, "percent_covered_display": "98", "missing_lines": 2, "excluded_lines": 0}, "missing_lines": [295, 296], "excluded_lines": []}, "app/services/gamification/points_service.py": {"executed_lines": [3, 4, 5, 6, 7, 9, 11, 14, 15, 18, 32, 39, 47, 48, 60, 62, 63, 64, 66, 69, 70, 71, 72, 75, 76, 77, 80, 81, 82, 83, 85, 91, 93, 107, 108, 119, 120, 121, 124, 125, 126, 133, 134, 136, 137, 138, 140, 141, 154, 155, 156, 159, 160, 163, 171, 180, 188, 189, 190, 198, 199, 210, 211, 212, 214, 216, 217, 218, 220, 222, 224, 235, 243, 244, 246, 247, 254, 256, 257, 258, 260, 261, 265, 267, 269, 270, 271, 272, 273, 274, 275, 277, 278, 280, 281, 283, 284, 285, 287, 288, 290, 296, 297, 299, 300, 301, 303, 304, 306, 307, 308, 310, 312, 318, 320, 321, 323, 324, 326, 327, 328, 330, 335, 336, 337, 339, 340, 342, 344, 345, 347, 348, 349, 350, 351, 353, 354, 356, 358, 359, 360, 363], "summary": {"covered_lines": 141, "num_statements": 143, "percent_covered": 98.6013986013986, "percent_covered_display": "99", "missing_lines": 2, "excluded_lines": 0}, "missing_lines": [130, 131], "excluded_lines": []}, "app/services/intelligent_flow.py": {"executed_lines": [1, 7, 9, 10, 11, 12, 13, 14, 16, 17, 27, 28, 29, 30, 31, 37, 38, 39, 41, 44, 45, 48, 49, 52, 53, 55, 62, 63, 64, 65, 66, 67, 69, 77, 78, 79, 82, 84, 91, 105, 119, 120, 122, 124, 131, 140, 147, 149, 157, 158, 164, 165, 173, 174, 176, 182, 189, 190, 205, 206, 216, 221, 228, 232, 248, 250, 259, 260, 261, 262, 263, 264, 265, 270, 271, 272, 273, 280, 288, 289, 292, 293, 295, 296, 297, 308, 354, 355, 357, 358, 359, 360, 362, 363, 369, 372, 378, 379, 381, 382, 386, 393, 394, 396, 399, 400, 403, 404, 421], "summary": {"covered_lines": 105, "num_statements": 110, "percent_covered": 95.45454545454545, "percent_covered_display": "95", "missing_lines": 5, "excluded_lines": 9}, "missing_lines": [290, 370, 384, 397, 401], "excluded_lines": [178, 179, 180, 217, 218, 219, 412, 413, 418]}, "app/services/intelligent_flow_queue.py": {"executed_lines": [1, 8, 10, 11, 12, 13, 14, 16, 19, 20, 21, 23, 24, 25, 26, 27, 28, 29, 31, 32, 33, 35, 36, 37, 38, 40, 41, 42, 43, 46, 47, 49, 50, 51, 53, 60, 61, 63, 64, 66, 67, 68, 69, 70, 71, 72, 74, 75, 77, 79, 81, 82, 85], "summary": {"covered_lines": 48, "num_statements": 48, "percent_covered": 100.0, "percent_covered_display": "100", "missing_lines": 0, "excluded_lines": 2}, "missing_lines": [], "excluded_lines": [71, 72]}, "app/services/meal_planner.py": {"executed_lines": [1, 2, 3, 4, 5, 14, 15, 16, 17, 19, 20, 23, 24, 44, 45, 47, 57, 60, 61, 62, 65, 68, 70, 71, 73, 76, 81, 86, 92, 93, 96, 102, 112, 122, 125, 126, 127, 128, 129, 130, 131, 132, 133, 138, 140, 148, 149, 164, 165, 166, 169, 179, 180, 182, 203, 205, 258, 259, 261, 262, 268, 282, 283, 284, 285, 286, 292, 304, 306, 308, 315, 316, 317, 319, 320, 322, 323, 325, 326, 328, 329, 332, 333, 336, 337, 339, 340, 360, 368, 369, 371, 372, 373, 375, 378, 385, 404, 405, 408, 409, 410, 412, 415, 416, 419, 422, 424, 425, 429, 433, 434, 435, 437, 440, 441, 443, 444, 445, 446, 447, 448, 449, 450, 451, 458, 459, 460, 463, 470, 471, 474, 475, 476, 478, 480, 490, 493, 494, 497, 499, 502, 503, 504, 507, 508, 518, 519, 521, 529, 531, 545, 549, 550, 551, 552, 553, 560, 561, 569, 571, 588, 589, 592, 593, 596, 597, 598, 599, 600, 601, 604, 605, 606, 607, 609, 610, 611, 612, 620, 622, 632, 633, 634, 635, 636, 637, 639, 640, 641, 642, 643, 644, 645, 646, 649, 653, 665, 669, 674, 676, 691, 695, 696, 698, 700, 701, 702, 704, 706, 708, 713, 716, 717, 719, 720, 721, 724, 726, 729, 730, 732, 734, 739, 740, 741, 743, 746, 747, 748, 750, 751, 753, 755, 760, 761, 762, 765, 766, 767, 768, 769, 770, 774, 775, 776, 777, 778, 779, 781, 783, 788, 791, 792, 793, 794, 795, 797, 798, 799, 801, 802, 803, 804, 805, 806, 807, 809, 810, 812, 814], "summary": {"covered_lines": 269, "num_statements": 338, "percent_covered": 79.58579881656804, "percent_covered_display": "80", "missing_lines": 69, "excluded_lines": 0}, "missing_lines": [134, 135, 150, 151, 152, 154, 155, 157, 158, 159, 160, 161, 162, 163, 170, 171, 172, 173, 174, 175, 176, 177, 184, 185, 187, 188, 189, 191, 192, 199, 200, 201, 330, 334, 341, 342, 343, 344, 345, 346, 347, 348, 355, 356, 357, 358, 426, 430, 509, 510, 511, 514, 515, 546, 555, 556, 557, 613, 615, 616, 617, 618, 714, 722, 727, 744, 763, 772, 789], "excluded_lines": []}, "app/services/notifications/notification_service.py": {"executed_lines": [3, 4, 5, 6, 7, 8, 10, 13, 14, 16, 25, 26, 38, 39, 40, 42, 43, 46, 47, 49, 50, 51, 58, 60, 61, 63, 64, 65, 67, 68, 80, 81, 82, 85, 86, 88, 89, 91, 98, 100, 101, 103, 104, 105, 106, 107, 109, 118, 119, 120, 122, 124, 125, 126, 128, 129, 140, 141, 142, 144, 145, 147, 148, 149, 151, 152, 153, 155, 156, 157, 159, 160, 161, 163, 164, 166, 167, 168, 169, 173, 174, 176, 177, 178, 180, 181, 188, 189, 190, 191, 196, 197, 199, 200, 202, 203, 204, 206, 207, 214, 215, 217, 218, 219, 223, 224, 226, 227, 229, 230, 231], "summary": {"covered_lines": 110, "num_statements": 110, "percent_covered": 100.0, "percent_covered_display": "100", "missing_lines": 0, "excluded_lines": 0}, "missing_lines": [], "excluded_lines": []}, "app/services/nutrition_calculator.py": {"executed_lines": [1, 2, 3, 5, 8, 9, 20, 21, 23, 34, 37, 38, 40, 42, 45, 47, 58, 59, 61, 63, 65, 76, 77, 79, 81, 83, 93, 94, 95, 98, 99, 102, 104, 106, 120, 121, 124, 125, 126, 128, 129, 130, 132, 135], "summary": {"covered_lines": 43, "num_statements": 44, "percent_covered": 97.72727272727273, "percent_covered_display": "98", "missing_lines": 1, "excluded_lines": 0}, "missing_lines": [100], "excluded_lines": []}, "app/services/nutrition_ocr.py": {"executed_lines": [1, 2, 3, 4, 5, 6, 7, 8, 9, 10, 12, 14, 15, 16, 17, 42, 43, 48, 49, 69, 71, 72, 73, 75, 78, 81, 82, 83, 84, 85, 86, 87, 90, 91, 94, 97, 98, 99, 102, 106, 112, 115, 116, 117, 120, 123, 124, 125, 128, 129, 130, 132, 133, 134, 135, 136, 137, 138, 140, 141, 143, 144, 145, 148, 149, 155, 269, 280, 281, 282, 284, 295, 298, 301, 302, 304, 305, 307, 309, 312, 313, 315, 316, 317, 323, 325, 326, 327, 328, 329, 330, 331, 332, 337, 338, 344, 346, 347, 352, 353, 358, 360, 363, 364, 365, 366, 367, 368, 369, 370, 371, 373, 374, 375, 376, 377, 379, 380, 381, 383, 384, 389, 404, 405, 407, 409, 413, 414, 417, 420, 439, 440, 442, 443, 445, 448, 449, 451, 453, 455, 456, 459, 460, 462, 470, 471, 472, 473, 476, 477, 478, 480, 482, 484, 485, 486, 487, 489, 490, 492, 494, 496, 505, 507, 515, 516, 517, 518, 519, 521, 522, 525, 526, 527, 528, 529, 530, 531, 533, 540, 541, 542, 543, 545, 546, 547, 549, 551, 552, 554, 556, 557, 560, 561, 564, 566, 567, 568, 569, 570, 575, 576, 577, 579, 581, 585, 596, 598, 599, 600, 601, 603, 605, 609, 611, 614, 615, 616, 617, 620, 621, 622, 623, 624, 627, 628, 631, 632, 634, 636, 642, 643, 646, 647, 648, 649, 652, 653, 656, 657, 660, 661, 663, 664, 667, 670, 671, 674, 675, 678, 685, 688, 689, 693, 694, 696, 697, 698, 699, 700, 701, 702, 704, 706, 717, 719, 722, 723, 724, 729, 730, 731, 732, 736, 740, 741, 742, 744, 745, 747, 753, 755, 757, 759, 765, 766, 768, 769, 771, 774, 777, 778, 779, 782, 783, 784, 785, 788, 789, 791, 792, 793, 795, 796, 802, 804, 805, 807, 808, 811, 812, 814, 815, 816, 818, 819, 821, 822, 824, 825, 826, 831, 842, 844, 845, 848, 849, 850, 851, 854, 855, 856, 857, 859, 860, 861, 879, 880, 881, 882, 885, 888, 889, 890, 891, 892, 894, 896, 897, 907, 923, 924, 932, 935, 937, 938, 939, 955, 1097, 1099, 1101, 1110, 1147, 1148], "summary": {"covered_lines": 361, "num_statements": 391, "percent_covered": 92.32736572890026, "percent_covered_display": "92", "missing_lines": 30, "excluded_lines": 0}, "missing_lines": [18, 19, 20, 22, 25, 26, 27, 28, 32, 33, 37, 39, 334, 335, 488, 495, 523, 572, 573, 725, 726, 733, 734, 737, 748, 749, 750, 798, 799, 800], "excluded_lines": []}, "app/services/ocr.py": {"executed_lines": [1, 2, 3, 5, 6, 11, 13, 14, 19, 21, 22, 27, 29, 30, 35, 37, 40, 41, 42, 43, 44, 46, 54, 62, 63, 64, 65, 67, 68, 69, 72, 75, 76, 77, 78, 79, 80, 83, 86, 91, 92, 94, 95, 97, 98, 99, 101, 105, 106, 108, 114, 115, 120, 122, 124, 125, 126, 129, 135, 141, 143, 144, 153, 156, 157, 160, 169, 170, 172, 177, 178, 179, 181, 182, 183, 184, 187, 188, 190, 192, 198, 202, 204, 206, 213, 214, 215, 216, 217, 219, 220, 224, 226, 230, 232, 239, 240, 241, 242, 244, 247, 275, 276, 294, 297, 298], "summary": {"covered_lines": 101, "num_statements": 123, "percent_covered": 82.11382113821138, "percent_covered_display": "82", "missing_lines": 22, "excluded_lines": 20}, "missing_lines": [45, 47, 48, 49, 50, 51, 52, 110, 111, 112, 130, 131, 132, 133, 137, 138, 139, 145, 146, 147, 221, 222], "excluded_lines": [7, 8, 9, 10, 11, 15, 16, 17, 18, 19, 23, 24, 25, 26, 27, 31, 32, 33, 34, 35]}, "app/services/ocr/__init__.py": {"executed_lines": [1, 5, 6, 7, 8, 10], "summary": {"covered_lines": 5, "num_statements": 5, "percent_covered": 100.0, "percent_covered_display": "100", "missing_lines": 0, "excluded_lines": 0}, "missing_lines": [], "excluded_lines": []}, "app/services/ocr/external_ocr_service.py": {"executed_lines": [1, 5, 6, 7, 8, 10, 13, 14, 16, 24, 25, 26, 28, 38, 40, 46, 53, 66, 67, 70, 72, 74], "summary": {"covered_lines": 20, "num_statements": 22, "percent_covered": 90.9090909090909, "percent_covered_display": "91", "missing_lines": 2, "excluded_lines": 0}, "missing_lines": [47, 50], "excluded_lines": []}, "app/services/ocr/local_ocr_service.py": {"executed_lines": [1, 5, 6, 7, 8, 10, 13, 14, 16, 23, 24, 26, 36, 38, 43, 44, 45, 48, 61, 62, 63, 65, 67], "summary": {"covered_lines": 21, "num_statements": 21, "percent_covered": 100.0, "percent_covered_display": "100", "missing_lines": 0, "excluded_lines": 0}, "missing_lines": [], "excluded_lines": []}, "app/services/ocr/ocr_factory.py": {"executed_lines": [1, 5, 6, 7, 8, 9, 12, 13, 15, 16, 26, 28, 29, 43, 44, 46, 47, 54, 55, 57], "summary": {"covered_lines": 18, "num_statements": 19, "percent_covered": 94.73684210526316, "percent_covered_display": "95", "missing_lines": 1, "excluded_lines": 0}, "missing_lines": [56], "excluded_lines": []}, "app/services/ocr/ocr_service.py": {"executed_lines": [1, 5, 6, 7, 10, 11, 12, 13, 14, 15, 16, 17, 18, 19, 21, 23, 26, 27, 29, 30, 42, 43], "summary": {"covered_lines": 19, "num_statements": 21, "percent_covered": 90.47619047619048, "percent_covered_display": "90", "missing_lines": 2, "excluded_lines": 0}, "missing_lines": [40, 45], "excluded_lines": []}, "app/services/openfoodfacts.py": {"executed_lines": [1, 2, 3, 4, 5, 6, 8, 11, 12, 13, 14, 16, 17, 18, 19, 20, 22, 23, 26, 28, 29, 30, 31, 32, 34, 35, 37, 38, 40, 41, 43, 44, 46, 47, 48, 49, 50, 51, 52, 53, 61, 62, 65, 66, 69, 77, 78, 79, 80, 81, 83, 87, 88, 89, 90, 91, 93, 97, 101, 105, 106, 107, 108, 110, 111, 113, 122, 133, 134, 135, 136, 137, 138, 139, 141, 142, 143, 145, 146, 155, 166, 171], "summary": {"covered_lines": 82, "num_statements": 100, "percent_covered": 82.0, "percent_covered_display": "82", "missing_lines": 18, "excluded_lines": 0}, "missing_lines": [24, 54, 55, 56, 59, 63, 67, 84, 85, 92, 95, 96, 98, 99, 100, 102, 103, 104], "excluded_lines": []}, "app/services/performance_monitor.py": {"executed_lines": [1, 7, 8, 9, 10, 11, 12, 13, 14, 15, 16, 18, 21, 22, 23, 24, 25, 26, 27, 28, 29, 32, 33, 34, 35, 36, 37, 38, 39, 40, 41, 42, 43, 44, 45, 46, 49, 50, 55, 56, 57, 63, 70, 71, 74, 75, 77, 78, 80, 81, 82, 84, 85, 86, 87, 88, 89, 91, 93, 105, 108, 110, 111, 113, 114, 115, 117, 118, 124, 126, 138, 140, 141, 143, 144, 146, 147, 152, 154, 163, 165, 172, 181, 184, 185, 186, 195, 197, 198, 201, 202, 203, 208, 210, 211, 216, 217, 220, 221, 222, 232, 233, 235, 236, 245, 247, 248, 249, 250, 251, 252, 253, 254, 255, 257, 263, 266, 272, 273, 276, 277, 278, 279, 281, 282, 283, 284, 286, 301, 303, 305, 307, 309, 315, 316, 318, 319, 320, 322, 324, 325, 327, 328, 329, 331, 333, 335, 337, 342, 344, 346, 347, 355, 361, 363, 364, 365, 366, 367, 368, 369, 371, 377, 379, 381, 382, 384, 385, 387, 388, 391, 394, 395, 397, 399, 401, 403, 404, 406, 407, 408, 409, 410, 412, 414, 416, 418, 419, 422, 423, 425, 427, 429, 442, 446], "summary": {"covered_lines": 191, "num_statements": 198, "percent_covered": 96.46464646464646, "percent_covered_display": "96", "missing_lines": 7, "excluded_lines": 0}, "missing_lines": [119, 120, 121, 122, 148, 149, 150], "excluded_lines": []}, "app/services/plan_customizer.py": {"executed_lines": [1, 2, 3, 4, 6, 7, 12, 13, 14, 15, 16, 18, 21, 22, 27, 28, 30, 43, 44, 47, 48, 50, 51, 53, 54, 56, 57, 60, 62, 64, 66, 72, 73, 75, 76, 77, 78, 79, 80, 81, 82, 84, 85, 86, 91, 94, 95, 96, 97, 102, 105, 106, 107, 109, 118, 121, 124, 133, 136, 138, 144, 149, 150, 152, 153, 155, 156, 157, 159, 160, 161, 162, 163, 164, 165, 166, 168, 169, 175, 180, 183, 186, 189, 191, 197, 204, 206, 208, 209, 210, 211, 214, 215, 216, 219, 227, 228, 229, 230, 231, 232, 233, 234, 235, 236, 238, 245, 248, 250, 256, 257, 258, 259, 260, 262, 264, 265, 270, 276, 277, 278, 279, 280, 282, 283, 284, 289, 291, 292, 296, 297, 298, 300, 306, 310, 311, 312, 313, 314, 315, 318, 320, 322, 323, 324, 325, 326, 327, 328, 331, 336, 348, 350, 399, 445, 460, 462, 463, 464, 466, 469, 470, 471, 473, 475, 477, 483, 486, 492, 493, 499], "summary": {"covered_lines": 170, "num_statements": 241, "percent_covered": 70.53941908713693, "percent_covered_display": "71", "missing_lines": 71, "excluded_lines": 0}, "missing_lines": [110, 111, 116, 154, 212, 213, 261, 263, 266, 267, 268, 354, 355, 357, 358, 359, 360, 361, 363, 364, 365, 366, 367, 368, 369, 370, 371, 372, 373, 374, 376, 377, 378, 379, 380, 381, 382, 384, 385, 386, 387, 388, 390, 391, 392, 393, 394, 395, 397, 401, 402, 403, 405, 406, 407, 408, 417, 418, 419, 421, 422, 431, 441, 442, 443, 472, 474, 487, 488, 489, 495], "excluded_lines": []}, "app/services/plan_storage.py": {"executed_lines": [1, 2, 3, 4, 5, 6, 7, 8, 9, 11, 14, 15, 21, 22, 23, 24, 26, 27, 28, 29, 30, 32, 45, 46, 48, 49, 51, 53, 63, 65, 66, 67, 72, 74, 75, 76, 77, 79, 80, 82, 83, 84, 86, 98, 99, 100, 101, 102, 103, 104, 105, 106, 107, 108, 109, 110, 112, 113, 114, 115, 116, 118, 119, 121, 122, 123, 128, 129, 130, 131, 133, 138, 150, 152, 158, 159, 160, 161, 164, 165, 166, 167, 168, 172, 173, 179, 181, 182, 183, 185, 186, 188, 189, 192, 194, 205, 207, 210, 211, 212, 213, 214, 215, 217, 218, 220, 222, 224, 225, 226, 228, 240, 242, 243, 244, 245, 248, 249, 252, 253, 255, 256, 257, 259, 261, 263, 264, 265, 267, 280, 282, 285, 286, 287, 288, 289, 290, 291, 293, 294, 296, 297, 298, 300, 310, 311, 312, 315, 322], "summary": {"covered_lines": 148, "num_statements": 161, "percent_covered": 91.92546583850931, "percent_covered_display": "92", "missing_lines": 13, "excluded_lines": 0}, "missing_lines": [134, 135, 136, 169, 170, 175, 176, 177, 190, 313, 316, 317, 318], "excluded_lines": []}, "app/services/product_discovery.py": {"executed_lines": [1, 6, 7, 8, 9, 10, 11, 13, 14, 15, 16, 18, 20, 75, 76, 81, 82, 83, 86, 108, 127, 129, 130, 133, 136, 137, 140, 141, 144, 145, 148, 149, 150, 153, 154, 157, 158, 161, 162, 165, 166, 168, 169, 171, 172, 173, 175, 194, 196, 197, 200, 201, 202, 203, 206, 209, 210, 213, 217, 218, 220, 221, 222, 224, 230, 232, 233, 236, 243, 244, 246, 256, 262, 269, 270, 271, 274, 284, 285, 287, 297, 303, 309, 310, 311, 313, 314, 316, 317, 319, 320, 323, 324, 325, 326, 327, 328, 330, 331, 333, 340, 342, 357, 363, 365, 366, 368, 369, 371, 372, 373, 375, 383, 389, 395, 396, 397, 400, 409, 410, 412, 422, 428, 435, 436, 439, 442, 443, 444, 445, 446, 447, 448, 451, 454, 455, 458, 459, 463, 469, 474, 476, 483, 485, 486, 487, 488, 491, 492, 494, 495, 499, 504, 505, 506, 507, 509, 511, 512, 513, 515, 517, 518, 520, 523, 532, 543, 544, 545, 547, 553, 554, 556, 557, 559, 560, 562, 563, 564, 565, 567, 568, 572, 573, 575, 576, 577, 580, 582, 584, 588, 589, 591, 592, 595, 596, 598, 602, 603, 605, 609, 610, 612, 615, 617, 619, 623, 625, 628, 630, 633, 635, 638, 640, 643, 645, 647, 648, 650, 651, 652, 653, 655, 657, 662, 664, 665, 666, 667, 678, 679, 680, 684, 688, 689, 691, 693, 694, 695, 696, 697, 709, 713], "summary": {"covered_lines": 241, "num_statements": 318, "percent_covered": 75.78616352201257, "percent_covered_display": "76", "missing_lines": 77, "excluded_lines": 0}, "missing_lines": [247, 248, 249, 250, 251, 252, 253, 254, 258, 259, 260, 288, 289, 290, 291, 292, 293, 294, 295, 299, 300, 301, 343, 344, 345, 348, 349, 350, 351, 352, 354, 355, 359, 360, 361, 376, 377, 378, 379, 380, 381, 385, 386, 387, 413, 414, 415, 416, 417, 418, 419, 420, 424, 425, 426, 460, 461, 465, 466, 467, 496, 578, 585, 590, 597, 599, 604, 606, 611, 613, 620, 681, 682, 683, 685, 686, 687], "excluded_lines": []}, "app/services/progress/__init__.py": {"executed_lines": [], "summary": {"covered_lines": 0, "num_statements": 4, "percent_covered": 0.0, "percent_covered_display": "0", "missing_lines": 4, "excluded_lines": 0}, "missing_lines": [20, 27, 36, 43], "excluded_lines": []}, "app/services/progress/nutrition_targets.py": {"executed_lines": [], "summary": {"covered_lines": 0, "num_statements": 61, "percent_covered": 0.0, "percent_covered_display": "0", "missing_lines": 61, "excluded_lines": 0}, "missing_lines": [7, 8, 9, 12, 13, 15, 16, 17, 18, 20, 22, 30, 33, 34, 43, 46, 54, 61, 70, 73, 80, 86, 88, 98, 99, 100, 101, 102, 103, 104, 107, 109, 121, 122, 123, 124, 125, 126, 129, 130, 132, 135, 143, 144, 148, 149, 150, 152, 159, 161, 164, 171, 180, 182, 188, 190, 199, 201, 210, 211, 215], "excluded_lines": []}, "app/services/progress/progress_builder.py": {"executed_lines": [], "summary": {"covered_lines": 0, "num_statements": 83, "percent_covered": 0.0, "percent_covered_display": "0", "missing_lines": 83, "excluded_lines": 0}, "missing_lines": [7, 8, 9, 13, 16, 29, 40, 41, 44, 45, 47, 53, 54, 55, 57, 75, 81, 83, 92, 93, 95, 113, 119, 121, 130, 131, 133, 142, 143, 144, 146, 166, 167, 168, 169, 170, 172, 182, 184, 185, 186, 187, 188, 191, 196, 201, 206, 211, 218, 229, 236, 237, 238, 239, 240, 241, 242, 243, 245, 252, 258, 264, 265, 267, 273, 278, 294, 297, 300, 302, 304, 309, 311, 312, 313, 314, 315, 316, 317, 318, 320, 324, 325], "excluded_lines": []}, "app/services/progress/progress_calculator.py": {"executed_lines": [], "summary": {"covered_lines": 0, "num_statements": 30, "percent_covered": 0.0, "percent_covered_display": "0", "missing_lines": 30, "excluded_lines": 0}, "missing_lines": [7, 8, 9, 12, 15, 17, 20, 27, 38, 39, 45, 47, 54, 61, 71, 72, 78, 79, 81, 88, 95, 101, 103, 109, 111, 121, 123, 141, 142, 146], "excluded_lines": []}, "app/services/recipe_ai_engine.py": {"executed_lines": [1, 6, 7, 8, 9, 10, 11, 12, 14, 15, 16, 17, 18, 20, 23, 24, 25, 26, 27, 28, 29, 30, 31, 32, 33, 34, 35, 38, 39, 40, 41, 42, 43, 44, 45, 48, 49, 50, 51, 52, 53, 54, 55, 56, 57, 58, 61, 62, 63, 64, 65, 66, 67, 68, 69, 70, 71, 72, 73, 74, 75, 76, 77, 78, 80, 81, 82, 85, 86, 87, 88, 89, 90, 91, 92, 93, 94, 95, 96, 97, 98, 99, 100, 101, 102, 104, 105, 106, 107, 108, 109, 110, 111, 112, 115, 116, 118, 119, 125, 134, 147, 151, 154, 155, 158, 161, 164, 167, 169, 185, 187, 189, 190, 191, 193, 195, 203, 204, 206, 207, 209, 211, 213, 221, 223, 225, 228, 231, 232, 233, 234, 235, 237, 238, 239, 250, 251, 252, 253, 264, 265, 266, 267, 278, 279, 280, 290, 292, 294, 296, 303, 310, 317, 324, 331, 333, 335, 336, 337, 338, 340, 349, 352, 353, 354, 357, 358, 359, 361, 363, 365, 366, 368, 370, 372, 375, 376, 377, 380, 381, 382, 383, 385, 387, 389, 391, 392, 395, 396, 398, 399, 401, 403, 406, 407, 409, 410, 412, 416, 419, 420, 422, 423, 425, 426, 428, 430, 434, 437, 438, 448, 449, 459, 462, 463, 465, 466, 474, 480, 481, 482, 484, 487, 488, 493, 494, 496, 501, 503, 504, 506, 507, 511, 513, 516, 517, 518, 519, 520, 523, 524, 526, 528, 531, 532, 533, 535, 536, 538, 540, 543, 544, 545, 547, 549, 552, 553, 558, 560, 561, 564, 565, 566, 567, 570, 572, 577, 579, 580, 583, 584, 585, 586, 587, 588, 590, 591, 592, 595, 598, 599, 606, 611, 616, 617, 620, 621, 626, 627, 629, 631, 637, 641, 642, 645, 648, 651, 652, 654, 656, 662, 666, 667, 670, 672, 673, 675, 676, 678, 680, 681, 683, 691, 698, 700, 706, 708, 718, 720, 724, 725, 726, 737, 738, 739, 746, 750, 766, 769, 780, 781, 782, 785, 786, 787, 788, 790, 792, 794, 817, 833, 844], "summary": {"covered_lines": 331, "num_statements": 366, "percent_covered": 90.43715846994536, "percent_covered_display": "90", "missing_lines": 35, "excluded_lines": 0}, "missing_lines": [490, 509, 633, 634, 635, 658, 659, 660, 702, 703, 704, 800, 803, 804, 805, 806, 807, 808, 809, 810, 812, 815, 821, 822, 823, 824, 825, 826, 827, 828, 829, 831, 837, 838, 840], "excluded_lines": []}, "app/services/recipe_database.py": {"executed_lines": [1, 10, 11, 12, 14, 15, 16, 23, 26, 27, 43, 51, 52, 55, 56, 57, 58, 61, 62, 63, 65, 67, 68, 69, 70, 71, 72, 73, 74, 75, 76, 77, 81, 83, 85, 87, 89, 91, 95, 97, 99, 101, 103, 113, 122, 124, 128, 138, 147, 149, 151, 163, 174, 176, 178, 184, 186, 188, 190, 197, 199, 206, 208, 210, 214, 220, 222, 228, 230, 237, 239, 245, 247, 249, 251, 258, 260, 262, 264, 270, 274, 276, 277, 279, 286, 288, 290, 292, 294, 296, 298, 300, 302, 304, 306, 310, 312, 313, 314, 315, 364, 366, 367, 371, 372], "summary": {"covered_lines": 103, "num_statements": 103, "percent_covered": 100.0, "percent_covered_display": "100", "missing_lines": 0, "excluded_lines": 0}, "missing_lines": [], "excluded_lines": []}, "app/services/recipe_translation_service.py": {"executed_lines": [1, 3, 4, 5, 6, 8, 9, 10, 20, 23, 24, 26, 27, 28, 29, 32, 87, 132, 134, 135, 136, 138, 140, 144, 145, 146, 147, 148, 149, 154, 155, 156, 158, 160, 166, 168, 169, 173, 174, 176, 177, 180, 181, 182, 183, 188, 190, 192, 194, 196, 219, 239, 247, 250, 253, 254, 255, 257, 259, 260, 261, 262, 263, 264, 265, 267, 269, 272, 277, 278, 280, 281, 282, 285, 286, 288, 290, 292, 294, 296, 336, 337, 338, 340, 354, 356, 359, 360, 361, 362, 365, 366, 367, 368, 370, 371, 372, 374, 378, 380, 383, 384, 385], "summary": {"covered_lines": 101, "num_statements": 147, "percent_covered": 68.70748299319727, "percent_covered_display": "69", "missing_lines": 46, "excluded_lines": 0}, "missing_lines": [141, 150, 151, 170, 171, 185, 186, 198, 199, 201, 202, 206, 221, 225, 226, 227, 231, 241, 242, 243, 244, 245, 251, 273, 297, 300, 301, 302, 303, 306, 307, 308, 309, 312, 315, 333, 334, 342, 344, 345, 346, 347, 348, 349, 350, 352], "excluded_lines": []}, "app/services/recipes/__init__.py": {"executed_lines": [1, 13, 14, 15, 16, 18], "summary": {"covered_lines": 5, "num_statements": 5, "percent_covered": 100.0, "percent_covered_display": "100", "missing_lines": 0, "excluded_lines": 0}, "missing_lines": [], "excluded_lines": []}, "app/services/recipes/recipe_query_service.py": {"executed_lines": [1, 10, 11, 12, 13, 14, 16, 17, 19, 22, 23, 25, 32, 34, 48, 49, 51, 52, 55, 69, 70, 71, 85, 86, 87, 98, 99, 112, 113, 114, 116, 117, 118, 120, 130, 131, 132, 135, 136, 138, 139, 142, 147, 150, 155, 158, 159, 163, 164, 165, 166, 179, 180, 181, 182, 190, 191, 192, 193, 205, 207, 225, 226, 227, 229, 252, 253, 254, 257, 258, 260, 261, 262, 264, 265, 266, 268, 269, 270, 272, 273, 274, 276, 278, 287, 289, 290, 291, 308, 309, 310, 311, 313, 315, 317, 318, 319, 321, 331, 332, 334, 335, 338, 348, 349, 352, 361, 363, 371, 372, 373], "summary": {"covered_lines": 109, "num_statements": 109, "percent_covered": 100.0, "percent_covered_display": "100", "missing_lines": 0, "excluded_lines": 0}, "missing_lines": [], "excluded_lines": []}, "app/services/recipes/recipe_rating_service.py": {"executed_lines": [1, 10, 11, 12, 13, 15, 17, 20, 21, 23, 30, 32, 58, 59, 61, 62, 64, 70, 71, 72, 74, 75, 76, 78, 88, 89, 90, 92, 101, 103, 104, 105, 107, 113, 114, 115, 117, 144, 145, 147, 148, 150, 160, 161, 167, 177, 178, 179, 181, 182, 184, 185, 187, 199, 200, 201, 203, 218, 219, 220, 222, 244, 245, 246, 248, 263, 264, 279, 280, 281, 283, 300, 301, 302, 303, 312, 313, 314, 315, 318, 320, 326, 343, 344, 345, 346, 355, 356, 357, 358, 364, 370, 380, 381, 382, 383], "summary": {"covered_lines": 94, "num_statements": 118, "percent_covered": 79.66101694915254, "percent_covered_display": "80", "missing_lines": 24, "excluded_lines": 0}, "missing_lines": [163, 164, 165, 240, 241, 242, 265, 267, 276, 277, 322, 323, 324, 360, 361, 362, 366, 367, 368, 385, 387, 395, 396, 397], "excluded_lines": []}, "app/services/recipes/recipe_schema_service.py": {"executed_lines": [1, 10, 11, 12, 14, 16, 19, 20, 22, 29, 31, 37, 39, 43, 44, 45, 47, 48, 50, 51, 52, 54, 55, 62, 68, 69, 72, 93, 113, 128, 144, 160, 176, 192, 193], "summary": {"covered_lines": 33, "num_statements": 37, "percent_covered": 89.1891891891892, "
[...]
18, "excluded_lines": 0}, "missing_lines": [190, 191, 192, 193, 242, 244, 245, 246, 247, 248, 249, 250, 276, 277, 304, 308, 312, 316], "excluded_lines": []}, "app/services/social/comment_service.py": {"executed_lines": [3, 4, 5, 8, 9, 11, 12, 30, 31], "summary": {"covered_lines": 8, "num_statements": 12, "percent_covered": 66.66666666666667, "percent_covered_display": "67", "missing_lines": 4, "excluded_lines": 0}, "missing_lines": [22, 23, 25, 33], "excluded_lines": []}, "app/services/social/discover_feed_service.py": {"executed_lines": [1, 3, 5, 6, 7, 8, 9, 10, 11, 13, 14, 19, 20, 21, 22, 23, 24, 25, 26, 27, 29, 32, 35, 36, 39, 194, 209, 210, 211, 212, 213, 215, 216, 218, 219, 220, 221, 224, 225, 226, 228, 229, 230, 232, 234, 235, 236, 238, 239, 242, 244, 245, 247, 248, 249, 253, 254, 255, 259, 260, 261, 269, 270, 271, 279, 281, 284, 285, 286, 287, 289, 290, 291, 294, 295, 296, 298, 301, 304, 305, 307, 308, 309, 310, 311, 316, 317, 318, 319, 321, 322, 324, 325, 329, 332, 335, 336, 338, 339, 340, 341, 343, 346, 348, 350, 352, 353, 360, 362, 363, 364, 365, 369, 370, 375, 377, 378, 379, 380, 390, 391, 394, 401, 402, 403, 404, 407, 408, 409, 412, 415, 417, 437, 445, 446, 447, 448, 449, 451, 455, 458, 459, 460, 461, 467, 474, 475, 476, 477, 478, 480, 481, 482, 484, 485, 486, 487, 488, 489, 490, 497, 498, 499, 500, 501, 502, 503, 504, 506, 507, 509, 510, 512, 524, 535, 536, 539, 555, 572, 588, 605, 629, 636, 637, 638, 661], "summary": {"covered_lines": 185, "num_statements": 243, "percent_covered": 76.13168724279835, "percent_covered_display": "76", "missing_lines": 58, "excluded_lines": 9}, "missing_lines": [41, 42, 43, 46, 48, 49, 52, 84, 87, 135, 138, 139, 174, 176, 179, 182, 183, 184, 185, 186, 187, 188, 191, 196, 197, 198, 206, 222, 250, 256, 292, 312, 313, 314, 326, 327, 349, 351, 354, 355, 357, 371, 372, 389, 452, 453, 526, 527, 528, 532, 672, 673, 677, 679, 685, 686, 700, 701], "excluded_lines": [262, 263, 272, 273, 277, 622, 623, 654, 655]}, "app/services/social/event_names.py": {"executed_lines": [1, 2, 5, 6, 7, 8, 9, 10, 13, 14, 15, 16, 17], "summary": {"covered_lines": 10, "num_statements": 10, "percent_covered": 100.0, "percent_covered_display": "100", "missing_lines": 0, "excluded_lines": 0}, "missing_lines": [], "excluded_lines": []}, "app/services/social/event_publisher.py": {"executed_lines": [1, 8, 9, 10, 11, 13, 15, 18, 23, 24, 25, 26, 27, 28, 38, 42, 43], "summary": {"covered_lines": 16, "num_statements": 18, "percent_covered": 88.88888888888889, "percent_covered_display": "89", "missing_lines": 2, "excluded_lines": 0}, "missing_lines": [44, 45], "excluded_lines": []}, "app/services/social/feed_ingester.py": {"executed_lines": [1, 7, 8, 9, 10, 12, 13, 15, 18, 28, 30, 31, 32, 35, 49, 51, 52, 54, 57, 60, 61, 62, 74, 77, 79, 81, 82, 84, 85, 92, 98, 99, 101, 104, 115, 117, 118, 119, 131, 144, 145, 158, 159, 171, 172, 174], "summary": {"covered_lines": 45, "num_statements": 51, "percent_covered": 88.23529411764706, "percent_covered_display": "88", "missing_lines": 6, "excluded_lines": 0}, "missing_lines": [87, 88, 90, 94, 95, 132], "excluded_lines": []}, "app/services/social/feed_service.py": {"executed_lines": [1, 8, 9, 10, 11, 12, 14, 15, 16, 18, 21, 33, 34, 35, 38, 39, 41, 42, 43, 52, 53, 57, 65, 66, 68, 71, 72, 74, 75, 76, 77, 79, 87, 89, 90, 91, 94, 95, 96, 97, 98, 100, 108, 123, 124, 125, 128, 134, 137, 138, 139, 140, 141, 143, 144, 145, 146, 149, 168, 169, 171, 172, 173, 175, 176, 178, 179, 199, 203, 205, 209, 220, 227, 228, 229, 230, 231, 234, 235, 236, 250, 252, 254, 255, 256, 259, 261, 263, 266, 274, 275, 276, 296, 298, 300, 301, 303], "summary": {"covered_lines": 96, "num_statements": 116, "percent_covered": 82.75862068965517, "percent_covered_display": "83", "missing_lines": 20, "excluded_lines": 0}, "missing_lines": [44, 47, 49, 50, 102, 103, 105, 180, 181, 183, 184, 185, 186, 187, 188, 189, 191, 222, 223, 224], "excluded_lines": []}, "app/services/social/follow_gateway.py": {"executed_lines": [1, 7, 9, 12, 13, 15, 28, 29, 33], "summary": {"covered_lines": 7, "num_statements": 7, "percent_covered": 100.0, "percent_covered_display": "100", "missing_lines": 0, "excluded_lines": 0}, "missing_lines": [], "excluded_lines": []}, "app/services/social/follow_service.py": {"executed_lines": [1, 4, 5, 6, 8, 10, 15, 16, 17, 20, 21, 23, 24, 26, 27, 28, 30, 31, 32, 33, 34, 35, 45, 51, 52, 54, 56, 65, 66, 67, 68, 77, 87, 88, 89, 90, 92, 94, 96, 98, 107, 108, 109, 110, 119, 120, 121, 122, 131, 133, 138, 139, 140, 141, 142, 144, 146, 148, 149, 158, 167, 168, 169, 170, 171, 173, 174, 175, 178, 180, 182, 195, 197, 198, 200, 201, 202, 203, 204, 206, 207, 208, 211, 213, 215, 228, 230, 231, 233, 246, 247, 248, 257, 258, 260, 261, 270, 278, 279, 294, 295, 298, 308, 309, 313, 317, 318, 319, 321, 322, 330, 332, 333, 334, 336, 338, 339, 340, 341, 345, 354, 355, 356, 357, 358, 361, 362, 364, 366, 367, 368, 369, 370, 376], "summary": {"covered_lines": 133, "num_statements": 142, "percent_covered": 93.66197183098592, "percent_covered_display": "94", "missing_lines": 9, "excluded_lines": 0}, "missing_lines": [234, 235, 236, 244, 296, 343, 360, 371, 372], "excluded_lines": []}, "app/services/social/gamification_gateway.py": {"executed_lines": [1, 7, 8, 10, 13, 14, 16, 26, 27, 35], "summary": {"covered_lines": 8, "num_statements": 8, "percent_covered": 100.0, "percent_covered_display": "100", "missing_lines": 0, "excluded_lines": 0}, "missing_lines": [], "excluded_lines": []}, "app/services/social/moderation_gateway.py": {"executed_lines": [1, 8, 9, 11, 13, 16, 17, 22, 33, 40, 41, 43, 45, 47, 49, 62, 63, 65, 67, 70, 74], "summary": {"covered_lines": 19, "num_statements": 22, "percent_covered": 86.36363636363636, "percent_covered_display": "86", "missing_lines": 3, "excluded_lines": 0}, "missing_lines": [35, 66, 68], "excluded_lines": []}, "app/services/social/post_read_service.py": {"executed_lines": [1, 7, 8, 9, 11, 14, 15, 17, 28, 29, 33], "summary": {"covered_lines": 9, "num_statements": 9, "percent_covered": 100.0, "percent_covered_display": "100", "missing_lines": 0, "excluded_lines": 0}, "missing_lines": [], "excluded_lines": []}, "app/services/social/post_service.py": {"executed_lines": [3, 4, 5, 7, 8, 14, 15, 17, 18, 21, 22, 25, 27, 29, 30, 31, 34, 43, 52, 56, 62, 63, 65, 66, 69, 70, 71, 73, 76, 77, 78, 79, 80, 81, 92, 93, 94, 96, 99, 100, 101, 102, 114, 115, 129, 130, 132, 133, 134, 137, 142, 143, 147, 154, 155, 161, 164, 165, 166, 170, 172, 187, 188, 190, 191, 192, 195, 200, 202, 204, 208, 211, 214, 220, 222, 224, 227, 228, 230, 231, 232, 233, 235, 236, 240, 245, 246, 248, 251, 253, 254, 255, 258, 267, 272, 278, 281, 282, 284, 285, 288, 297, 298, 300, 301, 302, 305, 306, 308, 309, 310, 315, 316, 319, 327, 328, 330, 331, 333, 334, 343, 348, 349, 351, 352, 353, 355, 359, 361, 365, 367, 372, 373, 375, 376, 377, 379, 381, 387, 388, 394, 395, 397, 398, 399, 401, 402, 404, 414, 420, 421, 423, 424, 425, 428, 429, 431, 441, 449, 450, 452, 453, 455, 456, 457, 458, 460, 472, 479], "summary": {"covered_lines": 168, "num_statements": 220, "percent_covered": 76.36363636363636, "percent_covered_display": "76", "missing_lines": 52, "excluded_lines": 0}, "missing_lines": [44, 45, 46, 58, 59, 64, 85, 86, 88, 89, 103, 104, 108, 109, 111, 112, 116, 117, 144, 184, 185, 212, 237, 238, 242, 243, 249, 274, 275, 283, 311, 312, 313, 314, 345, 346, 369, 370, 390, 392, 416, 418, 432, 433, 434, 435, 436, 437, 438, 439, 474, 475], "excluded_lines": []}, "app/services/social/profile_service.py": {"executed_lines": [1, 7, 8, 9, 11, 13, 14, 15, 16, 23, 24, 25, 26, 28, 31, 32, 34, 44, 45, 46, 47, 48, 49, 51, 60, 61, 62, 63, 65, 67, 68, 71, 72, 75, 76, 77, 80, 81, 82, 88, 93, 95, 97, 108, 111, 112, 113, 122, 123, 126, 129, 132, 135, 138, 141, 142, 143, 145, 148, 158, 159, 169, 171, 183, 184, 186, 187, 188, 189, 191, 202, 205, 206, 207, 213, 214, 215, 219, 220, 224, 228, 229, 231, 232, 233, 235, 236, 237, 239, 240, 241, 243, 244, 245, 247, 248, 249, 251, 252, 253, 254, 255, 257, 260, 272, 274, 276, 277, 278, 279, 283, 285, 290, 292, 293, 295, 300, 301, 302], "summary": {"covered_lines": 117, "num_statements": 124, "percent_covered": 94.35483870967742, "percent_covered_display": "94", "missing_lines": 7, "excluded_lines": 0}, "missing_lines": [69, 70, 124, 160, 221, 225, 287], "excluded_lines": []}, "app/services/social/reaction_service.py": {"executed_lines": [3, 4, 7, 8, 10, 11, 21, 22, 25, 26, 27, 28, 29, 30, 31, 32, 33, 34, 35, 41, 42, 44], "summary": {"covered_lines": 21, "num_statements": 23, "percent_covered": 91.30434782608695, "percent_covered_display": "91", "missing_lines": 2, "excluded_lines": 0}, "missing_lines": [39, 40], "excluded_lines": []}, "app/services/social/report_service.py": {"executed_lines": [3, 4, 5, 6, 7, 9, 12, 13, 15, 19, 23, 24, 44, 45, 47, 48, 51, 52, 55, 56, 58, 60, 61, 62, 63, 75, 77, 79, 88, 89, 90, 92, 93, 107, 108, 109, 111, 112, 114, 115, 116, 118, 119, 121, 122, 124, 125, 126, 138, 140, 141, 142, 144, 145, 164, 170, 171, 172, 175, 176, 177, 180, 194, 196, 197, 199, 200, 201, 203, 204, 215, 216, 217, 219, 227, 229, 230, 231, 240, 242, 243, 244, 246, 247, 249, 250, 251, 253, 254, 255, 256, 257, 258, 260, 262, 264, 265, 266, 268, 269, 275, 276, 277, 279, 280, 282, 293, 295, 296, 297, 299, 300, 307, 308, 309, 312, 318, 321, 327, 330, 331, 337, 339, 346, 347, 348, 355, 356, 367, 368, 369, 372, 379, 381, 382, 384], "summary": {"covered_lines": 135, "num_statements": 135, "percent_covered": 100.0, "percent_covered_display": "100", "missing_lines": 0, "excluded_lines": 0}, "missing_lines": [], "excluded_lines": []}, "app/services/storage.py": {"executed_lines": [1, 2, 3, 4, 5, 6, 8, 10, 13, 14, 17, 19, 20, 22, 23, 25, 26, 28, 29, 31], "summary": {"covered_lines": 20, "num_statements": 20, "percent_covered": 100.0, "percent_covered_display": "100", "missing_lines": 0, "excluded_lines": 3}, "missing_lines": [], "excluded_lines": [32, 33, 34]}, "app/services/taste_learning.py": {"executed_lines": [1, 6, 7, 8, 9, 10, 11, 13, 15, 18, 19, 21, 23, 25, 27, 29, 31, 32, 33, 36, 37, 38, 39, 40, 43, 44, 46, 47, 48, 49, 50, 53, 54, 55, 63, 70, 72, 82, 83, 84, 86, 88, 89, 92, 93, 94, 97, 98, 99, 104, 105, 106, 108, 109, 112, 115, 116, 117, 119, 121, 123, 134, 136, 137, 145, 146, 149, 154, 155, 156, 157, 161, 168, 170, 172, 183, 185, 186, 187, 188, 191, 192, 202, 206, 209, 210, 216, 218, 219, 221, 222, 224, 227, 235, 237, 243, 246, 255, 256, 257, 258, 259, 262, 269, 271, 274, 275, 277, 278, 280, 287, 298, 300, 303, 304, 306, 307, 309, 310, 311, 312, 313, 314, 316, 317, 318, 320, 321, 327, 329, 331, 334, 335, 337, 341, 342, 344, 347, 351, 353, 355, 357, 358, 359, 362, 364, 365, 366, 367, 368, 376, 377, 379, 380, 381, 382, 383, 386, 387, 388, 396, 399, 406, 408, 420, 421, 422, 424, 426, 427, 430, 431, 432, 435, 436, 437, 440, 441, 444, 446, 447, 450, 453, 454, 455, 457, 459, 461, 472, 474, 482, 483, 484, 485, 486, 487, 488, 489, 490, 491, 493, 495, 497, 499, 500, 508, 509, 512, 517, 518, 519, 521, 523, 530, 532, 534, 547, 549, 550, 555, 556, 567, 571, 574, 575, 577, 578, 579, 581, 583, 584, 586, 587, 589, 590, 593, 602, 604, 610, 612, 617, 619, 620, 621, 622, 623, 624, 626, 627, 628, 629, 635, 637, 639, 646, 648, 649, 650, 651, 652, 654, 655, 656, 657, 662, 664, 666, 668, 669, 670, 671, 673, 674, 675, 676, 677, 680, 682, 684, 686, 692, 694, 695, 696, 697, 698, 700, 701, 702, 703, 709, 711, 713, 716, 717, 720, 721, 724, 725, 728, 729, 732, 733, 736, 739, 743], "summary": {"covered_lines": 304, "num_statements": 341, "percent_covered": 89.14956011730206, "percent_covered_display": "89", "missing_lines": 37, "excluded_lines": 0}, "missing_lines": [60, 159, 207, 212, 213, 214, 239, 240, 241, 260, 263, 281, 282, 283, 284, 285, 288, 289, 291, 292, 293, 294, 296, 322, 323, 325, 338, 345, 393, 551, 552, 572, 606, 607, 608, 678, 737], "excluded_lines": []}, "app/services/tracking_service.py": {"executed_lines": [1, 8, 9, 10, 11, 12, 13, 14, 17, 20, 21, 33, 41, 42, 46, 63, 65, 67, 70, 71, 76, 87, 89, 92, 94, 95, 96, 98, 111, 112, 114, 115, 118, 132, 146, 147, 149, 150, 151, 163, 169, 189, 192, 196, 197, 199, 200, 202, 204, 226, 229, 230, 231, 234, 239, 250, 252, 271, 272, 273, 274, 277, 279, 280, 284, 301, 303, 305, 306, 311, 320, 322, 323, 325, 326, 327, 329, 342, 343, 345, 346, 348, 359, 373, 374, 376, 377, 378, 388, 393, 413, 415, 418, 419, 421, 422, 424, 426, 440, 444, 458, 460, 461, 462, 463, 464, 474, 475, 476, 477, 478, 488, 489, 494, 496, 498, 499, 502, 503, 504, 505, 506, 507, 513, 524, 525, 532, 545, 547, 548, 550, 551, 552, 554, 555, 557, 559, 582, 586, 588, 589, 590, 591, 594, 595, 596, 597, 598, 599, 600, 602, 604, 608, 609, 611, 612, 613, 614, 616, 617, 618, 619, 621, 623, 638, 655, 657, 659, 660, 667, 668, 669, 670, 671, 673, 674, 681, 682, 684, 685, 692, 694, 702, 709, 712, 715, 717, 719, 734, 736, 737, 738, 739, 744, 746, 748, 749, 750, 755, 757, 758, 759, 760, 761, 766, 774, 775, 776, 777, 782], "summary": {"covered_lines": 208, "num_statements": 241, "percent_covered": 86.30705394190872, "percent_covered_display": "86", "missing_lines": 33, "excluded_lines": 0}, "missing_lines": [72, 73, 128, 129, 130, 165, 166, 167, 307, 308, 355, 356, 357, 389, 390, 391, 500, 556, 592, 636, 726, 727, 728, 740, 741, 742, 747, 751, 752, 753, 762, 763, 764], "excluded_lines": []}, "app/services/translation_service.py": {"executed_lines": [1, 6, 7, 8, 9, 10, 11, 13, 14, 16, 19, 20, 26, 41, 47, 48, 49, 50, 51, 53, 55, 57, 74, 75, 78, 81, 82, 85, 86, 87, 89, 90, 91, 94, 95, 96, 97, 98, 101, 102, 103, 104, 105, 108, 110, 112, 113, 114, 116, 117, 119, 126, 127, 129, 138, 139, 140, 142, 143, 144, 146, 148, 156, 157, 159, 166, 169, 170, 171, 183, 184, 185, 187, 189, 192, 193, 195, 196, 197, 198, 199, 200, 201, 202, 204, 212, 213, 214, 216, 217, 218, 223, 240, 241, 244, 247, 249, 251, 255, 272, 273, 276, 282, 285, 286, 287, 288, 292, 294, 296, 299, 300, 303, 308, 309, 314, 316, 319, 320, 321, 323, 325, 327, 329, 333, 336, 339, 340, 341], "summary": {"covered_lines": 127, "num_statements": 141, "percent_covered": 90.0709219858156, "percent_covered_display": "90", "missing_lines": 14, "excluded_lines": 0}, "missing_lines": [167, 172, 173, 175, 176, 178, 180, 181, 219, 220, 221, 253, 289, 290], "excluded_lines": []}, "app/services/unit_conversion.py": {"executed_lines": [2, 10, 11, 12, 13, 16, 17, 18, 19, 20, 23, 24, 25, 26, 27, 28, 29, 32, 33, 44, 46, 47, 48, 50, 54, 88, 114, 149, 155, 279, 282, 312, 322, 323, 326, 327, 328, 329, 332, 334, 344, 346, 347, 348, 349, 350, 351, 353, 355, 373, 374, 376, 377, 378, 379, 380, 383, 384, 385, 386, 393, 395, 396, 397, 398, 405, 407, 408, 409, 410, 418, 425, 443, 445, 446, 448, 450, 451, 453, 476, 486, 490, 493, 494, 495, 498, 499, 501, 503, 522, 524, 525, 526, 527, 528, 529, 530, 531, 535, 537, 538, 539, 541, 544, 556, 567, 568, 570, 574], "summary": {"covered_lines": 107, "num_statements": 131, "percent_covered": 81.6793893129771, "percent_covered_display": "82", "missing_lines": 24, "excluded_lines": 0}, "missing_lines": [461, 463, 464, 465, 467, 474, 487, 533, 540, 542, 546, 548, 549, 551, 554, 591, 592, 595, 596, 599, 600, 603, 604, 607], "excluded_lines": []}, "app/services/user_service.py": {"executed_lines": [1, 14, 15, 17, 18, 21, 22, 34, 41, 43, 61, 62, 64, 74, 76, 86, 88, 100, 102, 119, 120, 122, 124], "summary": {"covered_lines": 21, "num_statements": 21, "percent_covered": 100.0, "percent_covered_display": "100", "missing_lines": 0, "excluded_lines": 0}, "missing_lines": [], "excluded_lines": []}, "app/services/vision_analyzer.py": {"executed_lines": [1, 8, 9, 10, 11, 12, 13, 15, 17, 19, 20, 30, 31, 32, 35, 51, 53, 101, 114, 116, 117, 118, 121, 124, 127, 130, 132, 143, 144, 145, 161, 163, 165, 166, 167, 172, 175, 178, 179, 182, 183, 184, 187, 188, 191, 192, 193, 195, 205, 207, 209, 211, 212, 214, 215, 216, 219, 220, 223, 225, 231, 278, 281, 282, 284, 286, 287, 298, 322, 342, 348, 358, 359, 360, 361, 362, 364, 365, 366, 369, 370, 371, 372, 373, 374, 377, 379, 387, 389, 393, 394, 396, 397, 398, 399, 401], "summary": {"covered_lines": 94, "num_statements": 128, "percent_covered": 73.4375, "percent_covered_display": "73", "missing_lines": 34, "excluded_lines": 0}, "missing_lines": [168, 169, 170, 243, 244, 246, 248, 251, 252, 253, 255, 257, 261, 263, 267, 276, 296, 305, 308, 311, 312, 313, 314, 317, 319, 320, 328, 329, 332, 335, 338, 340, 349, 390], "excluded_lines": []}, "app/services/vision_service.py": {"executed_lines": [1, 13, 14, 15, 16, 17, 18, 21, 22, 31, 37, 39, 63, 64, 66, 67, 68, 69, 70, 71, 72, 73, 74, 77, 86, 87, 89, 108, 109, 110, 113, 116, 118, 119, 120, 121, 122, 123, 125, 126, 129, 130, 131, 132, 133, 134, 135, 136, 138, 139, 141, 142, 144, 145, 147, 148, 149, 150, 152, 153, 157, 158, 162, 163, 167, 181, 183, 197, 198, 199, 200, 201, 203, 205, 206, 210, 211, 215, 216, 220, 221, 225, 238, 240, 263, 264, 265, 266, 267, 275, 276], "summary": {"covered_lines": 89, "num_statements": 104, "percent_covered": 85.57692307692308, "percent_covered_display": "86", "missing_lines": 15, "excluded_lines": 0}, "missing_lines": [76, 154, 155, 159, 160, 164, 165, 207, 208, 212, 213, 217, 218, 222, 223], "excluded_lines": []}, "app/utils/__init__.py": {"executed_lines": [1], "summary": {"covered_lines": 0, "num_statements": 0, "percent_covered": 100.0, "percent_covered_display": "100", "missing_lines": 0, "excluded_lines": 0}, "missing_lines": [], "excluded_lines": []}, "app/utils/auth_context.py": {"executed_lines": [1, 6, 7, 8, 9, 11, 13, 26, 28, 29, 30, 33, 36, 39, 42, 43, 44, 48, 49, 51, 52, 53, 56, 57, 58, 67, 82, 84, 85, 93, 106, 108, 109, 112, 113, 116, 117, 118, 119, 121, 122], "summary": {"covered_lines": 40, "num_statements": 49, "percent_covered": 81.63265306122449, "percent_covered_display": "82", "missing_lines": 9, "excluded_lines": 0}, "missing_lines": [34, 45, 46, 54, 60, 61, 62, 64, 90], "excluded_lines": []}, "app/utils/feature_flags.py": {"executed_lines": [1, 7, 8, 11, 21, 22, 28, 35], "summary": {"covered_lines": 7, "num_statements": 7, "percent_covered": 100.0, "percent_covered_display": "100", "missing_lines": 0, "excluded_lines": 0}, "missing_lines": [], "excluded_lines": []}, "app/utils/image_processor.py": {"executed_lines": [1, 8, 9, 10, 11, 13, 15, 16, 18, 19, 25, 26, 27, 28, 29, 30, 32, 33, 40, 41, 42, 43, 44, 45, 47, 48, 59, 60, 62, 63, 70, 71, 72, 73, 74, 76, 77, 88, 89, 90, 92, 93, 104, 105, 107, 111, 112, 113, 114, 115, 126, 127, 130, 131, 132, 138, 139, 156, 158, 163, 165, 166, 172, 173, 188, 189, 191, 192, 202, 203, 204, 209, 210, 217, 218, 229, 230, 231, 239, 248, 249, 260, 261, 263, 267, 270, 271, 272, 280, 282, 283, 284, 285, 286, 287, 290, 292, 293, 294, 295], "summary": {"covered_lines": 98, "num_statements": 123, "percent_covered": 79.67479674796748, "percent_covered_display": "80", "missing_lines": 25, "excluded_lines": 0}, "missing_lines": [108, 117, 119, 120, 121, 123, 134, 135, 136, 159, 168, 169, 170, 205, 206, 207, 236, 237, 241, 242, 243, 264, 274, 275, 276], "excluded_lines": []}, "app/utils/portion_estimator.py": {"executed_lines": [1, 7, 8, 10, 13, 14, 16, 18, 27, 38, 40, 42, 43, 44, 47, 50, 51, 54, 56, 61, 63, 65, 66, 68, 76, 79, 81, 88, 89, 90, 98, 100, 101, 102, 103, 104, 106, 109, 112, 121, 122, 123, 124, 125, 127, 131], "summary": {"covered_lines": 44, "num_statements": 47, "percent_covered": 93.61702127659575, "percent_covered_display": "94", "missing_lines": 3, "excluded_lines": 0}, "missing_lines": [57, 58, 59], "excluded_lines": []}, "app/utils/rate_limiter.py": {"executed_lines": [1, 3, 4, 5, 6, 9, 10, 12, 13, 14, 15, 16, 18, 27, 28, 29, 31, 32, 33, 34, 35, 36, 38, 40, 41], "summary": {"covered_lines": 23, "num_statements": 23, "percent_covered": 100.0, "percent_covered_display": "100", "missing_lines": 0, "excluded_lines": 0}, "missing_lines": [], "excluded_lines": []}}, "totals": {"covered_lines": 13022, "num_statements": 15849, "percent_covered": 82.16291248659222, "percent_covered_display": "82", "missing_lines": 2827, "excluded_lines": 53}}